0.000415
data	200
__annotations__	240
Callable	6032
List	48376
outer_flatten_1	1072
0.001420
data	200
__annotations__	240
Callable	6032
List	48376
outer_flatten_1	1072
0.002792
data	200
__annotations__	240
Callable	6032
List	48376
outer_flatten_1	1072
0.003760
data	200
__annotations__	240
Callable	6032
List	48376
outer_flatten_1	1072
0.005868
data	1008
__annotations__	240
Callable	6032
List	48376
outer_flatten_1	1072
0.007007
data	1008
__annotations__	240
Callable	6032
List	48376
outer_flatten_1	1072
0.009385
data	1008
__annotations__	240
Callable	6032
List	48376
outer_flatten_1	1072
0.010734
data	1008
__annotations__	240
Callable	6032
List	48376
outer_flatten_1	1072
0.014033
data	9768
__annotations__	240
Callable	6032
List	48376
outer_flatten_1	1072
0.016313
data	9768
__annotations__	240
Callable	6032
List	48376
outer_flatten_1	1072
0.021911
data	8928
__annotations__	240
Callable	6032
List	48376
outer_flatten_1	1072
0.024009
data	8928
__annotations__	240
Callable	6032
List	48376
outer_flatten_1	1072
0.025779
data	3680
__annotations__	240
Callable	6032
List	48376
outer_flatten_1	1072
0.028380
data	3680
__annotations__	240
Callable	6032
List	48376
outer_flatten_1	1072
0.031272
data	3136
__annotations__	240
Callable	6032
List	48376
outer_flatten_1	1072
0.033212
data	3136
__annotations__	240
Callable	6032
List	48376
outer_flatten_1	1072
0.034840
data	2368
__annotations__	240
Callable	6032
List	48376
outer_flatten_1	1072
0.036845
data	2368
__annotations__	240
Callable	6032
List	48376
outer_flatten_1	1072
0.038414
data	2120
__annotations__	240
Callable	6032
List	48376
outer_flatten_1	1072
0.040055
data	2120
__annotations__	240
Callable	6032
List	48376
outer_flatten_1	1072
0.041528
data	2880
__annotations__	240
Callable	6032
List	48376
outer_flatten_1	1072
0.043442
data	2880
__annotations__	240
Callable	6032
List	48376
outer_flatten_1	1072
0.046830
data	2112
__annotations__	240
Callable	6032
List	48376
outer_flatten_1	1072
0.049747
data	2112
__annotations__	240
Callable	6032
List	48376
outer_flatten_1	1072
0.069462
data	9112
__annotations__	240
Callable	6032
List	48376
outer_flatten_1	1072
0.072667
data	9112
__annotations__	240
Callable	6032
List	48376
outer_flatten_1	1072
0.092584
data	9112
__annotations__	240
Callable	6032
List	48376
outer_flatten_1	1072
0.098094
data	9112
__annotations__	240
Callable	6032
List	48376
outer_flatten_1	1072
0.114217
data	89152
__annotations__	240
Callable	6032
List	48376
outer_flatten_1	1072
0.131718
data	89152
__annotations__	240
Callable	6032
List	48376
outer_flatten_1	1072
0.156675
data	88312
__annotations__	240
Callable	6032
List	48376
outer_flatten_1	1072
0.171128
data	88312
__annotations__	240
Callable	6032
List	48376
outer_flatten_1	1072
0.179930
data	30680
__annotations__	240
Callable	6032
List	48376
outer_flatten_1	1072
0.193046
data	30680
__annotations__	240
Callable	6032
List	48376
outer_flatten_1	1072
0.203241
data	30136
__annotations__	240
Callable	6032
List	48376
outer_flatten_1	1072
0.213154
data	30136
__annotations__	240
Callable	6032
List	48376
outer_flatten_1	1072
0.221709
data	20648
__annotations__	240
Callable	6032
List	48376
outer_flatten_1	1072
0.230003
data	20648
__annotations__	240
Callable	6032
List	48376
outer_flatten_1	1072
0.238680
data	20344
__annotations__	240
Callable	6032
List	48376
outer_flatten_1	1072
0.247890
data	20344
__annotations__	240
Callable	6032
List	48376
outer_flatten_1	1072
0.252999
data	21072
__annotations__	240
Callable	6032
List	48376
outer_flatten_1	1072
0.263946
data	21072
__annotations__	240
Callable	6032
List	48376
outer_flatten_1	1072
0.269093
data	20296
__annotations__	240
Callable	6032
List	48376
outer_flatten_1	1072
0.277536
data	20296
__annotations__	240
Callable	6032
List	48376
outer_flatten_1	1072
0.301125
data	104808
__annotations__	240
Callable	6032
List	48376
outer_flatten_1	1072
0.368670
data	104808
__annotations__	240
Callable	6032
List	48376
outer_flatten_1	1072
0.388344
data	95328
__annotations__	240
Callable	6032
List	48376
outer_flatten_1	1072
0.452171
data	95328
__annotations__	240
Callable	6032
List	48376
outer_flatten_1	1072
0.458584
data	19440
__annotations__	240
Callable	6032
List	48376
outer_flatten_1	1072
0.548119
data	19440
__annotations__	240
Callable	6032
List	48376
outer_flatten_1	1072
0.552491
data	13680
__annotations__	240
Callable	6032
List	48376
outer_flatten_1	1072
0.579113
data	13680
__annotations__	240
Callable	6032
List	48376
outer_flatten_1	1072
0.585540
data	18240
__annotations__	240
Callable	6032
List	48376
outer_flatten_1	1072
0.682575
data	18240
__annotations__	240
Callable	6032
List	48376
outer_flatten_1	1072
0.688616
data	10560
__annotations__	240
Callable	6032
List	48376
outer_flatten_1	1072
0.703692
data	10560
__annotations__	240
Callable	6032
List	48376
outer_flatten_1	1072
0.708421
data	18584
__annotations__	240
Callable	6032
List	48376
outer_flatten_1	1072
0.808364
data	18584
__annotations__	240
Callable	6032
List	48376
outer_flatten_1	1072
0.812239
data	10248
__annotations__	240
Callable	6032
List	48376
outer_flatten_1	1072
0.824414
data	10248
__annotations__	240
Callable	6032
List	48376
outer_flatten_1	1072
0.828899
data	17760
__annotations__	240
Callable	6032
List	48376
outer_flatten_1	1072
0.930376
data	17760
__annotations__	240
Callable	6032
List	48376
outer_flatten_1	1072
0.934190
data	9120
__annotations__	240
Callable	6032
List	48376
outer_flatten_1	1072
0.941832
data	9120
__annotations__	240
Callable	6032
List	48376
outer_flatten_1	1072
