0.000422
data	200
__annotations__	240
Callable	6032
List	48376
outer_flatten_1	1072
0.001494
data	200
__annotations__	240
Callable	6032
List	48376
outer_flatten_1	1072
0.002621
data	200
__annotations__	240
Callable	6032
List	48376
outer_flatten_1	1072
0.003601
data	200
__annotations__	240
Callable	6032
List	48376
outer_flatten_1	1072
0.005731
data	1008
__annotations__	240
Callable	6032
List	48376
outer_flatten_1	1072
0.006884
data	1008
__annotations__	240
Callable	6032
List	48376
outer_flatten_1	1072
0.009326
data	1008
__annotations__	240
Callable	6032
List	48376
outer_flatten_1	1072
0.010569
data	1008
__annotations__	240
Callable	6032
List	48376
outer_flatten_1	1072
0.013029
data	9768
__annotations__	240
Callable	6032
List	48376
outer_flatten_1	1072
0.014567
data	9768
__annotations__	240
Callable	6032
List	48376
outer_flatten_1	1072
0.017350
data	8928
__annotations__	240
Callable	6032
List	48376
outer_flatten_1	1072
0.020842
data	8928
__annotations__	240
Callable	6032
List	48376
outer_flatten_1	1072
0.024785
data	3680
__annotations__	240
Callable	6032
List	48376
outer_flatten_1	1072
0.026216
data	3680
__annotations__	240
Callable	6032
List	48376
outer_flatten_1	1072
0.028008
data	3136
__annotations__	240
Callable	6032
List	48376
outer_flatten_1	1072
0.029307
data	3136
__annotations__	240
Callable	6032
List	48376
outer_flatten_1	1072
0.030780
data	2368
__annotations__	240
Callable	6032
List	48376
outer_flatten_1	1072
0.032045
data	2368
__annotations__	240
Callable	6032
List	48376
outer_flatten_1	1072
0.033478
data	2120
__annotations__	240
Callable	6032
List	48376
outer_flatten_1	1072
0.034647
data	2120
__annotations__	240
Callable	6032
List	48376
outer_flatten_1	1072
0.036025
data	2880
__annotations__	240
Callable	6032
List	48376
outer_flatten_1	1072
0.037218
data	2880
__annotations__	240
Callable	6032
List	48376
outer_flatten_1	1072
0.039030
data	2112
__annotations__	240
Callable	6032
List	48376
outer_flatten_1	1072
0.042413
data	2112
__annotations__	240
Callable	6032
List	48376
outer_flatten_1	1072
0.058553
data	9112
__annotations__	240
Callable	6032
List	48376
outer_flatten_1	1072
0.064527
data	9112
__annotations__	240
Callable	6032
List	48376
outer_flatten_1	1072
0.081808
data	9112
__annotations__	240
Callable	6032
List	48376
outer_flatten_1	1072
0.085656
data	9112
__annotations__	240
Callable	6032
List	48376
outer_flatten_1	1072
0.102425
data	89152
__annotations__	240
Callable	6032
List	48376
outer_flatten_1	1072
0.109302
data	89152
__annotations__	240
Callable	6032
List	48376
outer_flatten_1	1072
0.130838
data	88312
__annotations__	240
Callable	6032
List	48376
outer_flatten_1	1072
0.137811
data	88312
__annotations__	240
Callable	6032
List	48376
outer_flatten_1	1072
0.149782
data	30680
__annotations__	240
Callable	6032
List	48376
outer_flatten_1	1072
0.153919
data	30680
__annotations__	240
Callable	6032
List	48376
outer_flatten_1	1072
0.163891
data	30136
__annotations__	240
Callable	6032
List	48376
outer_flatten_1	1072
0.167994
data	30136
__annotations__	240
Callable	6032
List	48376
outer_flatten_1	1072
0.173748
data	20648
__annotations__	240
Callable	6032
List	48376
outer_flatten_1	1072
0.178662
data	20648
__annotations__	240
Callable	6032
List	48376
outer_flatten_1	1072
0.184731
data	20344
__annotations__	240
Callable	6032
List	48376
outer_flatten_1	1072
0.188295
data	20344
__annotations__	240
Callable	6032
List	48376
outer_flatten_1	1072
0.194910
data	21072
__annotations__	240
Callable	6032
List	48376
outer_flatten_1	1072
0.199217
data	21072
__annotations__	240
Callable	6032
List	48376
outer_flatten_1	1072
0.204472
data	20296
__annotations__	240
Callable	6032
List	48376
outer_flatten_1	1072
0.208117
data	20296
__annotations__	240
Callable	6032
List	48376
outer_flatten_1	1072
0.227272
data	104808
__annotations__	240
Callable	6032
List	48376
outer_flatten_1	1072
0.234535
data	104808
__annotations__	240
Callable	6032
List	48376
outer_flatten_1	1072
0.255349
data	95328
__annotations__	240
Callable	6032
List	48376
outer_flatten_1	1072
0.262266
data	95328
__annotations__	240
Callable	6032
List	48376
outer_flatten_1	1072
0.269595
data	19440
__annotations__	240
Callable	6032
List	48376
outer_flatten_1	1072
0.276517
data	19440
__annotations__	240
Callable	6032
List	48376
outer_flatten_1	1072
0.280701
data	13680
__annotations__	240
Callable	6032
List	48376
outer_flatten_1	1072
0.283803
data	13680
__annotations__	240
Callable	6032
List	48376
outer_flatten_1	1072
0.288226
data	18240
__annotations__	240
Callable	6032
List	48376
outer_flatten_1	1072
0.291535
data	18240
__annotations__	240
Callable	6032
List	48376
outer_flatten_1	1072
0.295588
data	10560
__annotations__	240
Callable	6032
List	48376
outer_flatten_1	1072
0.299272
data	10560
__annotations__	240
Callable	6032
List	48376
outer_flatten_1	1072
0.306585
data	18584
__annotations__	240
Callable	6032
List	48376
outer_flatten_1	1072
0.309977
data	18584
__annotations__	240
Callable	6032
List	48376
outer_flatten_1	1072
0.316059
data	10248
__annotations__	240
Callable	6032
List	48376
outer_flatten_1	1072
0.319207
data	10248
__annotations__	240
Callable	6032
List	48376
outer_flatten_1	1072
0.323860
data	17760
__annotations__	240
Callable	6032
List	48376
outer_flatten_1	1072
0.327190
data	17760
__annotations__	240
Callable	6032
List	48376
outer_flatten_1	1072
0.332024
data	9120
__annotations__	240
Callable	6032
List	48376
outer_flatten_1	1072
0.337688
data	9120
__annotations__	240
Callable	6032
List	48376
outer_flatten_1	1072
