0.000428
data	200
__annotations__	240
Callable	6032
List	48376
outer_flatten_1	1072
0.001521
data	200
__annotations__	240
Callable	6032
List	48376
outer_flatten_1	1072
0.002651
data	200
__annotations__	240
Callable	6032
List	48376
outer_flatten_1	1072
0.003601
data	200
__annotations__	240
Callable	6032
List	48376
outer_flatten_1	1072
0.005740
data	1008
__annotations__	240
Callable	6032
List	48376
outer_flatten_1	1072
0.006825
data	1008
__annotations__	240
Callable	6032
List	48376
outer_flatten_1	1072
0.009118
data	1008
__annotations__	240
Callable	6032
List	48376
outer_flatten_1	1072
0.010350
data	1008
__annotations__	240
Callable	6032
List	48376
outer_flatten_1	1072
0.012830
data	9768
__annotations__	240
Callable	6032
List	48376
outer_flatten_1	1072
0.014716
data	9768
__annotations__	240
Callable	6032
List	48376
outer_flatten_1	1072
0.017288
data	8928
__annotations__	240
Callable	6032
List	48376
outer_flatten_1	1072
0.019062
data	8928
__annotations__	240
Callable	6032
List	48376
outer_flatten_1	1072
0.020842
data	3680
__annotations__	240
Callable	6032
List	48376
outer_flatten_1	1072
0.022676
data	3680
__annotations__	240
Callable	6032
List	48376
outer_flatten_1	1072
0.025039
data	3136
__annotations__	240
Callable	6032
List	48376
outer_flatten_1	1072
0.026490
data	3136
__annotations__	240
Callable	6032
List	48376
outer_flatten_1	1072
0.028043
data	2368
__annotations__	240
Callable	6032
List	48376
outer_flatten_1	1072
0.029301
data	2368
__annotations__	240
Callable	6032
List	48376
outer_flatten_1	1072
0.030707
data	2120
__annotations__	240
Callable	6032
List	48376
outer_flatten_1	1072
0.032004
data	2120
__annotations__	240
Callable	6032
List	48376
outer_flatten_1	1072
0.033484
data	2880
__annotations__	240
Callable	6032
List	48376
outer_flatten_1	1072
0.034754
data	2880
__annotations__	240
Callable	6032
List	48376
outer_flatten_1	1072
0.037277
data	2112
__annotations__	240
Callable	6032
List	48376
outer_flatten_1	1072
0.040239
data	2112
__annotations__	240
Callable	6032
List	48376
outer_flatten_1	1072
0.057458
data	9112
__annotations__	240
Callable	6032
List	48376
outer_flatten_1	1072
0.060263
data	9112
__annotations__	240
Callable	6032
List	48376
outer_flatten_1	1072
0.079742
data	9112
__annotations__	240
Callable	6032
List	48376
outer_flatten_1	1072
0.082386
data	9112
__annotations__	240
Callable	6032
List	48376
outer_flatten_1	1072
0.100138
data	89152
__annotations__	240
Callable	6032
List	48376
outer_flatten_1	1072
0.112418
data	89152
__annotations__	240
Callable	6032
List	48376
outer_flatten_1	1072
0.132685
data	88312
__annotations__	240
Callable	6032
List	48376
outer_flatten_1	1072
0.143077
data	88312
__annotations__	240
Callable	6032
List	48376
outer_flatten_1	1072
0.153013
data	30680
__annotations__	240
Callable	6032
List	48376
outer_flatten_1	1072
0.160720
data	30680
__annotations__	240
Callable	6032
List	48376
outer_flatten_1	1072
0.169122
data	30136
__annotations__	240
Callable	6032
List	48376
outer_flatten_1	1072
0.174107
data	30136
__annotations__	240
Callable	6032
List	48376
outer_flatten_1	1072
0.180664
data	20648
__annotations__	240
Callable	6032
List	48376
outer_flatten_1	1072
0.186563
data	20648
__annotations__	240
Callable	6032
List	48376
outer_flatten_1	1072
0.192454
data	20344
__annotations__	240
Callable	6032
List	48376
outer_flatten_1	1072
0.196275
data	20344
__annotations__	240
Callable	6032
List	48376
outer_flatten_1	1072
0.201010
data	21072
__annotations__	240
Callable	6032
List	48376
outer_flatten_1	1072
0.204976
data	21072
__annotations__	240
Callable	6032
List	48376
outer_flatten_1	1072
0.211085
data	20296
__annotations__	240
Callable	6032
List	48376
outer_flatten_1	1072
0.215570
data	20296
__annotations__	240
Callable	6032
List	48376
outer_flatten_1	1072
0.233845
data	104808
__annotations__	240
Callable	6032
List	48376
outer_flatten_1	1072
0.247822
data	104808
__annotations__	240
Callable	6032
List	48376
outer_flatten_1	1072
0.267561
data	95328
__annotations__	240
Callable	6032
List	48376
outer_flatten_1	1072
0.281935
data	95328
__annotations__	240
Callable	6032
List	48376
outer_flatten_1	1072
0.289075
data	19440
__annotations__	240
Callable	6032
List	48376
outer_flatten_1	1072
0.292500
data	19440
__annotations__	240
Callable	6032
List	48376
outer_flatten_1	1072
0.296699
data	13680
__annotations__	240
Callable	6032
List	48376
outer_flatten_1	1072
0.299545
data	13680
__annotations__	240
Callable	6032
List	48376
outer_flatten_1	1072
0.304598
data	18240
__annotations__	240
Callable	6032
List	48376
outer_flatten_1	1072
0.308001
data	18240
__annotations__	240
Callable	6032
List	48376
outer_flatten_1	1072
0.312104
data	10560
__annotations__	240
Callable	6032
List	48376
outer_flatten_1	1072
0.314977
data	10560
__annotations__	240
Callable	6032
List	48376
outer_flatten_1	1072
0.321586
data	18584
__annotations__	240
Callable	6032
List	48376
outer_flatten_1	1072
0.325037
data	18584
__annotations__	240
Callable	6032
List	48376
outer_flatten_1	1072
0.328903
data	10248
__annotations__	240
Callable	6032
List	48376
outer_flatten_1	1072
0.331580
data	10248
__annotations__	240
Callable	6032
List	48376
outer_flatten_1	1072
0.338109
data	17760
__annotations__	240
Callable	6032
List	48376
outer_flatten_1	1072
0.341582
data	17760
__annotations__	240
Callable	6032
List	48376
outer_flatten_1	1072
0.348897
data	9120
__annotations__	240
Callable	6032
List	48376
outer_flatten_1	1072
0.351586
data	9120
__annotations__	240
Callable	6032
List	48376
outer_flatten_1	1072
