0.000431
data	200
__annotations__	240
Callable	6032
List	48376
outer_flatten_1	1072
0.001470
data	200
__annotations__	240
Callable	6032
List	48376
outer_flatten_1	1072
0.002610
data	200
__annotations__	240
Callable	6032
List	48376
outer_flatten_1	1072
0.003541
data	200
__annotations__	240
Callable	6032
List	48376
outer_flatten_1	1072
0.005632
data	1008
__annotations__	240
Callable	6032
List	48376
outer_flatten_1	1072
0.006735
data	1008
__annotations__	240
Callable	6032
List	48376
outer_flatten_1	1072
0.009127
data	1008
__annotations__	240
Callable	6032
List	48376
outer_flatten_1	1072
0.010901
data	1008
__annotations__	240
Callable	6032
List	48376
outer_flatten_1	1072
0.014202
data	9768
__annotations__	240
Callable	6032
List	48376
outer_flatten_1	1072
0.016495
data	9768
__annotations__	240
Callable	6032
List	48376
outer_flatten_1	1072
0.019106
data	8928
__annotations__	240
Callable	6032
List	48376
outer_flatten_1	1072
0.020701
data	8928
__annotations__	240
Callable	6032
List	48376
outer_flatten_1	1072
0.022512
data	3680
__annotations__	240
Callable	6032
List	48376
outer_flatten_1	1072
0.023828
data	3680
__annotations__	240
Callable	6032
List	48376
outer_flatten_1	1072
0.025543
data	3136
__annotations__	240
Callable	6032
List	48376
outer_flatten_1	1072
0.027709
data	3136
__annotations__	240
Callable	6032
List	48376
outer_flatten_1	1072
0.030279
data	2368
__annotations__	240
Callable	6032
List	48376
outer_flatten_1	1072
0.033237
data	2368
__annotations__	240
Callable	6032
List	48376
outer_flatten_1	1072
0.034766
data	2120
__annotations__	240
Callable	6032
List	48376
outer_flatten_1	1072
0.035913
data	2120
__annotations__	240
Callable	6032
List	48376
outer_flatten_1	1072
0.037311
data	2880
__annotations__	240
Callable	6032
List	48376
outer_flatten_1	1072
0.038489
data	2880
__annotations__	240
Callable	6032
List	48376
outer_flatten_1	1072
0.039979
data	2112
__annotations__	240
Callable	6032
List	48376
outer_flatten_1	1072
0.041201
data	2112
__annotations__	240
Callable	6032
List	48376
outer_flatten_1	1072
0.058975
data	9112
__annotations__	240
Callable	6032
List	48376
outer_flatten_1	1072
0.063040
data	9112
__annotations__	240
Callable	6032
List	48376
outer_flatten_1	1072
0.084955
data	9112
__annotations__	240
Callable	6032
List	48376
outer_flatten_1	1072
0.087366
data	9112
__annotations__	240
Callable	6032
List	48376
outer_flatten_1	1072
0.104344
data	89152
__annotations__	240
Callable	6032
List	48376
outer_flatten_1	1072
0.113450
data	89152
__annotations__	240
Callable	6032
List	48376
outer_flatten_1	1072
0.133211
data	88312
__annotations__	240
Callable	6032
List	48376
outer_flatten_1	1072
0.141076
data	88312
__annotations__	240
Callable	6032
List	48376
outer_flatten_1	1072
0.149951
data	30680
__annotations__	240
Callable	6032
List	48376
outer_flatten_1	1072
0.155925
data	30680
__annotations__	240
Callable	6032
List	48376
outer_flatten_1	1072
0.165995
data	30136
__annotations__	240
Callable	6032
List	48376
outer_flatten_1	1072
0.170296
data	30136
__annotations__	240
Callable	6032
List	48376
outer_flatten_1	1072
0.175926
data	20648
__annotations__	240
Callable	6032
List	48376
outer_flatten_1	1072
0.179223
data	20648
__annotations__	240
Callable	6032
List	48376
outer_flatten_1	1072
0.185776
data	20344
__annotations__	240
Callable	6032
List	48376
outer_flatten_1	1072
0.189127
data	20344
__annotations__	240
Callable	6032
List	48376
outer_flatten_1	1072
0.193885
data	21072
__annotations__	240
Callable	6032
List	48376
outer_flatten_1	1072
0.197927
data	21072
__annotations__	240
Callable	6032
List	48376
outer_flatten_1	1072
0.204039
data	20296
__annotations__	240
Callable	6032
List	48376
outer_flatten_1	1072
0.207033
data	20296
__annotations__	240
Callable	6032
List	48376
outer_flatten_1	1072
0.225970
data	104808
__annotations__	240
Callable	6032
List	48376
outer_flatten_1	1072
0.235422
data	104808
__annotations__	240
Callable	6032
List	48376
outer_flatten_1	1072
0.257142
data	95328
__annotations__	240
Callable	6032
List	48376
outer_flatten_1	1072
0.268776
data	95328
__annotations__	240
Callable	6032
List	48376
outer_flatten_1	1072
0.276106
data	19440
__annotations__	240
Callable	6032
List	48376
outer_flatten_1	1072
0.281614
data	19440
__annotations__	240
Callable	6032
List	48376
outer_flatten_1	1072
0.285848
data	13680
__annotations__	240
Callable	6032
List	48376
outer_flatten_1	1072
0.288427
data	13680
__annotations__	240
Callable	6032
List	48376
outer_flatten_1	1072
0.292859
data	18240
__annotations__	240
Callable	6032
List	48376
outer_flatten_1	1072
0.295986
data	18240
__annotations__	240
Callable	6032
List	48376
outer_flatten_1	1072
0.299891
data	10560
__annotations__	240
Callable	6032
List	48376
outer_flatten_1	1072
0.302399
data	10560
__annotations__	240
Callable	6032
List	48376
outer_flatten_1	1072
0.308017
data	18584
__annotations__	240
Callable	6032
List	48376
outer_flatten_1	1072
0.311217
data	18584
__annotations__	240
Callable	6032
List	48376
outer_flatten_1	1072
0.315008
data	10248
__annotations__	240
Callable	6032
List	48376
outer_flatten_1	1072
0.320577
data	10248
__annotations__	240
Callable	6032
List	48376
outer_flatten_1	1072
0.325107
data	17760
__annotations__	240
Callable	6032
List	48376
outer_flatten_1	1072
0.329579
data	17760
__annotations__	240
Callable	6032
List	48376
outer_flatten_1	1072
0.335753
data	9120
__annotations__	240
Callable	6032
List	48376
outer_flatten_1	1072
0.338879
data	9120
__annotations__	240
Callable	6032
List	48376
outer_flatten_1	1072
