0.000460
data	200
__annotations__	240
Callable	6032
List	47976
outer_flatten_1	1072
0.002746
data	200
__annotations__	240
Callable	6032
List	47976
outer_flatten_1	1072
0.004104
data	200
__annotations__	240
Callable	6032
List	47976
outer_flatten_1	1072
0.005096
data	200
__annotations__	240
Callable	6032
List	47976
outer_flatten_1	1072
0.007223
data	1008
__annotations__	240
Callable	6032
List	47976
outer_flatten_1	1072
0.008364
data	1008
__annotations__	240
Callable	6032
List	47976
outer_flatten_1	1072
0.010719
data	1008
__annotations__	240
Callable	6032
List	47976
outer_flatten_1	1072
0.012641
data	1008
__annotations__	240
Callable	6032
List	47976
outer_flatten_1	1072
0.015693
data	9768
__annotations__	240
Callable	6032
List	47976
outer_flatten_1	1072
0.017964
data	9768
__annotations__	240
Callable	6032
List	47976
outer_flatten_1	1072
0.021841
data	8928
__annotations__	240
Callable	6032
List	47976
outer_flatten_1	1072
0.023504
data	8928
__annotations__	240
Callable	6032
List	47976
outer_flatten_1	1072
0.025313
data	3680
__annotations__	240
Callable	6032
List	47976
outer_flatten_1	1072
0.026853
data	3680
__annotations__	240
Callable	6032
List	47976
outer_flatten_1	1072
0.029180
data	3136
__annotations__	240
Callable	6032
List	47976
outer_flatten_1	1072
0.031644
data	3136
__annotations__	240
Callable	6032
List	47976
outer_flatten_1	1072
0.033924
data	2368
__annotations__	240
Callable	6032
List	47976
outer_flatten_1	1072
0.035725
data	2368
__annotations__	240
Callable	6032
List	47976
outer_flatten_1	1072
0.037241
data	2120
__annotations__	240
Callable	6032
List	47976
outer_flatten_1	1072
0.038481
data	2120
__annotations__	240
Callable	6032
List	47976
outer_flatten_1	1072
0.039881
data	2880
__annotations__	240
Callable	6032
List	47976
outer_flatten_1	1072
0.041412
data	2880
__annotations__	240
Callable	6032
List	47976
outer_flatten_1	1072
0.042808
data	2112
__annotations__	240
Callable	6032
List	47976
outer_flatten_1	1072
0.044673
data	2112
__annotations__	240
Callable	6032
List	47976
outer_flatten_1	1072
0.062074
data	9112
__annotations__	240
Callable	6032
List	47976
outer_flatten_1	1072
0.065060
data	9112
__annotations__	240
Callable	6032
List	47976
outer_flatten_1	1072
0.085107
data	9112
__annotations__	240
Callable	6032
List	47976
outer_flatten_1	1072
0.088448
data	9112
__annotations__	240
Callable	6032
List	47976
outer_flatten_1	1072
0.105634
data	89152
__annotations__	240
Callable	6032
List	47976
outer_flatten_1	1072
0.113410
data	89152
__annotations__	240
Callable	6032
List	47976
outer_flatten_1	1072
0.134473
data	88312
__annotations__	240
Callable	6032
List	47976
outer_flatten_1	1072
0.142344
data	88312
__annotations__	240
Callable	6032
List	47976
outer_flatten_1	1072
0.152254
data	30680
__annotations__	240
Callable	6032
List	47976
outer_flatten_1	1072
0.157241
data	30680
__annotations__	240
Callable	6032
List	47976
outer_flatten_1	1072
0.168024
data	30136
__annotations__	240
Callable	6032
List	47976
outer_flatten_1	1072
0.172930
data	30136
__annotations__	240
Callable	6032
List	47976
outer_flatten_1	1072
0.180725
data	20648
__annotations__	240
Callable	6032
List	47976
outer_flatten_1	1072
0.186298
data	20648
__annotations__	240
Callable	6032
List	47976
outer_flatten_1	1072
0.192174
data	20344
__annotations__	240
Callable	6032
List	47976
outer_flatten_1	1072
0.199362
data	20344
__annotations__	240
Callable	6032
List	47976
outer_flatten_1	1072
0.204506
data	21072
__annotations__	240
Callable	6032
List	47976
outer_flatten_1	1072
0.209369
data	21072
__annotations__	240
Callable	6032
List	47976
outer_flatten_1	1072
0.218098
data	20296
__annotations__	240
Callable	6032
List	47976
outer_flatten_1	1072
0.222088
data	20296
__annotations__	240
Callable	6032
List	47976
outer_flatten_1	1072
0.241054
data	104808
__annotations__	240
Callable	6032
List	47976
outer_flatten_1	1072
0.251519
data	104808
__annotations__	240
Callable	6032
List	47976
outer_flatten_1	1072
0.271297
data	95328
__annotations__	240
Callable	6032
List	47976
outer_flatten_1	1072
0.281034
data	95328
__annotations__	240
Callable	6032
List	47976
outer_flatten_1	1072
0.290106
data	19440
__annotations__	240
Callable	6032
List	47976
outer_flatten_1	1072
0.294460
data	19440
__annotations__	240
Callable	6032
List	47976
outer_flatten_1	1072
0.298602
data	13680
__annotations__	240
Callable	6032
List	47976
outer_flatten_1	1072
0.302316
data	13680
__annotations__	240
Callable	6032
List	47976
outer_flatten_1	1072
0.307863
data	18240
__annotations__	240
Callable	6032
List	47976
outer_flatten_1	1072
0.314107
data	18240
__annotations__	240
Callable	6032
List	47976
outer_flatten_1	1072
0.318146
data	10560
__annotations__	240
Callable	6032
List	47976
outer_flatten_1	1072
0.321688
data	10560
__annotations__	240
Callable	6032
List	47976
outer_flatten_1	1072
0.326088
data	18584
__annotations__	240
Callable	6032
List	47976
outer_flatten_1	1072
0.330462
data	18584
__annotations__	240
Callable	6032
List	47976
outer_flatten_1	1072
0.335761
data	10248
__annotations__	240
Callable	6032
List	47976
outer_flatten_1	1072
0.342271
data	10248
__annotations__	240
Callable	6032
List	47976
outer_flatten_1	1072
0.346787
data	17760
__annotations__	240
Callable	6032
List	47976
outer_flatten_1	1072
0.351065
data	17760
__annotations__	240
Callable	6032
List	47976
outer_flatten_1	1072
0.354759
data	9120
__annotations__	240
Callable	6032
List	47976
outer_flatten_1	1072
0.358264
data	9120
__annotations__	240
Callable	6032
List	47976
outer_flatten_1	1072
