0.000843
data	200
__annotations__	240
Callable	6032
List	48376
outer_flatten_1	1072
0.002046
data	200
__annotations__	240
Callable	6032
List	48376
outer_flatten_1	1072
0.003363
data	200
__annotations__	240
Callable	6032
List	48376
outer_flatten_1	1072
0.004577
data	200
__annotations__	240
Callable	6032
List	48376
outer_flatten_1	1072
0.006833
data	1008
__annotations__	240
Callable	6032
List	48376
outer_flatten_1	1072
0.008041
data	1008
__annotations__	240
Callable	6032
List	48376
outer_flatten_1	1072
0.011238
data	1008
__annotations__	240
Callable	6032
List	48376
outer_flatten_1	1072
0.012802
data	1008
__annotations__	240
Callable	6032
List	48376
outer_flatten_1	1072
0.016423
data	9768
__annotations__	240
Callable	6032
List	48376
outer_flatten_1	1072
0.018604
data	9768
__annotations__	240
Callable	6032
List	48376
outer_flatten_1	1072
0.021286
data	8928
__annotations__	240
Callable	6032
List	48376
outer_flatten_1	1072
0.025384
data	8928
__annotations__	240
Callable	6032
List	48376
outer_flatten_1	1072
0.029802
data	3680
__annotations__	240
Callable	6032
List	48376
outer_flatten_1	1072
0.031883
data	3680
__annotations__	240
Callable	6032
List	48376
outer_flatten_1	1072
0.033658
data	3136
__annotations__	240
Callable	6032
List	48376
outer_flatten_1	1072
0.035555
data	3136
__annotations__	240
Callable	6032
List	48376
outer_flatten_1	1072
0.038868
data	2368
__annotations__	240
Callable	6032
List	48376
outer_flatten_1	1072
0.042705
data	2368
__annotations__	240
Callable	6032
List	48376
outer_flatten_1	1072
0.044339
data	2120
__annotations__	240
Callable	6032
List	48376
outer_flatten_1	1072
0.046389
data	2120
__annotations__	240
Callable	6032
List	48376
outer_flatten_1	1072
0.047943
data	2880
__annotations__	240
Callable	6032
List	48376
outer_flatten_1	1072
0.049769
data	2880
__annotations__	240
Callable	6032
List	48376
outer_flatten_1	1072
0.051145
data	2112
__annotations__	240
Callable	6032
List	48376
outer_flatten_1	1072
0.053401
data	2112
__annotations__	240
Callable	6032
List	48376
outer_flatten_1	1072
0.075881
data	9112
__annotations__	240
Callable	6032
List	48376
outer_flatten_1	1072
0.078294
data	9112
__annotations__	240
Callable	6032
List	48376
outer_flatten_1	1072
0.096387
data	9112
__annotations__	240
Callable	6032
List	48376
outer_flatten_1	1072
0.098847
data	9112
__annotations__	240
Callable	6032
List	48376
outer_flatten_1	1072
0.115747
data	89152
__annotations__	240
Callable	6032
List	48376
outer_flatten_1	1072
0.131289
data	89152
__annotations__	240
Callable	6032
List	48376
outer_flatten_1	1072
0.149310
data	88312
__annotations__	240
Callable	6032
List	48376
outer_flatten_1	1072
0.164657
data	88312
__annotations__	240
Callable	6032
List	48376
outer_flatten_1	1072
0.173695
data	30680
__annotations__	240
Callable	6032
List	48376
outer_flatten_1	1072
0.186419
data	30680
__annotations__	240
Callable	6032
List	48376
outer_flatten_1	1072
0.195469
data	30136
__annotations__	240
Callable	6032
List	48376
outer_flatten_1	1072
0.208069
data	30136
__annotations__	240
Callable	6032
List	48376
outer_flatten_1	1072
0.214115
data	20648
__annotations__	240
Callable	6032
List	48376
outer_flatten_1	1072
0.226282
data	20648
__annotations__	240
Callable	6032
List	48376
outer_flatten_1	1072
0.232440
data	20344
__annotations__	240
Callable	6032
List	48376
outer_flatten_1	1072
0.242175
data	20344
__annotations__	240
Callable	6032
List	48376
outer_flatten_1	1072
0.249874
data	21072
__annotations__	240
Callable	6032
List	48376
outer_flatten_1	1072
0.263229
data	21072
__annotations__	240
Callable	6032
List	48376
outer_flatten_1	1072
0.272485
data	20296
__annotations__	240
Callable	6032
List	48376
outer_flatten_1	1072
0.284976
data	20296
__annotations__	240
Callable	6032
List	48376
outer_flatten_1	1072
0.304340
data	104808
__annotations__	240
Callable	6032
List	48376
outer_flatten_1	1072
0.393775
data	104808
__annotations__	240
Callable	6032
List	48376
outer_flatten_1	1072
0.415132
data	95328
__annotations__	240
Callable	6032
List	48376
outer_flatten_1	1072
0.497758
data	95328
__annotations__	240
Callable	6032
List	48376
outer_flatten_1	1072
0.504127
data	19440
__annotations__	240
Callable	6032
List	48376
outer_flatten_1	1072
0.540409
data	19440
__annotations__	240
Callable	6032
List	48376
outer_flatten_1	1072
0.544916
data	13680
__annotations__	240
Callable	6032
List	48376
outer_flatten_1	1072
0.580494
data	13680
__annotations__	240
Callable	6032
List	48376
outer_flatten_1	1072
0.585055
data	18240
__annotations__	240
Callable	6032
List	48376
outer_flatten_1	1072
0.604598
data	18240
__annotations__	240
Callable	6032
List	48376
outer_flatten_1	1072
0.608673
data	10560
__annotations__	240
Callable	6032
List	48376
outer_flatten_1	1072
0.629590
data	10560
__annotations__	240
Callable	6032
List	48376
outer_flatten_1	1072
0.634613
data	18584
__annotations__	240
Callable	6032
List	48376
outer_flatten_1	1072
0.648558
data	18584
__annotations__	240
Callable	6032
List	48376
outer_flatten_1	1072
0.653482
data	10248
__annotations__	240
Callable	6032
List	48376
outer_flatten_1	1072
0.667229
data	10248
__annotations__	240
Callable	6032
List	48376
outer_flatten_1	1072
0.671717
data	17760
__annotations__	240
Callable	6032
List	48376
outer_flatten_1	1072
0.681677
data	17760
__annotations__	240
Callable	6032
List	48376
outer_flatten_1	1072
0.685562
data	9120
__annotations__	240
Callable	6032
List	48376
outer_flatten_1	1072
0.695947
data	9120
__annotations__	240
Callable	6032
List	48376
outer_flatten_1	1072
