0.000868
data	200
__annotations__	240
Callable	6032
List	48376
outer_flatten_1	1072
0.003491
data	200
__annotations__	240
Callable	6032
List	48376
outer_flatten_1	1072
0.005938
data	200
__annotations__	240
Callable	6032
List	48376
outer_flatten_1	1072
0.008347
data	200
__annotations__	240
Callable	6032
List	48376
outer_flatten_1	1072
0.013352
data	1008
__annotations__	240
Callable	6032
List	48376
outer_flatten_1	1072
0.019120
data	1008
__annotations__	240
Callable	6032
List	48376
outer_flatten_1	1072
0.023218
data	1008
__annotations__	240
Callable	6032
List	48376
outer_flatten_1	1072
0.025961
data	1008
__annotations__	240
Callable	6032
List	48376
outer_flatten_1	1072
0.029536
data	9768
__annotations__	240
Callable	6032
List	48376
outer_flatten_1	1072
0.034185
data	9768
__annotations__	240
Callable	6032
List	48376
outer_flatten_1	1072
0.037847
data	8928
__annotations__	240
Callable	6032
List	48376
outer_flatten_1	1072
0.044740
data	8928
__annotations__	240
Callable	6032
List	48376
outer_flatten_1	1072
0.046564
data	3680
__annotations__	240
Callable	6032
List	48376
outer_flatten_1	1072
0.050587
data	3680
__annotations__	240
Callable	6032
List	48376
outer_flatten_1	1072
0.052212
data	3136
__annotations__	240
Callable	6032
List	48376
outer_flatten_1	1072
0.056072
data	3136
__annotations__	240
Callable	6032
List	48376
outer_flatten_1	1072
0.057639
data	2368
__annotations__	240
Callable	6032
List	48376
outer_flatten_1	1072
0.062847
data	2368
__annotations__	240
Callable	6032
List	48376
outer_flatten_1	1072
0.064294
data	2120
__annotations__	240
Callable	6032
List	48376
outer_flatten_1	1072
0.067964
data	2120
__annotations__	240
Callable	6032
List	48376
outer_flatten_1	1072
0.069369
data	2880
__annotations__	240
Callable	6032
List	48376
outer_flatten_1	1072
0.076210
data	2880
__annotations__	240
Callable	6032
List	48376
outer_flatten_1	1072
0.079049
data	2112
__annotations__	240
Callable	6032
List	48376
outer_flatten_1	1072
0.082711
data	2112
__annotations__	240
Callable	6032
List	48376
outer_flatten_1	1072
0.099896
data	9112
__annotations__	240
Callable	6032
List	48376
outer_flatten_1	1072
0.118331
data	9112
__annotations__	240
Callable	6032
List	48376
outer_flatten_1	1072
0.138869
data	9112
__annotations__	240
Callable	6032
List	48376
outer_flatten_1	1072
0.159856
data	9112
__annotations__	240
Callable	6032
List	48376
outer_flatten_1	1072
0.176373
data	89152
__annotations__	240
Callable	6032
List	48376
outer_flatten_1	1072
0.219466
data	89152
__annotations__	240
Callable	6032
List	48376
outer_flatten_1	1072
0.240857
data	88312
__annotations__	240
Callable	6032
List	48376
outer_flatten_1	1072
0.290051
data	88312
__annotations__	240
Callable	6032
List	48376
outer_flatten_1	1072
0.299342
data	30680
__annotations__	240
Callable	6032
List	48376
outer_flatten_1	1072
0.345978
data	30680
__annotations__	240
Callable	6032
List	48376
outer_flatten_1	1072
0.356094
data	30136
__annotations__	240
Callable	6032
List	48376
outer_flatten_1	1072
0.393927
data	30136
__annotations__	240
Callable	6032
List	48376
outer_flatten_1	1072
0.400871
data	20648
__annotations__	240
Callable	6032
List	48376
outer_flatten_1	1072
0.435966
data	20648
__annotations__	240
Callable	6032
List	48376
outer_flatten_1	1072
0.442346
data	20344
__annotations__	240
Callable	6032
List	48376
outer_flatten_1	1072
0.474449
data	20344
__annotations__	240
Callable	6032
List	48376
outer_flatten_1	1072
0.480168
data	21072
__annotations__	240
Callable	6032
List	48376
outer_flatten_1	1072
0.514991
data	21072
__annotations__	240
Callable	6032
List	48376
outer_flatten_1	1072
0.521195
data	20296
__annotations__	240
Callable	6032
List	48376
outer_flatten_1	1072
0.557211
data	20296
__annotations__	240
Callable	6032
List	48376
outer_flatten_1	1072
0.597612
data	104808
__annotations__	240
Callable	6032
List	48376
outer_flatten_1	1072
0.757049
data	104808
__annotations__	240
Callable	6032
List	48376
outer_flatten_1	1072
0.777080
data	95328
__annotations__	240
Callable	6032
List	48376
outer_flatten_1	1072
0.934305
data	95328
__annotations__	240
Callable	6032
List	48376
outer_flatten_1	1072
0.940767
data	19440
__annotations__	240
Callable	6032
List	48376
outer_flatten_1	1072
1.155158
data	19440
__annotations__	240
Callable	6032
List	48376
outer_flatten_1	1072
1.159351
data	13680
__annotations__	240
Callable	6032
List	48376
outer_flatten_1	1072
1.229047
data	13680
__annotations__	240
Callable	6032
List	48376
outer_flatten_1	1072
1.235366
data	18240
__annotations__	240
Callable	6032
List	48376
outer_flatten_1	1072
1.479994
data	18240
__annotations__	240
Callable	6032
List	48376
outer_flatten_1	1072
1.483898
data	10560
__annotations__	240
Callable	6032
List	48376
outer_flatten_1	1072
1.531970
data	10560
__annotations__	240
Callable	6032
List	48376
outer_flatten_1	1072
1.536502
data	18584
__annotations__	240
Callable	6032
List	48376
outer_flatten_1	1072
1.788340
data	18584
__annotations__	240
Callable	6032
List	48376
outer_flatten_1	1072
1.792326
data	10248
__annotations__	240
Callable	6032
List	48376
outer_flatten_1	1072
1.828719
data	10248
__annotations__	240
Callable	6032
List	48376
outer_flatten_1	1072
1.833126
data	17760
__annotations__	240
Callable	6032
List	48376
outer_flatten_1	1072
2.082533
data	17760
__annotations__	240
Callable	6032
List	48376
outer_flatten_1	1072
2.086351
data	9120
__annotations__	240
Callable	6032
List	48376
outer_flatten_1	1072
2.118301
data	9120
__annotations__	240
Callable	6032
List	48376
outer_flatten_1	1072
