0.000412
data	200
__annotations__	240
Callable	6032
List	48376
outer_flatten_1	1072
0.001402
data	200
__annotations__	240
Callable	6032
List	48376
outer_flatten_1	1072
0.002489
data	200
__annotations__	240
Callable	6032
List	48376
outer_flatten_1	1072
0.003430
data	200
__annotations__	240
Callable	6032
List	48376
outer_flatten_1	1072
0.005708
data	1008
__annotations__	240
Callable	6032
List	48376
outer_flatten_1	1072
0.006684
data	1008
__annotations__	240
Callable	6032
List	48376
outer_flatten_1	1072
0.009429
data	1008
__annotations__	240
Callable	6032
List	48376
outer_flatten_1	1072
0.010443
data	1008
__annotations__	240
Callable	6032
List	48376
outer_flatten_1	1072
0.013779
data	9768
__annotations__	240
Callable	6032
List	48376
outer_flatten_1	1072
0.015116
data	9768
__annotations__	240
Callable	6032
List	48376
outer_flatten_1	1072
0.017943
data	8928
__annotations__	240
Callable	6032
List	48376
outer_flatten_1	1072
0.019278
data	8928
__annotations__	240
Callable	6032
List	48376
outer_flatten_1	1072
0.022181
data	3680
__annotations__	240
Callable	6032
List	48376
outer_flatten_1	1072
0.024785
data	3680
__annotations__	240
Callable	6032
List	48376
outer_flatten_1	1072
0.027647
data	3136
__annotations__	240
Callable	6032
List	48376
outer_flatten_1	1072
0.029321
data	3136
__annotations__	240
Callable	6032
List	48376
outer_flatten_1	1072
0.030872
data	2368
__annotations__	240
Callable	6032
List	48376
outer_flatten_1	1072
0.031884
data	2368
__annotations__	240
Callable	6032
List	48376
outer_flatten_1	1072
0.033644
data	2120
__annotations__	240
Callable	6032
List	48376
outer_flatten_1	1072
0.036020
data	2120
__annotations__	240
Callable	6032
List	48376
outer_flatten_1	1072
0.038907
data	2880
__annotations__	240
Callable	6032
List	48376
outer_flatten_1	1072
0.039984
data	2880
__annotations__	240
Callable	6032
List	48376
outer_flatten_1	1072
0.041406
data	2112
__annotations__	240
Callable	6032
List	48376
outer_flatten_1	1072
0.042434
data	2112
__annotations__	240
Callable	6032
List	48376
outer_flatten_1	1072
0.061514
data	9112
__annotations__	240
Callable	6032
List	48376
outer_flatten_1	1072
0.063655
data	9112
__annotations__	240
Callable	6032
List	48376
outer_flatten_1	1072
0.083378
data	9112
__annotations__	240
Callable	6032
List	48376
outer_flatten_1	1072
0.084588
data	9112
__annotations__	240
Callable	6032
List	48376
outer_flatten_1	1072
0.100708
data	89152
__annotations__	240
Callable	6032
List	48376
outer_flatten_1	1072
0.105899
data	89152
__annotations__	240
Callable	6032
List	48376
outer_flatten_1	1072
0.124967
data	88312
__annotations__	240
Callable	6032
List	48376
outer_flatten_1	1072
0.129174
data	88312
__annotations__	240
Callable	6032
List	48376
outer_flatten_1	1072
0.139352
data	30680
__annotations__	240
Callable	6032
List	48376
outer_flatten_1	1072
0.141293
data	30680
__annotations__	240
Callable	6032
List	48376
outer_flatten_1	1072
0.149970
data	30136
__annotations__	240
Callable	6032
List	48376
outer_flatten_1	1072
0.152610
data	30136
__annotations__	240
Callable	6032
List	48376
outer_flatten_1	1072
0.160083
data	20648
__annotations__	240
Callable	6032
List	48376
outer_flatten_1	1072
0.161681
data	20648
__annotations__	240
Callable	6032
List	48376
outer_flatten_1	1072
0.167471
data	20344
__annotations__	240
Callable	6032
List	48376
outer_flatten_1	1072
0.168903
data	20344
__annotations__	240
Callable	6032
List	48376
outer_flatten_1	1072
0.173574
data	21072
__annotations__	240
Callable	6032
List	48376
outer_flatten_1	1072
0.174859
data	21072
__annotations__	240
Callable	6032
List	48376
outer_flatten_1	1072
0.179794
data	20296
__annotations__	240
Callable	6032
List	48376
outer_flatten_1	1072
0.181177
data	20296
__annotations__	240
Callable	6032
List	48376
outer_flatten_1	1072
0.199225
data	104808
__annotations__	240
Callable	6032
List	48376
outer_flatten_1	1072
0.203248
data	104808
__annotations__	240
Callable	6032
List	48376
outer_flatten_1	1072
0.223242
data	95328
__annotations__	240
Callable	6032
List	48376
outer_flatten_1	1072
0.226422
data	95328
__annotations__	240
Callable	6032
List	48376
outer_flatten_1	1072
0.235895
data	19440
__annotations__	240
Callable	6032
List	48376
outer_flatten_1	1072
0.237305
data	19440
__annotations__	240
Callable	6032
List	48376
outer_flatten_1	1072
0.241378
data	13680
__annotations__	240
Callable	6032
List	48376
outer_flatten_1	1072
0.242675
data	13680
__annotations__	240
Callable	6032
List	48376
outer_flatten_1	1072
0.249336
data	18240
__annotations__	240
Callable	6032
List	48376
outer_flatten_1	1072
0.252604
data	18240
__annotations__	240
Callable	6032
List	48376
outer_flatten_1	1072
0.256504
data	10560
__annotations__	240
Callable	6032
List	48376
outer_flatten_1	1072
0.257659
data	10560
__annotations__	240
Callable	6032
List	48376
outer_flatten_1	1072
0.262045
data	18584
__annotations__	240
Callable	6032
List	48376
outer_flatten_1	1072
0.263362
data	18584
__annotations__	240
Callable	6032
List	48376
outer_flatten_1	1072
0.267244
data	10248
__annotations__	240
Callable	6032
List	48376
outer_flatten_1	1072
0.268573
data	10248
__annotations__	240
Callable	6032
List	48376
outer_flatten_1	1072
0.273983
data	17760
__annotations__	240
Callable	6032
List	48376
outer_flatten_1	1072
0.276143
data	17760
__annotations__	240
Callable	6032
List	48376
outer_flatten_1	1072
0.279955
data	9120
__annotations__	240
Callable	6032
List	48376
outer_flatten_1	1072
0.281115
data	9120
__annotations__	240
Callable	6032
List	48376
outer_flatten_1	1072
