0.000148
__annotations__	240
SingleNodeClass	1056
TwoNodeClass	2112
mindatalist	1008
middledatalist	90112
bigdatalist	9000112
0.481466
self	20496
__spec__	112
SingleNodeClass	1056
TwoNodeClass	2112
0.896412
self	81088
__spec__	112
SingleNodeClass	1056
TwoNodeClass	2112
1.311680
self	12656
__spec__	112
SingleNodeClass	1056
TwoNodeClass	2112
1.724730
self	87416
__spec__	112
SingleNodeClass	1056
TwoNodeClass	2112
2.143844
self	47208
__spec__	112
SingleNodeClass	1056
TwoNodeClass	2112
2.570299
self	50624
__spec__	112
SingleNodeClass	1056
TwoNodeClass	2112
3.053193
self	2688
__spec__	112
SingleNodeClass	1056
TwoNodeClass	2112
3.472565
self	113904
__spec__	112
SingleNodeClass	1056
TwoNodeClass	2112
3.911375
self	280
__spec__	112
SingleNodeClass	1056
TwoNodeClass	2112
4.339182
self	4200
__spec__	112
SingleNodeClass	1056
TwoNodeClass	2112
4.813634
self	27888
__spec__	112
SingleNodeClass	1056
TwoNodeClass	2112
5.264975
self	606648
__spec__	112
SingleNodeClass	1056
TwoNodeClass	2112
5.856993
self	2128
__spec__	112
SingleNodeClass	1056
TwoNodeClass	2112
6.294651
self	221256
__spec__	112
SingleNodeClass	1056
TwoNodeClass	2112
6.732788
self	1848
__spec__	112
SingleNodeClass	1056
TwoNodeClass	2112
7.155135
self	1008
__spec__	112
SingleNodeClass	1056
TwoNodeClass	2112
7.583622
self	2604056
__spec__	112
SingleNodeClass	1056
TwoNodeClass	2112
8.183225
self	12264
__spec__	112
SingleNodeClass	1056
TwoNodeClass	2112
8.611180
self	1176
__spec__	112
SingleNodeClass	1056
TwoNodeClass	2112
9.049294
self	3986640
__spec__	112
SingleNodeClass	1056
TwoNodeClass	2112
9.826105
self	56
__spec__	112
SingleNodeClass	1056
TwoNodeClass	2112
10.249432
self	1064
__spec__	112
SingleNodeClass	1056
TwoNodeClass	2112
10.666425
self	744128
__spec__	112
SingleNodeClass	1056
TwoNodeClass	2112
11.158258
self	214144
__spec__	112
SingleNodeClass	1056
TwoNodeClass	2112
11.603409
self	61208
__spec__	112
SingleNodeClass	1056
TwoNodeClass	2112
12.033164
self	2296
__spec__	112
SingleNodeClass	1056
TwoNodeClass	2112
12.471308
self	392
__spec__	112
SingleNodeClass	1056
TwoNodeClass	2112
12.961201
self	2464
__spec__	112
SingleNodeClass	1056
TwoNodeClass	2112
13.408252
self	1426544
__spec__	112
SingleNodeClass	1056
TwoNodeClass	2112
14.107094
self	951160
__spec__	112
SingleNodeClass	1056
TwoNodeClass	2112
14.656131
self	840
__spec__	112
SingleNodeClass	1056
TwoNodeClass	2112
15.074430
self	56
__spec__	112
SingleNodeClass	1056
TwoNodeClass	2112
15.490436
self	3160640
__spec__	112
SingleNodeClass	1056
TwoNodeClass	2112
16.125269
self	115024
__spec__	112
SingleNodeClass	1056
TwoNodeClass	2112
16.684793
self	3336088
__spec__	112
SingleNodeClass	1056
TwoNodeClass	2112
17.330121
self	2128
__spec__	112
SingleNodeClass	1056
TwoNodeClass	2112
17.757040
self	933128
__spec__	112
SingleNodeClass	1056
TwoNodeClass	2112
18.340092
self	3920
__spec__	112
SingleNodeClass	1056
TwoNodeClass	2112
18.786199
self	1064
__spec__	112
SingleNodeClass	1056
TwoNodeClass	2112
19.305578
instance	7616336
__annotations__	240
SingleNodeClass	1056
TwoNodeClass	2112
mindatalist	1008
middledatalist	90112
bigdatalist	9000112
20.424788
self	781928
__spec__	112
SingleNodeClass	1056
TwoNodeClass	2112
20.967062
self	1297128
__spec__	112
SingleNodeClass	1056
TwoNodeClass	2112
21.474219
self	29792
__spec__	112
SingleNodeClass	1056
TwoNodeClass	2112
21.905818
instance	8312528
__annotations__	240
SingleNodeClass	1056
TwoNodeClass	2112
mindatalist	1008
middledatalist	90112
bigdatalist	9000112
22.925256
self	6272
__spec__	112
SingleNodeClass	1056
TwoNodeClass	2112
23.367532
self	47712
__spec__	112
SingleNodeClass	1056
TwoNodeClass	2112
23.791972
self	68096
__spec__	112
SingleNodeClass	1056
TwoNodeClass	2112
24.209791
self	112
__spec__	112
SingleNodeClass	1056
TwoNodeClass	2112
24.625035
self	112
__spec__	112
SingleNodeClass	1056
TwoNodeClass	2112
25.192565
self	2231824
__spec__	112
SingleNodeClass	1056
TwoNodeClass	2112
25.844876
self	784
__spec__	112
SingleNodeClass	1056
TwoNodeClass	2112
26.321064
self	68432
__spec__	112
SingleNodeClass	1056
TwoNodeClass	2112
26.774210
self	1624
__spec__	112
SingleNodeClass	1056
TwoNodeClass	2112
27.202613
self	112
__spec__	112
SingleNodeClass	1056
TwoNodeClass	2112
27.627770
self	952
__spec__	112
SingleNodeClass	1056
TwoNodeClass	2112
28.050416
self	112
__spec__	112
SingleNodeClass	1056
TwoNodeClass	2112
28.468519
self	1008
__spec__	112
SingleNodeClass	1056
TwoNodeClass	2112
28.893815
self	25088
__spec__	112
SingleNodeClass	1056
TwoNodeClass	2112
29.319914
self	2072
__spec__	112
SingleNodeClass	1056
TwoNodeClass	2112
29.756997
self	538216
__spec__	112
SingleNodeClass	1056
TwoNodeClass	2112
30.216269
self	112
__spec__	112
SingleNodeClass	1056
TwoNodeClass	2112
30.649708
self	13104
__spec__	112
SingleNodeClass	1056
TwoNodeClass	2112
31.062628
self	82264
__spec__	112
SingleNodeClass	1056
TwoNodeClass	2112
31.491772
self	1512
__spec__	112
SingleNodeClass	1056
TwoNodeClass	2112
31.909914
self	322504
__spec__	112
SingleNodeClass	1056
TwoNodeClass	2112
32.350403
self	792344
__spec__	112
SingleNodeClass	1056
TwoNodeClass	2112
32.973504
self	26544
__spec__	112
SingleNodeClass	1056
TwoNodeClass	2112
33.388889
self	12255880
__spec__	112
SingleNodeClass	1056
TwoNodeClass	2112
34.571847
self	784
__spec__	112
SingleNodeClass	1056
TwoNodeClass	2112
34.987845
self	12587960
__spec__	112
SingleNodeClass	1056
TwoNodeClass	2112
36.201327
self	9665712
__spec__	112
SingleNodeClass	1056
TwoNodeClass	2112
37.224719
self	35336
__spec__	112
SingleNodeClass	1056
TwoNodeClass	2112
37.648385
self	1064
__spec__	112
SingleNodeClass	1056
TwoNodeClass	2112
38.059364
self	243040
__spec__	112
SingleNodeClass	1056
TwoNodeClass	2112
38.492991
self	16184
__spec__	112
SingleNodeClass	1056
TwoNodeClass	2112
38.920291
self	392
__spec__	112
SingleNodeClass	1056
TwoNodeClass	2112
39.334037
self	37688
__spec__	112
SingleNodeClass	1056
TwoNodeClass	2112
39.749575
self	840
__spec__	112
SingleNodeClass	1056
TwoNodeClass	2112
40.162901
self	7280
__spec__	112
SingleNodeClass	1056
TwoNodeClass	2112
40.576063
self	3192
__spec__	112
SingleNodeClass	1056
TwoNodeClass	2112
40.990256
self	7226128
__spec__	112
SingleNodeClass	1056
TwoNodeClass	2112
41.961574
self	14753928
__spec__	112
SingleNodeClass	1056
TwoNodeClass	2112
43.531860
self	616
__spec__	112
SingleNodeClass	1056
TwoNodeClass	2112
43.957623
self	7478912
__spec__	112
SingleNodeClass	1056
TwoNodeClass	2112
44.854379
self	45864
__spec__	112
SingleNodeClass	1056
TwoNodeClass	2112
45.284484
self	1025976
__spec__	112
SingleNodeClass	1056
TwoNodeClass	2112
45.760945
self	2912
__spec__	112
SingleNodeClass	1056
TwoNodeClass	2112
46.372978
self	15744792
__spec__	112
SingleNodeClass	1056
TwoNodeClass	2112
47.815056
self	4020632
__spec__	112
SingleNodeClass	1056
TwoNodeClass	2112
48.479543
self	56
__spec__	112
SingleNodeClass	1056
TwoNodeClass	2112
48.893741
self	896
__spec__	112
SingleNodeClass	1056
TwoNodeClass	2112
49.306600
self	168
__spec__	112
SingleNodeClass	1056
TwoNodeClass	2112
49.719268
self	4184768
__spec__	112
SingleNodeClass	1056
TwoNodeClass	2112
50.394627
self	338016
__spec__	112
SingleNodeClass	1056
TwoNodeClass	2112
50.837578
self	16896992
__spec__	112
SingleNodeClass	1056
TwoNodeClass	2112
52.316820
self	16845080
__spec__	112
SingleNodeClass	1056
TwoNodeClass	2112
53.801656
self	381976
__spec__	112
SingleNodeClass	1056
TwoNodeClass	2112
54.244913
self	13011544
__spec__	112
SingleNodeClass	1056
TwoNodeClass	2112
55.480352
self	41776
__spec__	112
SingleNodeClass	1056
TwoNodeClass	2112
55.907923
self	503664
__spec__	112
SingleNodeClass	1056
TwoNodeClass	2112
56.358799
self	191800
__spec__	112
SingleNodeClass	1056
TwoNodeClass	2112
56.808132
self	17814776
__spec__	112
SingleNodeClass	1056
TwoNodeClass	2112
58.391882
self	2085720
__spec__	112
SingleNodeClass	1056
TwoNodeClass	2112
58.979441
self	442232
__spec__	112
SingleNodeClass	1056
TwoNodeClass	2112
59.517360
self	6510560
__spec__	112
SingleNodeClass	1056
TwoNodeClass	2112
60.422872
self	18698512
__spec__	112
SingleNodeClass	1056
TwoNodeClass	2112
62.158504
self	18621120
__spec__	112
SingleNodeClass	1056
TwoNodeClass	2112
63.779405
self	1519672
__spec__	112
SingleNodeClass	1056
TwoNodeClass	2112
64.286343
self	1807848
__spec__	112
SingleNodeClass	1056
TwoNodeClass	2112
64.813691
self	784
__spec__	112
SingleNodeClass	1056
TwoNodeClass	2112
65.231577
self	19260752
__spec__	112
SingleNodeClass	1056
TwoNodeClass	2112
66.882704
self	1288
__spec__	112
SingleNodeClass	1056
TwoNodeClass	2112
67.296101
self	119728
__spec__	112
SingleNodeClass	1056
TwoNodeClass	2112
67.718086
self	11144
__spec__	112
SingleNodeClass	1056
TwoNodeClass	2112
68.375741
self	537880
__spec__	112
SingleNodeClass	1056
TwoNodeClass	2112
68.822696
self	616
__spec__	112
SingleNodeClass	1056
TwoNodeClass	2112
69.236594
self	112
__spec__	112
SingleNodeClass	1056
TwoNodeClass	2112
69.648171
self	805728
__spec__	112
SingleNodeClass	1056
TwoNodeClass	2112
70.108362
self	1402856
__spec__	112
SingleNodeClass	1056
TwoNodeClass	2112
70.611567
self	780136
__spec__	112
SingleNodeClass	1056
TwoNodeClass	2112
71.074090
self	1288
__spec__	112
SingleNodeClass	1056
TwoNodeClass	2112
71.493486
self	1176
__spec__	112
SingleNodeClass	1056
TwoNodeClass	2112
71.903115
self	56168
__spec__	112
SingleNodeClass	1056
TwoNodeClass	2112
72.316896
self	10721816
__spec__	112
SingleNodeClass	1056
TwoNodeClass	2112
73.398284
self	12432
__spec__	112
SingleNodeClass	1056
TwoNodeClass	2112
73.809383
self	21937832
__spec__	112
SingleNodeClass	1056
TwoNodeClass	2112
75.610871
self	15792
__spec__	112
SingleNodeClass	1056
TwoNodeClass	2112
76.019976
self	2744
__spec__	112
SingleNodeClass	1056
TwoNodeClass	2112
76.427052
self	105784
__spec__	112
SingleNodeClass	1056
TwoNodeClass	2112
76.846910
self	148792
__spec__	112
SingleNodeClass	1056
TwoNodeClass	2112
77.265871
self	336
__spec__	112
SingleNodeClass	1056
TwoNodeClass	2112
77.674433
self	22609272
__spec__	112
SingleNodeClass	1056
TwoNodeClass	2112
79.518979
self	112
__spec__	112
SingleNodeClass	1056
TwoNodeClass	2112
79.931345
self	1456
__spec__	112
SingleNodeClass	1056
TwoNodeClass	2112
80.340342
self	1680
__spec__	112
SingleNodeClass	1056
TwoNodeClass	2112
80.752885
self	3804360
__spec__	112
SingleNodeClass	1056
TwoNodeClass	2112
81.395691
self	2417296
__spec__	112
SingleNodeClass	1056
TwoNodeClass	2112
81.955915
self	504
__spec__	112
SingleNodeClass	1056
TwoNodeClass	2112
82.365025
self	1232
__spec__	112
SingleNodeClass	1056
TwoNodeClass	2112
82.774654
self	56
__spec__	112
SingleNodeClass	1056
TwoNodeClass	2112
83.181956
self	6131776
__spec__	112
SingleNodeClass	1056
TwoNodeClass	2112
83.971195
self	112
__spec__	112
SingleNodeClass	1056
TwoNodeClass	2112
84.377970
self	24661504
__spec__	112
SingleNodeClass	1056
TwoNodeClass	2112
86.347552
self	222376
__spec__	112
SingleNodeClass	1056
TwoNodeClass	2112
86.777046
self	1904
__spec__	112
SingleNodeClass	1056
TwoNodeClass	2112
87.188160
self	56
__spec__	112
SingleNodeClass	1056
TwoNodeClass	2112
87.598199
self	1639848
__spec__	112
SingleNodeClass	1056
TwoNodeClass	2112
88.109170
self	59752
__spec__	112
SingleNodeClass	1056
TwoNodeClass	2112
88.523268
self	294560
__spec__	112
SingleNodeClass	1056
TwoNodeClass	2112
88.952261
self	1848
__spec__	112
SingleNodeClass	1056
TwoNodeClass	2112
89.666478
self	3248
__spec__	112
SingleNodeClass	1056
TwoNodeClass	2112
90.076308
self	6567176
__spec__	112
SingleNodeClass	1056
TwoNodeClass	2112
90.891188
self	9128
__spec__	112
SingleNodeClass	1056
TwoNodeClass	2112
91.299358
self	2632
__spec__	112
SingleNodeClass	1056
TwoNodeClass	2112
91.707971
self	280
__spec__	112
SingleNodeClass	1056
TwoNodeClass	2112
92.117098
self	6392680
__spec__	112
SingleNodeClass	1056
TwoNodeClass	2112
92.920137
self	4312
__spec__	112
SingleNodeClass	1056
TwoNodeClass	2112
93.333125
self	1344
__spec__	112
SingleNodeClass	1056
TwoNodeClass	2112
93.742780
self	2300872
__spec__	112
SingleNodeClass	1056
TwoNodeClass	2112
94.289934
self	56
__spec__	112
SingleNodeClass	1056
TwoNodeClass	2112
94.701682
self	62272
__spec__	112
SingleNodeClass	1056
TwoNodeClass	2112
95.115257
self	672
__spec__	112
SingleNodeClass	1056
TwoNodeClass	2112
95.523723
self	280
__spec__	112
SingleNodeClass	1056
TwoNodeClass	2112
95.933776
self	3136
__spec__	112
SingleNodeClass	1056
TwoNodeClass	2112
96.347808
self	23632
__spec__	112
SingleNodeClass	1056
TwoNodeClass	2112
96.758094
self	28319032
__spec__	112
SingleNodeClass	1056
TwoNodeClass	2112
98.955797
self	168
__spec__	112
SingleNodeClass	1056
TwoNodeClass	2112
99.364218
self	1176
__spec__	112
SingleNodeClass	1056
TwoNodeClass	2112
99.773404
self	305648
__spec__	112
SingleNodeClass	1056
TwoNodeClass	2112
100.205051
self	11480
__spec__	112
SingleNodeClass	1056
TwoNodeClass	2112
100.618479
self	1173872
__spec__	112
SingleNodeClass	1056
TwoNodeClass	2112
101.104337
self	6995800
__spec__	112
SingleNodeClass	1056
TwoNodeClass	2112
101.948904
self	7408576
__spec__	112
SingleNodeClass	1056
TwoNodeClass	2112
102.821100
self	3136
__spec__	112
SingleNodeClass	1056
TwoNodeClass	2112
103.230451
self	29740536
__spec__	112
SingleNodeClass	1056
TwoNodeClass	2112
105.512501
self	3136
__spec__	112
SingleNodeClass	1056
TwoNodeClass	2112
105.921112
self	6272
__spec__	112
SingleNodeClass	1056
TwoNodeClass	2112
106.328648
self	415520
__spec__	112
SingleNodeClass	1056
TwoNodeClass	2112
106.763037
self	2774968
__spec__	112
SingleNodeClass	1056
TwoNodeClass	2112
107.341255
self	56
__spec__	112
SingleNodeClass	1056
TwoNodeClass	2112
107.751327
self	1792
__spec__	112
SingleNodeClass	1056
TwoNodeClass	2112
108.160037
self	293216
__spec__	112
SingleNodeClass	1056
TwoNodeClass	2112
108.589018
self	101360
__spec__	112
SingleNodeClass	1056
TwoNodeClass	2112
109.006849
self	6664
__spec__	112
SingleNodeClass	1056
TwoNodeClass	2112
109.421022
self	835576
__spec__	112
SingleNodeClass	1056
TwoNodeClass	2112
109.884384
self	56
__spec__	112
SingleNodeClass	1056
TwoNodeClass	2112
110.293809
self	1384824
__spec__	112
SingleNodeClass	1056
TwoNodeClass	2112
110.794231
self	56
__spec__	112
SingleNodeClass	1056
TwoNodeClass	2112
111.210088
self	5712
__spec__	112
SingleNodeClass	1056
TwoNodeClass	2112
111.620326
self	528136
__spec__	112
SingleNodeClass	1056
TwoNodeClass	2112
112.064570
self	413112
__spec__	112
SingleNodeClass	1056
TwoNodeClass	2112
112.505080
self	2159416
__spec__	112
SingleNodeClass	1056
TwoNodeClass	2112
113.050407
self	90496
__spec__	112
SingleNodeClass	1056
TwoNodeClass	2112
113.468526
self	24495184
__spec__	112
SingleNodeClass	1056
TwoNodeClass	2112
116.025002
self	1291696
__spec__	112
SingleNodeClass	1056
TwoNodeClass	2112
116.514668
self	56
__spec__	112
SingleNodeClass	1056
TwoNodeClass	2112
116.926023
self	7920304
__spec__	112
SingleNodeClass	1056
TwoNodeClass	2112
117.826719
self	896
__spec__	112
SingleNodeClass	1056
TwoNodeClass	2112
118.236838
self	318136
__spec__	112
SingleNodeClass	1056
TwoNodeClass	2112
118.665581
self	1898568
__spec__	112
SingleNodeClass	1056
TwoNodeClass	2112
119.191556
self	78400
__spec__	112
SingleNodeClass	1056
TwoNodeClass	2112
119.603843
self	13402592
__spec__	112
SingleNodeClass	1056
TwoNodeClass	2112
120.851695
self	357616
__spec__	112
SingleNodeClass	1056
TwoNodeClass	2112
121.283164
self	5536552
__spec__	112
SingleNodeClass	1056
TwoNodeClass	2112
122.025111
self	3515120
__spec__	112
SingleNodeClass	1056
TwoNodeClass	2112
122.658401
self	20552
__spec__	112
SingleNodeClass	1056
TwoNodeClass	2112
123.071039
self	88088
__spec__	112
SingleNodeClass	1056
TwoNodeClass	2112
123.486825
self	504
__spec__	112
SingleNodeClass	1056
TwoNodeClass	2112
123.895296
self	1539440
__spec__	112
SingleNodeClass	1056
TwoNodeClass	2112
124.401341
self	17490984
__spec__	112
SingleNodeClass	1056
TwoNodeClass	2112
125.900979
self	192248
__spec__	112
SingleNodeClass	1056
TwoNodeClass	2112
126.321631
self	17642856
__spec__	112
SingleNodeClass	1056
TwoNodeClass	2112
127.869511
self	874048
__spec__	112
SingleNodeClass	1056
TwoNodeClass	2112
128.331309
self	784
__spec__	112
SingleNodeClass	1056
TwoNodeClass	2112
128.742325
self	56
__spec__	112
SingleNodeClass	1056
TwoNodeClass	2112
129.152346
self	1512
__spec__	112
SingleNodeClass	1056
TwoNodeClass	2112
129.565520
self	280
__spec__	112
SingleNodeClass	1056
TwoNodeClass	2112
129.975102
self	3078432
__spec__	112
SingleNodeClass	1056
TwoNodeClass	2112
130.570547
self	2902536
__spec__	112
SingleNodeClass	1056
TwoNodeClass	2112
131.155019
self	4508392
__spec__	112
SingleNodeClass	1056
TwoNodeClass	2112
131.847195
self	56
__spec__	112
SingleNodeClass	1056
TwoNodeClass	2112
132.258523
self	5936
__spec__	112
SingleNodeClass	1056
TwoNodeClass	2112
132.674315
self	37236360
__spec__	112
SingleNodeClass	1056
TwoNodeClass	2112
135.486490
self	15960
__spec__	112
SingleNodeClass	1056
TwoNodeClass	2112
135.894579
self	1904
__spec__	112
SingleNodeClass	1056
TwoNodeClass	2112
136.302106
self	378392
__spec__	112
SingleNodeClass	1056
TwoNodeClass	2112
136.733142
self	448
__spec__	112
SingleNodeClass	1056
TwoNodeClass	2112
137.141266
self	10136
__spec__	112
SingleNodeClass	1056
TwoNodeClass	2112
137.550883
self	168
__spec__	112
SingleNodeClass	1056
TwoNodeClass	2112
137.959763
self	3082968
__spec__	112
SingleNodeClass	1056
TwoNodeClass	2112
138.556960
self	672
__spec__	112
SingleNodeClass	1056
TwoNodeClass	2112
138.965190
self	336
__spec__	112
SingleNodeClass	1056
TwoNodeClass	2112
139.374108
self	2072
__spec__	112
SingleNodeClass	1056
TwoNodeClass	2112
139.780742
self	2520
__spec__	112
SingleNodeClass	1056
TwoNodeClass	2112
140.188809
self	29265992
__spec__	112
SingleNodeClass	1056
TwoNodeClass	2112
142.455012
self	2240
__spec__	112
SingleNodeClass	1056
TwoNodeClass	2112
142.864431
self	38896424
__spec__	112
SingleNodeClass	1056
TwoNodeClass	2112
145.778442
self	29624
__spec__	112
SingleNodeClass	1056
TwoNodeClass	2112
146.188790
self	29288
__spec__	112
SingleNodeClass	1056
TwoNodeClass	2112
146.597449
self	48832
__spec__	112
SingleNodeClass	1056
TwoNodeClass	2112
147.008819
self	7740544
__spec__	112
SingleNodeClass	1056
TwoNodeClass	2112
147.901692
self	19208
__spec__	112
SingleNodeClass	1056
TwoNodeClass	2112
148.308893
self	30185736
__spec__	112
SingleNodeClass	1056
TwoNodeClass	2112
150.630055
self	1512728
__spec__	112
SingleNodeClass	1056
TwoNodeClass	2112
151.131651
self	168
__spec__	112
SingleNodeClass	1056
TwoNodeClass	2112
151.539595
self	112
__spec__	112
SingleNodeClass	1056
TwoNodeClass	2112
151.947762
self	46424
__spec__	112
SingleNodeClass	1056
TwoNodeClass	2112
152.357242
self	5434240
__spec__	112
SingleNodeClass	1056
TwoNodeClass	2112
153.101681
self	56
__spec__	112
SingleNodeClass	1056
TwoNodeClass	2112
153.509858
self	26488
__spec__	112
SingleNodeClass	1056
TwoNodeClass	2112
153.919619
self	1064
__spec__	112
SingleNodeClass	1056
TwoNodeClass	2112
155.028408
self	571032
__spec__	112
SingleNodeClass	1056
TwoNodeClass	2112
155.481947
self	3640
__spec__	112
SingleNodeClass	1056
TwoNodeClass	2112
155.891248
self	9618336
__spec__	112
SingleNodeClass	1056
TwoNodeClass	2112
156.914296
self	3390800
__spec__	112
SingleNodeClass	1056
TwoNodeClass	2112
157.535518
self	4088504
__spec__	112
SingleNodeClass	1056
TwoNodeClass	2112
158.195622
self	2823408
__spec__	112
SingleNodeClass	1056
TwoNodeClass	2112
158.781484
self	1235248
__spec__	112
SingleNodeClass	1056
TwoNodeClass	2112
159.272384
self	14840
__spec__	112
SingleNodeClass	1056
TwoNodeClass	2112
159.683676
self	7000
__spec__	112
SingleNodeClass	1056
TwoNodeClass	2112
160.093854
self	21386624
__spec__	112
SingleNodeClass	1056
TwoNodeClass	2112
161.869622
self	10275888
__spec__	112
SingleNodeClass	1056
TwoNodeClass	2112
162.928747
self	96824
__spec__	112
SingleNodeClass	1056
TwoNodeClass	2112
163.350499
self	2200632
__spec__	112
SingleNodeClass	1056
TwoNodeClass	2112
163.899729
self	504
__spec__	112
SingleNodeClass	1056
TwoNodeClass	2112
164.308894
self	224
__spec__	112
SingleNodeClass	1056
TwoNodeClass	2112
164.722542
self	42672
__spec__	112
SingleNodeClass	1056
TwoNodeClass	2112
165.137523
self	1928920
__spec__	112
SingleNodeClass	1056
TwoNodeClass	2112
165.667574
self	392
__spec__	112
SingleNodeClass	1056
TwoNodeClass	2112
166.078017
self	211512
__spec__	112
SingleNodeClass	1056
TwoNodeClass	2112
166.500199
self	33401536
__spec__	112
SingleNodeClass	1056
TwoNodeClass	2112
169.021113
instance	44781520
__annotations__	240
SingleNodeClass	1056
TwoNodeClass	2112
mindatalist	1008
middledatalist	90112
bigdatalist	9000112
172.357287
self	385336
__spec__	112
SingleNodeClass	1056
TwoNodeClass	2112
172.795598
self	12432
__spec__	112
SingleNodeClass	1056
TwoNodeClass	2112
173.204670
self	22461152
__spec__	112
SingleNodeClass	1056
TwoNodeClass	2112
175.048662
self	1624
__spec__	112
SingleNodeClass	1056
TwoNodeClass	2112
175.460831
self	4648000
__spec__	112
SingleNodeClass	1056
TwoNodeClass	2112
176.165506
self	373968
__spec__	112
SingleNodeClass	1056
TwoNodeClass	2112
176.604098
self	56
__spec__	112
SingleNodeClass	1056
TwoNodeClass	2112
177.020851
self	3472
__spec__	112
SingleNodeClass	1056
TwoNodeClass	2112
177.431259
self	476448
__spec__	112
SingleNodeClass	1056
TwoNodeClass	2112
177.877735
self	13048
__spec__	112
SingleNodeClass	1056
TwoNodeClass	2112
178.288033
self	1176
__spec__	112
SingleNodeClass	1056
TwoNodeClass	2112
178.700306
self	23142392
__spec__	112
SingleNodeClass	1056
TwoNodeClass	2112
180.590803
self	46766888
__spec__	112
SingleNodeClass	1056
TwoNodeClass	2112
183.905907
self	35117712
__spec__	112
SingleNodeClass	1056
TwoNodeClass	2112
186.626961
self	389592
__spec__	112
SingleNodeClass	1056
TwoNodeClass	2112
187.062040
self	56
__spec__	112
SingleNodeClass	1056
TwoNodeClass	2112
187.471565
self	1740872
__spec__	112
SingleNodeClass	1056
TwoNodeClass	2112
187.991888
self	105504
__spec__	112
SingleNodeClass	1056
TwoNodeClass	2112
188.412166
self	616
__spec__	112
SingleNodeClass	1056
TwoNodeClass	2112
188.820071
self	23749656
__spec__	112
SingleNodeClass	1056
TwoNodeClass	2112
190.741569
self	191240
__spec__	112
SingleNodeClass	1056
TwoNodeClass	2112
191.165555
self	14000
__spec__	112
SingleNodeClass	1056
TwoNodeClass	2112
191.576777
self	4410896
__spec__	112
SingleNodeClass	1056
TwoNodeClass	2112
192.267122
self	4945192
__spec__	112
SingleNodeClass	1056
TwoNodeClass	2112
192.989701
self	3698744
__spec__	112
SingleNodeClass	1056
TwoNodeClass	2112
193.628178
self	139664
__spec__	112
SingleNodeClass	1056
TwoNodeClass	2112
194.045939
self	9468536
__spec__	112
SingleNodeClass	1056
TwoNodeClass	2112
195.057059
self	1906184
__spec__	112
SingleNodeClass	1056
TwoNodeClass	2112
195.590105
self	9184
__spec__	112
SingleNodeClass	1056
TwoNodeClass	2112
196.000858
self	645456
__spec__	112
SingleNodeClass	1056
TwoNodeClass	2112
196.452212
self	2408
__spec__	112
SingleNodeClass	1056
TwoNodeClass	2112
196.864854
self	4187848
__spec__	112
SingleNodeClass	1056
TwoNodeClass	2112
197.531767
self	30240
__spec__	112
SingleNodeClass	1056
TwoNodeClass	2112
197.941133
self	12590704
__spec__	112
SingleNodeClass	1056
TwoNodeClass	2112
199.147441
self	9128
__spec__	112
SingleNodeClass	1056
TwoNodeClass	2112
199.564580
self	82376
__spec__	112
SingleNodeClass	1056
TwoNodeClass	2112
199.978305
self	145992
__spec__	112
SingleNodeClass	1056
TwoNodeClass	2112
200.398002
self	224
__spec__	112
SingleNodeClass	1056
TwoNodeClass	2112
200.808963
self	4800768
__spec__	112
SingleNodeClass	1056
TwoNodeClass	2112
201.522384
self	672
__spec__	112
SingleNodeClass	1056
TwoNodeClass	2112
201.935863
self	1600648
__spec__	112
SingleNodeClass	1056
TwoNodeClass	2112
202.444511
self	355096
__spec__	112
SingleNodeClass	1056
TwoNodeClass	2112
202.879507
self	680344
__spec__	112
SingleNodeClass	1056
TwoNodeClass	2112
203.330984
self	38537184
__spec__	112
SingleNodeClass	1056
TwoNodeClass	2112
206.214290
self	7448
__spec__	112
SingleNodeClass	1056
TwoNodeClass	2112
206.629530
self	1923488
__spec__	112
SingleNodeClass	1056
TwoNodeClass	2112
207.159460
self	23576
__spec__	112
SingleNodeClass	1056
TwoNodeClass	2112
207.569376
self	3220224
__spec__	112
SingleNodeClass	1056
TwoNodeClass	2112
208.179113
self	13888
__spec__	112
SingleNodeClass	1056
TwoNodeClass	2112
208.589853
self	224
__spec__	112
SingleNodeClass	1056
TwoNodeClass	2112
208.996795
self	56
__spec__	112
SingleNodeClass	1056
TwoNodeClass	2112
210.247582
self	38248
__spec__	112
SingleNodeClass	1056
TwoNodeClass	2112
210.659047
self	3808
__spec__	112
SingleNodeClass	1056
TwoNodeClass	2112
211.072301
self	1468208
__spec__	112
SingleNodeClass	1056
TwoNodeClass	2112
211.575504
self	6104
__spec__	112
SingleNodeClass	1056
TwoNodeClass	2112
211.984750
self	4200
__spec__	112
SingleNodeClass	1056
TwoNodeClass	2112
212.396411
self	73136
__spec__	112
SingleNodeClass	1056
TwoNodeClass	2112
212.813288
self	4088
__spec__	112
SingleNodeClass	1056
TwoNodeClass	2112
213.226980
self	1442560
__spec__	112
SingleNodeClass	1056
TwoNodeClass	2112
213.728887
self	12880840
__spec__	112
SingleNodeClass	1056
TwoNodeClass	2112
214.963517
self	560
__spec__	112
SingleNodeClass	1056
TwoNodeClass	2112
215.376582
self	56
__spec__	112
SingleNodeClass	1056
TwoNodeClass	2112
215.790480
self	616
__spec__	112
SingleNodeClass	1056
TwoNodeClass	2112
216.200651
self	550872
__spec__	112
SingleNodeClass	1056
TwoNodeClass	2112
216.658942
self	174944
__spec__	112
SingleNodeClass	1056
TwoNodeClass	2112
217.083524
self	21596680
__spec__	112
SingleNodeClass	1056
TwoNodeClass	2112
218.870379
self	27281408
__spec__	112
SingleNodeClass	1056
TwoNodeClass	2112
221.014530
self	2184
__spec__	112
SingleNodeClass	1056
TwoNodeClass	2112
221.426883
self	55257832
__spec__	112
SingleNodeClass	1056
TwoNodeClass	2112
225.357923
self	168
__spec__	112
SingleNodeClass	1056
TwoNodeClass	2112
225.770498
self	1296176
__spec__	112
SingleNodeClass	1056
TwoNodeClass	2112
226.266575
self	41104
__spec__	112
SingleNodeClass	1056
TwoNodeClass	2112
226.679910
self	155232
__spec__	112
SingleNodeClass	1056
TwoNodeClass	2112
227.106757
self	1344
__spec__	112
SingleNodeClass	1056
TwoNodeClass	2112
227.571619
self	112
result	96
__spec__	112
SingleNodeClass	1056
TwoNodeClass	2112
228.035759
self	56
result	64
__spec__	112
SingleNodeClass	1056
TwoNodeClass	2112
228.496070
self	280
result	128
__spec__	112
SingleNodeClass	1056
TwoNodeClass	2112
228.965128
self	1176
result	64
__spec__	112
SingleNodeClass	1056
TwoNodeClass	2112
229.427403
self	56
result	96
__spec__	112
SingleNodeClass	1056
TwoNodeClass	2112
229.893311
self	112
result	96
__spec__	112
SingleNodeClass	1056
TwoNodeClass	2112
230.356397
self	560
__spec__	112
SingleNodeClass	1056
TwoNodeClass	2112
230.841027
self	112
result	96
__spec__	112
SingleNodeClass	1056
TwoNodeClass	2112
231.331073
self	728
__spec__	112
SingleNodeClass	1056
TwoNodeClass	2112
231.793900
self	56
__spec__	112
SingleNodeClass	1056
TwoNodeClass	2112
232.254521
self	112
result	64
__spec__	112
SingleNodeClass	1056
TwoNodeClass	2112
232.733004
self	56
result	96
__spec__	112
SingleNodeClass	1056
TwoNodeClass	2112
233.228546
self	112
__spec__	112
SingleNodeClass	1056
TwoNodeClass	2112
233.692895
self	112
__spec__	112
SingleNodeClass	1056
TwoNodeClass	2112
234.156995
self	56
result	96
__spec__	112
SingleNodeClass	1056
TwoNodeClass	2112
234.626903
instance	56000000
result	9000112
__annotations__	240
SingleNodeClass	1056
TwoNodeClass	2112
mindatalist	1008
middledatalist	90112
bigdatalist	9000112
