0.000129
__annotations__	240
List	47816
Integral	5312
BaseNodeClass	2984
0.458640
BuiltinMethod	1344
Method	1656
type	1888
int	4712
self	2560
__spec__	112
_MethodType	1656
_BuiltinMethodType	1344
_Set	3000
_Sequence	3184
__all__	256
Random	1056
SystemRandom	1056
_inst	2560
0.898110
BuiltinMethod	1344
Method	1656
type	1888
int	4712
self	2560
__spec__	112
_MethodType	1656
_BuiltinMethodType	1344
_Set	3000
_Sequence	3184
__all__	256
Random	1056
SystemRandom	1056
_inst	2560
1.372412
BuiltinMethod	1344
Method	1656
type	1888
int	4712
self	2560
__spec__	112
_MethodType	1656
_BuiltinMethodType	1344
_Set	3000
_Sequence	3184
__all__	256
Random	1056
SystemRandom	1056
_inst	2560
1.814664
BuiltinMethod	1344
Method	1656
type	1888
int	4712
self	2560
__spec__	112
_MethodType	1656
_BuiltinMethodType	1344
_Set	3000
_Sequence	3184
__all__	256
Random	1056
SystemRandom	1056
_inst	2560
2.259551
BuiltinMethod	1344
Method	1656
type	1888
int	4712
self	2560
__spec__	112
_MethodType	1656
_BuiltinMethodType	1344
_Set	3000
_Sequence	3184
__all__	256
Random	1056
SystemRandom	1056
_inst	2560
2.686142
BuiltinMethod	1344
Method	1656
type	1888
int	4712
self	2560
__spec__	112
_MethodType	1656
_BuiltinMethodType	1344
_Set	3000
_Sequence	3184
__all__	256
Random	1056
SystemRandom	1056
_inst	2560
3.107080
BuiltinMethod	1344
Method	1656
type	1888
int	4712
self	2560
__spec__	112
_MethodType	1656
_BuiltinMethodType	1344
_Set	3000
_Sequence	3184
__all__	256
Random	1056
SystemRandom	1056
_inst	2560
3.540228
BuiltinMethod	1344
Method	1656
type	1888
int	4712
self	2560
__spec__	112
_MethodType	1656
_BuiltinMethodType	1344
_Set	3000
_Sequence	3184
__all__	256
Random	1056
SystemRandom	1056
_inst	2560
3.968781
BuiltinMethod	1344
Method	1656
type	1888
int	4712
self	2560
__spec__	112
_MethodType	1656
_BuiltinMethodType	1344
_Set	3000
_Sequence	3184
__all__	256
Random	1056
SystemRandom	1056
_inst	2560
4.409822
BuiltinMethod	1344
Method	1656
type	1888
int	4712
self	2560
__spec__	112
_MethodType	1656
_BuiltinMethodType	1344
_Set	3000
_Sequence	3184
__all__	256
Random	1056
SystemRandom	1056
_inst	2560
4.975827
BuiltinMethod	1344
Method	1656
type	1888
int	4712
self	2560
__spec__	112
_MethodType	1656
_BuiltinMethodType	1344
_Set	3000
_Sequence	3184
__all__	256
Random	1056
SystemRandom	1056
_inst	2560
5.427359
BuiltinMethod	1344
Method	1656
type	1888
int	4712
self	2560
__spec__	112
_MethodType	1656
_BuiltinMethodType	1344
_Set	3000
_Sequence	3184
__all__	256
Random	1056
SystemRandom	1056
_inst	2560
5.977195
BuiltinMethod	1344
Method	1656
type	1888
int	4712
self	2560
__spec__	112
_MethodType	1656
_BuiltinMethodType	1344
_Set	3000
_Sequence	3184
__all__	256
Random	1056
SystemRandom	1056
_inst	2560
6.708330
BuiltinMethod	1344
Method	1656
type	1888
int	4712
self	2560
__spec__	112
_MethodType	1656
_BuiltinMethodType	1344
_Set	3000
_Sequence	3184
__all__	256
Random	1056
SystemRandom	1056
_inst	2560
7.132911
BuiltinMethod	1344
Method	1656
type	1888
int	4712
self	2560
__spec__	112
_MethodType	1656
_BuiltinMethodType	1344
_Set	3000
_Sequence	3184
__all__	256
Random	1056
SystemRandom	1056
_inst	2560
7.556175
BuiltinMethod	1344
Method	1656
type	1888
int	4712
self	2560
__spec__	112
_MethodType	1656
_BuiltinMethodType	1344
_Set	3000
_Sequence	3184
__all__	256
Random	1056
SystemRandom	1056
_inst	2560
7.977521
BuiltinMethod	1344
Method	1656
type	1888
int	4712
self	2560
__spec__	112
_MethodType	1656
_BuiltinMethodType	1344
_Set	3000
_Sequence	3184
__all__	256
Random	1056
SystemRandom	1056
_inst	2560
8.400167
BuiltinMethod	1344
Method	1656
type	1888
int	4712
self	2560
__spec__	112
_MethodType	1656
_BuiltinMethodType	1344
_Set	3000
_Sequence	3184
__all__	256
Random	1056
SystemRandom	1056
_inst	2560
8.819753
BuiltinMethod	1344
Method	1656
type	1888
int	4712
self	2560
__spec__	112
_MethodType	1656
_BuiltinMethodType	1344
_Set	3000
_Sequence	3184
__all__	256
Random	1056
SystemRandom	1056
_inst	2560
9.241886
BuiltinMethod	1344
Method	1656
type	1888
int	4712
self	2560
__spec__	112
_MethodType	1656
_BuiltinMethodType	1344
_Set	3000
_Sequence	3184
__all__	256
Random	1056
SystemRandom	1056
_inst	2560
9.670496
BuiltinMethod	1344
Method	1656
type	1888
int	4712
self	2560
__spec__	112
_MethodType	1656
_BuiltinMethodType	1344
_Set	3000
_Sequence	3184
__all__	256
Random	1056
SystemRandom	1056
_inst	2560
10.119895
BuiltinMethod	1344
Method	1656
type	1888
int	4712
self	2560
__spec__	112
_MethodType	1656
_BuiltinMethodType	1344
_Set	3000
_Sequence	3184
__all__	256
Random	1056
SystemRandom	1056
_inst	2560
10.547696
BuiltinMethod	1344
Method	1656
type	1888
int	4712
self	2560
__spec__	112
_MethodType	1656
_BuiltinMethodType	1344
_Set	3000
_Sequence	3184
__all__	256
Random	1056
SystemRandom	1056
_inst	2560
10.979316
BuiltinMethod	1344
Method	1656
type	1888
int	4712
self	2560
__spec__	112
_MethodType	1656
_BuiltinMethodType	1344
_Set	3000
_Sequence	3184
__all__	256
Random	1056
SystemRandom	1056
_inst	2560
11.432728
BuiltinMethod	1344
Method	1656
type	1888
int	4712
self	2560
__spec__	112
_MethodType	1656
_BuiltinMethodType	1344
_Set	3000
_Sequence	3184
__all__	256
Random	1056
SystemRandom	1056
_inst	2560
11.856599
BuiltinMethod	1344
Method	1656
type	1888
int	4712
self	2560
__spec__	112
_MethodType	1656
_BuiltinMethodType	1344
_Set	3000
_Sequence	3184
__all__	256
Random	1056
SystemRandom	1056
_inst	2560
12.291614
BuiltinMethod	1344
Method	1656
type	1888
int	4712
self	2560
__spec__	112
_MethodType	1656
_BuiltinMethodType	1344
_Set	3000
_Sequence	3184
__all__	256
Random	1056
SystemRandom	1056
_inst	2560
12.720540
BuiltinMethod	1344
Method	1656
type	1888
int	4712
self	2560
__spec__	112
_MethodType	1656
_BuiltinMethodType	1344
_Set	3000
_Sequence	3184
__all__	256
Random	1056
SystemRandom	1056
_inst	2560
12.955751
SingleNodeClass	2984
datalist_100	1008
__annotations__	240
List	47816
Integral	5312
BaseNodeClass	2984
