0.000094
__annotations__	240
List	48296
Integral	5472
BaseNodeClass	2984
0.240366
node	271544
self	271600
__spec__	112
ABCMeta	1112
Iterator	5384
Integral	5472
BaseNodeClass	2984
SingleNodeClass	2984
TwoNodeClass	4040
0.516512
node	502712
self	502768
__spec__	112
ABCMeta	1112
Iterator	5384
Integral	5472
BaseNodeClass	2984
SingleNodeClass	2984
TwoNodeClass	4040
0.833389
node	722904
self	722960
__spec__	112
ABCMeta	1112
Iterator	5384
Integral	5472
BaseNodeClass	2984
SingleNodeClass	2984
TwoNodeClass	4040
1.183877
node	935088
self	935144
__spec__	112
ABCMeta	1112
Iterator	5384
Integral	5472
BaseNodeClass	2984
SingleNodeClass	2984
TwoNodeClass	4040
1.585176
node	1142456
self	1142512
__spec__	112
ABCMeta	1112
Iterator	5384
Integral	5472
BaseNodeClass	2984
SingleNodeClass	2984
TwoNodeClass	4040
1.998403
node	1347192
self	1347248
__spec__	112
ABCMeta	1112
Iterator	5384
Integral	5472
BaseNodeClass	2984
SingleNodeClass	2984
TwoNodeClass	4040
2.441980
node	1546888
self	1546944
__spec__	112
ABCMeta	1112
Iterator	5384
Integral	5472
BaseNodeClass	2984
SingleNodeClass	2984
TwoNodeClass	4040
2.915677
node	1746248
self	1746304
__spec__	112
ABCMeta	1112
Iterator	5384
Integral	5472
BaseNodeClass	2984
SingleNodeClass	2984
TwoNodeClass	4040
3.423949
node	1942248
self	1942304
__spec__	112
ABCMeta	1112
Iterator	5384
Integral	5472
BaseNodeClass	2984
SingleNodeClass	2984
TwoNodeClass	4040
4.014925
node	2135672
self	2135728
__spec__	112
ABCMeta	1112
Iterator	5384
Integral	5472
BaseNodeClass	2984
SingleNodeClass	2984
TwoNodeClass	4040
4.584351
datalist	900112
instance	2327752
__annotations__	240
List	48296
Integral	5472
BaseNodeClass	2984
5.005279
node	2517424
self	2517480
__spec__	112
ABCMeta	1112
Iterator	5384
Integral	5472
BaseNodeClass	2984
SingleNodeClass	2984
TwoNodeClass	4040
5.631321
node	2706648
self	2706704
__spec__	112
ABCMeta	1112
Iterator	5384
Integral	5472
BaseNodeClass	2984
SingleNodeClass	2984
TwoNodeClass	4040
6.287350
node	2894472
self	2894528
__spec__	112
ABCMeta	1112
Iterator	5384
Integral	5472
BaseNodeClass	2984
SingleNodeClass	2984
TwoNodeClass	4040
6.971722
node	3081232
self	3081288
__spec__	112
ABCMeta	1112
Iterator	5384
Integral	5472
BaseNodeClass	2984
SingleNodeClass	2984
TwoNodeClass	4040
7.687058
node	3266312
self	3266368
__spec__	112
ABCMeta	1112
Iterator	5384
Integral	5472
BaseNodeClass	2984
SingleNodeClass	2984
TwoNodeClass	4040
8.428898
node	3451280
self	3451336
__spec__	112
ABCMeta	1112
Iterator	5384
Integral	5472
BaseNodeClass	2984
SingleNodeClass	2984
TwoNodeClass	4040
9.198939
node	3635632
self	3635688
__spec__	112
ABCMeta	1112
Iterator	5384
Integral	5472
BaseNodeClass	2984
SingleNodeClass	2984
TwoNodeClass	4040
10.000114
node	3818304
self	3818360
__spec__	112
ABCMeta	1112
Iterator	5384
Integral	5472
BaseNodeClass	2984
SingleNodeClass	2984
TwoNodeClass	4040
10.827927
node	4000640
self	4000696
__spec__	112
ABCMeta	1112
Iterator	5384
Integral	5472
BaseNodeClass	2984
SingleNodeClass	2984
TwoNodeClass	4040
11.682458
node	4182584
self	4182640
__spec__	112
ABCMeta	1112
Iterator	5384
Integral	5472
BaseNodeClass	2984
SingleNodeClass	2984
TwoNodeClass	4040
12.563825
node	4363632
self	4363688
__spec__	112
ABCMeta	1112
Iterator	5384
Integral	5472
BaseNodeClass	2984
SingleNodeClass	2984
TwoNodeClass	4040
13.490218
node	4544624
self	4544680
__spec__	112
ABCMeta	1112
Iterator	5384
Integral	5472
BaseNodeClass	2984
SingleNodeClass	2984
TwoNodeClass	4040
14.495813
node	4724664
self	4724720
__spec__	112
ABCMeta	1112
Iterator	5384
Integral	5472
BaseNodeClass	2984
SingleNodeClass	2984
TwoNodeClass	4040
15.463457
node	4903808
self	4903864
__spec__	112
ABCMeta	1112
Iterator	5384
Integral	5472
BaseNodeClass	2984
SingleNodeClass	2984
TwoNodeClass	4040
16.475939
node	5081552
self	5081608
__spec__	112
ABCMeta	1112
Iterator	5384
Integral	5472
BaseNodeClass	2984
SingleNodeClass	2984
TwoNodeClass	4040
17.509275
node	5259912
self	5259968
__spec__	112
ABCMeta	1112
Iterator	5384
Integral	5472
BaseNodeClass	2984
SingleNodeClass	2984
TwoNodeClass	4040
18.572071
node	5437936
self	5437992
__spec__	112
ABCMeta	1112
Iterator	5384
Integral	5472
BaseNodeClass	2984
SingleNodeClass	2984
TwoNodeClass	4040
19.661227
self	5600056
stack	5600192
__spec__	112
ABCMeta	1112
Iterator	5384
Integral	5472
BaseNodeClass	2984
SingleNodeClass	2984
TwoNodeClass	4040
20.778260
node	5600000
self	5600056
stack	5600144
__spec__	112
ABCMeta	1112
Iterator	5384
Integral	5472
BaseNodeClass	2984
SingleNodeClass	2984
TwoNodeClass	4040
22.293491
node	5600000
self	5600056
stack	5600136
__spec__	112
ABCMeta	1112
Iterator	5384
Integral	5472
BaseNodeClass	2984
SingleNodeClass	2984
TwoNodeClass	4040
23.612195
TwoNodeClass	4040
datalist_100000	900112
__annotations__	240
List	48296
Integral	5472
BaseNodeClass	2984
