0.000081
__annotations__	240
List	48296
Integral	5472
BaseNodeClass	2984
0.223939
self	112
__spec__	112
ABCMeta	1112
Iterator	5384
Integral	5472
BaseNodeClass	2984
BisectNodeClass	2984
SingleNodeClass	2984
TwoNodeClass	4040
0.447266
self	40376
__spec__	112
ABCMeta	1112
Iterator	5384
Integral	5472
BaseNodeClass	2984
BisectNodeClass	2984
SingleNodeClass	2984
TwoNodeClass	4040
0.677614
self	504
__spec__	112
ABCMeta	1112
Iterator	5384
Integral	5472
BaseNodeClass	2984
BisectNodeClass	2984
SingleNodeClass	2984
TwoNodeClass	4040
0.904518
self	126224
__spec__	112
ABCMeta	1112
Iterator	5384
Integral	5472
BaseNodeClass	2984
BisectNodeClass	2984
SingleNodeClass	2984
TwoNodeClass	4040
1.182276
self	168
__spec__	112
ABCMeta	1112
Iterator	5384
Integral	5472
BaseNodeClass	2984
BisectNodeClass	2984
SingleNodeClass	2984
TwoNodeClass	4040
1.407132
self	1440600
__spec__	112
ABCMeta	1112
Iterator	5384
Integral	5472
BaseNodeClass	2984
BisectNodeClass	2984
SingleNodeClass	2984
TwoNodeClass	4040
1.717555
self	828240
__spec__	112
ABCMeta	1112
Iterator	5384
Integral	5472
BaseNodeClass	2984
BisectNodeClass	2984
SingleNodeClass	2984
TwoNodeClass	4040
1.994775
self	935144
__spec__	112
ABCMeta	1112
Iterator	5384
Integral	5472
BaseNodeClass	2984
BisectNodeClass	2984
SingleNodeClass	2984
TwoNodeClass	4040
2.279382
self	672
__spec__	112
ABCMeta	1112
Iterator	5384
Integral	5472
BaseNodeClass	2984
BisectNodeClass	2984
SingleNodeClass	2984
TwoNodeClass	4040
2.509218
self	761208
__spec__	112
ABCMeta	1112
Iterator	5384
Integral	5472
BaseNodeClass	2984
BisectNodeClass	2984
SingleNodeClass	2984
TwoNodeClass	4040
2.782897
self	728
__spec__	112
ABCMeta	1112
Iterator	5384
Integral	5472
BaseNodeClass	2984
BisectNodeClass	2984
SingleNodeClass	2984
TwoNodeClass	4040
3.019322
self	272384
__spec__	112
ABCMeta	1112
Iterator	5384
Integral	5472
BaseNodeClass	2984
BisectNodeClass	2984
SingleNodeClass	2984
TwoNodeClass	4040
3.271072
self	9800
__spec__	112
ABCMeta	1112
Iterator	5384
Integral	5472
BaseNodeClass	2984
BisectNodeClass	2984
SingleNodeClass	2984
TwoNodeClass	4040
3.504607
self	3098872
__spec__	112
ABCMeta	1112
Iterator	5384
Integral	5472
BaseNodeClass	2984
BisectNodeClass	2984
SingleNodeClass	2984
TwoNodeClass	4040
3.910572
self	1848
__spec__	112
ABCMeta	1112
Iterator	5384
Integral	5472
BaseNodeClass	2984
BisectNodeClass	2984
SingleNodeClass	2984
TwoNodeClass	4040
4.143690
self	1743280
__spec__	112
ABCMeta	1112
Iterator	5384
Integral	5472
BaseNodeClass	2984
BisectNodeClass	2984
SingleNodeClass	2984
TwoNodeClass	4040
4.472603
self	2296
__spec__	112
ABCMeta	1112
Iterator	5384
Integral	5472
BaseNodeClass	2984
BisectNodeClass	2984
SingleNodeClass	2984
TwoNodeClass	4040
4.758282
self	3233272
__spec__	112
ABCMeta	1112
Iterator	5384
Integral	5472
BaseNodeClass	2984
BisectNodeClass	2984
SingleNodeClass	2984
TwoNodeClass	4040
5.169678
self	56
__spec__	112
ABCMeta	1112
Iterator	5384
Integral	5472
BaseNodeClass	2984
BisectNodeClass	2984
SingleNodeClass	2984
TwoNodeClass	4040
5.402990
self	448
__spec__	112
ABCMeta	1112
Iterator	5384
Integral	5472
BaseNodeClass	2984
BisectNodeClass	2984
SingleNodeClass	2984
TwoNodeClass	4040
5.633905
self	56
__spec__	112
ABCMeta	1112
Iterator	5384
Integral	5472
BaseNodeClass	2984
BisectNodeClass	2984
SingleNodeClass	2984
TwoNodeClass	4040
5.866159
datalist	900112
instance	4668664
__annotations__	240
List	48296
Integral	5472
BaseNodeClass	2984
6.399172
self	4042528
__spec__	112
ABCMeta	1112
Iterator	5384
Integral	5472
BaseNodeClass	2984
BisectNodeClass	2984
SingleNodeClass	2984
TwoNodeClass	4040
6.894629
self	7448
__spec__	112
ABCMeta	1112
Iterator	5384
Integral	5472
BaseNodeClass	2984
BisectNodeClass	2984
SingleNodeClass	2984
TwoNodeClass	4040
7.156191
self	530040
__spec__	112
ABCMeta	1112
Iterator	5384
Integral	5472
BaseNodeClass	2984
BisectNodeClass	2984
SingleNodeClass	2984
TwoNodeClass	4040
7.437488
self	109032
__spec__	112
ABCMeta	1112
Iterator	5384
Integral	5472
BaseNodeClass	2984
BisectNodeClass	2984
SingleNodeClass	2984
TwoNodeClass	4040
7.674939
self	99232
__spec__	112
ABCMeta	1112
Iterator	5384
Integral	5472
BaseNodeClass	2984
BisectNodeClass	2984
SingleNodeClass	2984
TwoNodeClass	4040
7.910584
self	1120
__spec__	112
ABCMeta	1112
Iterator	5384
Integral	5472
BaseNodeClass	2984
BisectNodeClass	2984
SingleNodeClass	2984
TwoNodeClass	4040
8.141447
self	2352
__spec__	112
ABCMeta	1112
Iterator	5384
Integral	5472
BaseNodeClass	2984
BisectNodeClass	2984
SingleNodeClass	2984
TwoNodeClass	4040
8.361937
self	280
__spec__	112
ABCMeta	1112
Iterator	5384
Integral	5472
BaseNodeClass	2984
BisectNodeClass	2984
SingleNodeClass	2984
TwoNodeClass	4040
8.580027
self	28504
__spec__	112
ABCMeta	1112
Iterator	5384
Integral	5472
BaseNodeClass	2984
BisectNodeClass	2984
SingleNodeClass	2984
TwoNodeClass	4040
8.800047
self	6832
__spec__	112
ABCMeta	1112
Iterator	5384
Integral	5472
BaseNodeClass	2984
BisectNodeClass	2984
SingleNodeClass	2984
TwoNodeClass	4040
9.017019
self	118216
__spec__	112
ABCMeta	1112
Iterator	5384
Integral	5472
BaseNodeClass	2984
BisectNodeClass	2984
SingleNodeClass	2984
TwoNodeClass	4040
9.240768
self	2408
__spec__	112
ABCMeta	1112
Iterator	5384
Integral	5472
BaseNodeClass	2984
BisectNodeClass	2984
SingleNodeClass	2984
TwoNodeClass	4040
9.456794
self	9800
__spec__	112
ABCMeta	1112
Iterator	5384
Integral	5472
BaseNodeClass	2984
BisectNodeClass	2984
SingleNodeClass	2984
TwoNodeClass	4040
9.685665
self	12488
__spec__	112
ABCMeta	1112
Iterator	5384
Integral	5472
BaseNodeClass	2984
BisectNodeClass	2984
SingleNodeClass	2984
TwoNodeClass	4040
9.775057
SingleNodeClass	2984
datalist_100000	900112
__annotations__	240
List	48296
Integral	5472
BaseNodeClass	2984
