0.000261
__annotations__	240
List	48296
Integral	5472
BaseNodeClass	2984
0.236689
self	7392
__spec__	112
ABCMeta	1112
Iterator	5384
Integral	5472
BaseNodeClass	2984
BisectNodeClass	2984
SingleNodeClass	2984
TwoNodeClass	4040
0.465930
self	2240
__spec__	112
ABCMeta	1112
Iterator	5384
Integral	5472
BaseNodeClass	2984
BisectNodeClass	2984
SingleNodeClass	2984
TwoNodeClass	4040
0.735682
self	1904
__spec__	112
ABCMeta	1112
Iterator	5384
Integral	5472
BaseNodeClass	2984
BisectNodeClass	2984
SingleNodeClass	2984
TwoNodeClass	4040
0.964755
self	56
__spec__	112
ABCMeta	1112
Iterator	5384
Integral	5472
BaseNodeClass	2984
BisectNodeClass	2984
SingleNodeClass	2984
TwoNodeClass	4040
1.193230
self	1207248
__spec__	112
ABCMeta	1112
Iterator	5384
Integral	5472
BaseNodeClass	2984
BisectNodeClass	2984
SingleNodeClass	2984
TwoNodeClass	4040
1.489798
self	786632
__spec__	112
ABCMeta	1112
Iterator	5384
Integral	5472
BaseNodeClass	2984
BisectNodeClass	2984
SingleNodeClass	2984
TwoNodeClass	4040
1.764907
self	299992
__spec__	112
ABCMeta	1112
Iterator	5384
Integral	5472
BaseNodeClass	2984
BisectNodeClass	2984
SingleNodeClass	2984
TwoNodeClass	4040
2.012259
self	8792
__spec__	112
ABCMeta	1112
Iterator	5384
Integral	5472
BaseNodeClass	2984
BisectNodeClass	2984
SingleNodeClass	2984
TwoNodeClass	4040
2.243059
self	911064
__spec__	112
ABCMeta	1112
Iterator	5384
Integral	5472
BaseNodeClass	2984
BisectNodeClass	2984
SingleNodeClass	2984
TwoNodeClass	4040
2.522962
self	14672
__spec__	112
ABCMeta	1112
Iterator	5384
Integral	5472
BaseNodeClass	2984
BisectNodeClass	2984
SingleNodeClass	2984
TwoNodeClass	4040
2.754571
self	728
__spec__	112
ABCMeta	1112
Iterator	5384
Integral	5472
BaseNodeClass	2984
BisectNodeClass	2984
SingleNodeClass	2984
TwoNodeClass	4040
2.992319
self	1008
__spec__	112
ABCMeta	1112
Iterator	5384
Integral	5472
BaseNodeClass	2984
BisectNodeClass	2984
SingleNodeClass	2984
TwoNodeClass	4040
3.228124
self	168
__spec__	112
ABCMeta	1112
Iterator	5384
Integral	5472
BaseNodeClass	2984
BisectNodeClass	2984
SingleNodeClass	2984
TwoNodeClass	4040
3.465250
self	224
__spec__	112
ABCMeta	1112
Iterator	5384
Integral	5472
BaseNodeClass	2984
BisectNodeClass	2984
SingleNodeClass	2984
TwoNodeClass	4040
3.793534
self	164976
__spec__	112
ABCMeta	1112
Iterator	5384
Integral	5472
BaseNodeClass	2984
BisectNodeClass	2984
SingleNodeClass	2984
TwoNodeClass	4040
4.049545
self	75040
__spec__	112
ABCMeta	1112
Iterator	5384
Integral	5472
BaseNodeClass	2984
BisectNodeClass	2984
SingleNodeClass	2984
TwoNodeClass	4040
4.302383
self	8232
__spec__	112
ABCMeta	1112
Iterator	5384
Integral	5472
BaseNodeClass	2984
BisectNodeClass	2984
SingleNodeClass	2984
TwoNodeClass	4040
4.541169
self	392
__spec__	112
ABCMeta	1112
Iterator	5384
Integral	5472
BaseNodeClass	2984
BisectNodeClass	2984
SingleNodeClass	2984
TwoNodeClass	4040
4.778561
self	244048
__spec__	112
ABCMeta	1112
Iterator	5384
Integral	5472
BaseNodeClass	2984
BisectNodeClass	2984
SingleNodeClass	2984
TwoNodeClass	4040
5.025459
self	1879864
__spec__	112
ABCMeta	1112
Iterator	5384
Integral	5472
BaseNodeClass	2984
BisectNodeClass	2984
SingleNodeClass	2984
TwoNodeClass	4040
5.370569
self	56
__spec__	112
ABCMeta	1112
Iterator	5384
Integral	5472
BaseNodeClass	2984
BisectNodeClass	2984
SingleNodeClass	2984
TwoNodeClass	4040
5.629143
self	224
__spec__	112
ABCMeta	1112
Iterator	5384
Integral	5472
BaseNodeClass	2984
BisectNodeClass	2984
SingleNodeClass	2984
TwoNodeClass	4040
5.934760
self	9240
__spec__	112
ABCMeta	1112
Iterator	5384
Integral	5472
BaseNodeClass	2984
BisectNodeClass	2984
SingleNodeClass	2984
TwoNodeClass	4040
6.179675
self	174552
__spec__	112
ABCMeta	1112
Iterator	5384
Integral	5472
BaseNodeClass	2984
BisectNodeClass	2984
SingleNodeClass	2984
TwoNodeClass	4040
6.474549
self	4704
__spec__	112
ABCMeta	1112
Iterator	5384
Integral	5472
BaseNodeClass	2984
BisectNodeClass	2984
SingleNodeClass	2984
TwoNodeClass	4040
6.760725
self	2998744
__spec__	112
ABCMeta	1112
Iterator	5384
Integral	5472
BaseNodeClass	2984
BisectNodeClass	2984
SingleNodeClass	2984
TwoNodeClass	4040
7.169663
self	1972600
__spec__	112
ABCMeta	1112
Iterator	5384
Integral	5472
BaseNodeClass	2984
BisectNodeClass	2984
SingleNodeClass	2984
TwoNodeClass	4040
7.516721
self	419160
__spec__	112
ABCMeta	1112
Iterator	5384
Integral	5472
BaseNodeClass	2984
BisectNodeClass	2984
SingleNodeClass	2984
TwoNodeClass	4040
7.867164
self	448728
__spec__	112
ABCMeta	1112
Iterator	5384
Integral	5472
BaseNodeClass	2984
BisectNodeClass	2984
SingleNodeClass	2984
TwoNodeClass	4040
8.136210
self	112
__spec__	112
ABCMeta	1112
Iterator	5384
Integral	5472
BaseNodeClass	2984
BisectNodeClass	2984
SingleNodeClass	2984
TwoNodeClass	4040
8.372653
self	2464
__spec__	112
ABCMeta	1112
Iterator	5384
Integral	5472
BaseNodeClass	2984
BisectNodeClass	2984
SingleNodeClass	2984
TwoNodeClass	4040
8.608117
self	952
__spec__	112
ABCMeta	1112
Iterator	5384
Integral	5472
BaseNodeClass	2984
BisectNodeClass	2984
SingleNodeClass	2984
TwoNodeClass	4040
8.842605
self	4088
__spec__	112
ABCMeta	1112
Iterator	5384
Integral	5472
BaseNodeClass	2984
BisectNodeClass	2984
SingleNodeClass	2984
TwoNodeClass	4040
9.083841
self	1008
__spec__	112
ABCMeta	1112
Iterator	5384
Integral	5472
BaseNodeClass	2984
BisectNodeClass	2984
SingleNodeClass	2984
TwoNodeClass	4040
9.326620
self	11480
__spec__	112
ABCMeta	1112
Iterator	5384
Integral	5472
BaseNodeClass	2984
BisectNodeClass	2984
SingleNodeClass	2984
TwoNodeClass	4040
9.561381
self	560
__spec__	112
ABCMeta	1112
Iterator	5384
Integral	5472
BaseNodeClass	2984
BisectNodeClass	2984
SingleNodeClass	2984
TwoNodeClass	4040
9.801429
self	19600
__spec__	112
ABCMeta	1112
Iterator	5384
Integral	5472
BaseNodeClass	2984
BisectNodeClass	2984
SingleNodeClass	2984
TwoNodeClass	4040
10.038894
self	17304
__spec__	112
ABCMeta	1112
Iterator	5384
Integral	5472
BaseNodeClass	2984
BisectNodeClass	2984
SingleNodeClass	2984
TwoNodeClass	4040
10.274894
self	185696
__spec__	112
ABCMeta	1112
Iterator	5384
Integral	5472
BaseNodeClass	2984
BisectNodeClass	2984
SingleNodeClass	2984
TwoNodeClass	4040
10.523425
self	1792
__spec__	112
ABCMeta	1112
Iterator	5384
Integral	5472
BaseNodeClass	2984
BisectNodeClass	2984
SingleNodeClass	2984
TwoNodeClass	4040
10.760400
datalist	9000112
instance	8154720
__annotations__	240
List	48296
Integral	5472
BaseNodeClass	2984
11.510043
self	56
__spec__	112
ABCMeta	1112
Iterator	5384
Integral	5472
BaseNodeClass	2984
BisectNodeClass	2984
SingleNodeClass	2984
TwoNodeClass	4040
11.865788
self	8518664
__spec__	112
ABCMeta	1112
Iterator	5384
Integral	5472
BaseNodeClass	2984
BisectNodeClass	2984
SingleNodeClass	2984
TwoNodeClass	4040
12.592661
self	56
__spec__	112
ABCMeta	1112
Iterator	5384
Integral	5472
BaseNodeClass	2984
BisectNodeClass	2984
SingleNodeClass	2984
TwoNodeClass	4040
12.825813
self	2240
__spec__	112
ABCMeta	1112
Iterator	5384
Integral	5472
BaseNodeClass	2984
BisectNodeClass	2984
SingleNodeClass	2984
TwoNodeClass	4040
13.063202
self	415912
__spec__	112
ABCMeta	1112
Iterator	5384
Integral	5472
BaseNodeClass	2984
BisectNodeClass	2984
SingleNodeClass	2984
TwoNodeClass	4040
13.326559
self	625576
__spec__	112
ABCMeta	1112
Iterator	5384
Integral	5472
BaseNodeClass	2984
BisectNodeClass	2984
SingleNodeClass	2984
TwoNodeClass	4040
13.600882
self	9423512
__spec__	112
ABCMeta	1112
Iterator	5384
Integral	5472
BaseNodeClass	2984
BisectNodeClass	2984
SingleNodeClass	2984
TwoNodeClass	4040
14.386483
self	1416856
__spec__	112
ABCMeta	1112
Iterator	5384
Integral	5472
BaseNodeClass	2984
BisectNodeClass	2984
SingleNodeClass	2984
TwoNodeClass	4040
14.704003
self	2785272
__spec__	112
ABCMeta	1112
Iterator	5384
Integral	5472
BaseNodeClass	2984
BisectNodeClass	2984
SingleNodeClass	2984
TwoNodeClass	4040
15.100706
self	9961560
__spec__	112
ABCMeta	1112
Iterator	5384
Integral	5472
BaseNodeClass	2984
BisectNodeClass	2984
SingleNodeClass	2984
TwoNodeClass	4040
15.919595
self	218344
__spec__	112
ABCMeta	1112
Iterator	5384
Integral	5472
BaseNodeClass	2984
BisectNodeClass	2984
SingleNodeClass	2984
TwoNodeClass	4040
16.167439
self	412384
__spec__	112
ABCMeta	1112
Iterator	5384
Integral	5472
BaseNodeClass	2984
BisectNodeClass	2984
SingleNodeClass	2984
TwoNodeClass	4040
16.428236
self	13944
__spec__	112
ABCMeta	1112
Iterator	5384
Integral	5472
BaseNodeClass	2984
BisectNodeClass	2984
SingleNodeClass	2984
TwoNodeClass	4040
16.665467
self	56
__spec__	112
ABCMeta	1112
Iterator	5384
Integral	5472
BaseNodeClass	2984
BisectNodeClass	2984
SingleNodeClass	2984
TwoNodeClass	4040
16.904150
self	10852016
__spec__	112
ABCMeta	1112
Iterator	5384
Integral	5472
BaseNodeClass	2984
BisectNodeClass	2984
SingleNodeClass	2984
TwoNodeClass	4040
17.913801
self	141680
__spec__	112
ABCMeta	1112
Iterator	5384
Integral	5472
BaseNodeClass	2984
BisectNodeClass	2984
SingleNodeClass	2984
TwoNodeClass	4040
18.157980
self	23240
__spec__	112
ABCMeta	1112
Iterator	5384
Integral	5472
BaseNodeClass	2984
BisectNodeClass	2984
SingleNodeClass	2984
TwoNodeClass	4040
18.396734
self	573832
__spec__	112
ABCMeta	1112
Iterator	5384
Integral	5472
BaseNodeClass	2984
BisectNodeClass	2984
SingleNodeClass	2984
TwoNodeClass	4040
18.670501
self	56
__spec__	112
ABCMeta	1112
Iterator	5384
Integral	5472
BaseNodeClass	2984
BisectNodeClass	2984
SingleNodeClass	2984
TwoNodeClass	4040
18.907110
self	784
__spec__	112
ABCMeta	1112
Iterator	5384
Integral	5472
BaseNodeClass	2984
BisectNodeClass	2984
SingleNodeClass	2984
TwoNodeClass	4040
19.141812
datalist	9000112
instance	11916128
__annotations__	240
List	48296
Integral	5472
BaseNodeClass	2984
20.109601
self	5351640
__spec__	112
ABCMeta	1112
Iterator	5384
Integral	5472
BaseNodeClass	2984
BisectNodeClass	2984
SingleNodeClass	2984
TwoNodeClass	4040
20.653375
self	43736
__spec__	112
ABCMeta	1112
Iterator	5384
Integral	5472
BaseNodeClass	2984
BisectNodeClass	2984
SingleNodeClass	2984
TwoNodeClass	4040
20.892122
self	2744
__spec__	112
ABCMeta	1112
Iterator	5384
Integral	5472
BaseNodeClass	2984
BisectNodeClass	2984
SingleNodeClass	2984
TwoNodeClass	4040
21.127307
self	441952
__spec__	112
ABCMeta	1112
Iterator	5384
Integral	5472
BaseNodeClass	2984
BisectNodeClass	2984
SingleNodeClass	2984
TwoNodeClass	4040
21.387924
self	1288
__spec__	112
ABCMeta	1112
Iterator	5384
Integral	5472
BaseNodeClass	2984
BisectNodeClass	2984
SingleNodeClass	2984
TwoNodeClass	4040
21.627755
self	65408
__spec__	112
ABCMeta	1112
Iterator	5384
Integral	5472
BaseNodeClass	2984
BisectNodeClass	2984
SingleNodeClass	2984
TwoNodeClass	4040
21.868256
self	183232
__spec__	112
ABCMeta	1112
Iterator	5384
Integral	5472
BaseNodeClass	2984
BisectNodeClass	2984
SingleNodeClass	2984
TwoNodeClass	4040
22.114727
self	67368
__spec__	112
ABCMeta	1112
Iterator	5384
Integral	5472
BaseNodeClass	2984
BisectNodeClass	2984
SingleNodeClass	2984
TwoNodeClass	4040
22.365579
self	3304
__spec__	112
ABCMeta	1112
Iterator	5384
Integral	5472
BaseNodeClass	2984
BisectNodeClass	2984
SingleNodeClass	2984
TwoNodeClass	4040
22.603180
self	1624
__spec__	112
ABCMeta	1112
Iterator	5384
Integral	5472
BaseNodeClass	2984
BisectNodeClass	2984
SingleNodeClass	2984
TwoNodeClass	4040
22.840949
self	33936
__spec__	112
ABCMeta	1112
Iterator	5384
Integral	5472
BaseNodeClass	2984
BisectNodeClass	2984
SingleNodeClass	2984
TwoNodeClass	4040
23.081020
self	64176
__spec__	112
ABCMeta	1112
Iterator	5384
Integral	5472
BaseNodeClass	2984
BisectNodeClass	2984
SingleNodeClass	2984
TwoNodeClass	4040
23.318969
self	9184
__spec__	112
ABCMeta	1112
Iterator	5384
Integral	5472
BaseNodeClass	2984
BisectNodeClass	2984
SingleNodeClass	2984
TwoNodeClass	4040
23.735626
self	4108776
__spec__	112
ABCMeta	1112
Iterator	5384
Integral	5472
BaseNodeClass	2984
BisectNodeClass	2984
SingleNodeClass	2984
TwoNodeClass	4040
24.206652
self	2968
__spec__	112
ABCMeta	1112
Iterator	5384
Integral	5472
BaseNodeClass	2984
BisectNodeClass	2984
SingleNodeClass	2984
TwoNodeClass	4040
24.444657
self	11872
__spec__	112
ABCMeta	1112
Iterator	5384
Integral	5472
BaseNodeClass	2984
BisectNodeClass	2984
SingleNodeClass	2984
TwoNodeClass	4040
24.682579
self	6580504
__spec__	112
ABCMeta	1112
Iterator	5384
Integral	5472
BaseNodeClass	2984
BisectNodeClass	2984
SingleNodeClass	2984
TwoNodeClass	4040
25.298859
self	25312
__spec__	112
ABCMeta	1112
Iterator	5384
Integral	5472
BaseNodeClass	2984
BisectNodeClass	2984
SingleNodeClass	2984
TwoNodeClass	4040
25.538167
self	9352
__spec__	112
ABCMeta	1112
Iterator	5384
Integral	5472
BaseNodeClass	2984
BisectNodeClass	2984
SingleNodeClass	2984
TwoNodeClass	4040
25.773161
self	112
__spec__	112
ABCMeta	1112
Iterator	5384
Integral	5472
BaseNodeClass	2984
BisectNodeClass	2984
SingleNodeClass	2984
TwoNodeClass	4040
26.010874
self	482440
__spec__	112
ABCMeta	1112
Iterator	5384
Integral	5472
BaseNodeClass	2984
BisectNodeClass	2984
SingleNodeClass	2984
TwoNodeClass	4040
26.280171
self	1402912
__spec__	112
ABCMeta	1112
Iterator	5384
Integral	5472
BaseNodeClass	2984
BisectNodeClass	2984
SingleNodeClass	2984
TwoNodeClass	4040
26.597593
self	168
__spec__	112
ABCMeta	1112
Iterator	5384
Integral	5472
BaseNodeClass	2984
BisectNodeClass	2984
SingleNodeClass	2984
TwoNodeClass	4040
26.830222
self	112
__spec__	112
ABCMeta	1112
Iterator	5384
Integral	5472
BaseNodeClass	2984
BisectNodeClass	2984
SingleNodeClass	2984
TwoNodeClass	4040
27.066761
self	715848
__spec__	112
ABCMeta	1112
Iterator	5384
Integral	5472
BaseNodeClass	2984
BisectNodeClass	2984
SingleNodeClass	2984
TwoNodeClass	4040
27.350657
self	5404392
__spec__	112
ABCMeta	1112
Iterator	5384
Integral	5472
BaseNodeClass	2984
BisectNodeClass	2984
SingleNodeClass	2984
TwoNodeClass	4040
27.900851
self	2436504
__spec__	112
ABCMeta	1112
Iterator	5384
Integral	5472
BaseNodeClass	2984
BisectNodeClass	2984
SingleNodeClass	2984
TwoNodeClass	4040
28.282484
self	7420224
__spec__	112
ABCMeta	1112
Iterator	5384
Integral	5472
BaseNodeClass	2984
BisectNodeClass	2984
SingleNodeClass	2984
TwoNodeClass	4040
28.943561
self	16352
__spec__	112
ABCMeta	1112
Iterator	5384
Integral	5472
BaseNodeClass	2984
BisectNodeClass	2984
SingleNodeClass	2984
TwoNodeClass	4040
29.182391
self	858088
__spec__	112
ABCMeta	1112
Iterator	5384
Integral	5472
BaseNodeClass	2984
BisectNodeClass	2984
SingleNodeClass	2984
TwoNodeClass	4040
29.467560
self	5435136
__spec__	112
ABCMeta	1112
Iterator	5384
Integral	5472
BaseNodeClass	2984
BisectNodeClass	2984
SingleNodeClass	2984
TwoNodeClass	4040
30.018280
self	581840
__spec__	112
ABCMeta	1112
Iterator	5384
Integral	5472
BaseNodeClass	2984
BisectNodeClass	2984
SingleNodeClass	2984
TwoNodeClass	4040
30.289520
self	1512
__spec__	112
ABCMeta	1112
Iterator	5384
Integral	5472
BaseNodeClass	2984
BisectNodeClass	2984
SingleNodeClass	2984
TwoNodeClass	4040
30.535110
self	192920
__spec__	112
ABCMeta	1112
Iterator	5384
Integral	5472
BaseNodeClass	2984
BisectNodeClass	2984
SingleNodeClass	2984
TwoNodeClass	4040
30.801434
self	217448
__spec__	112
ABCMeta	1112
Iterator	5384
Integral	5472
BaseNodeClass	2984
BisectNodeClass	2984
SingleNodeClass	2984
TwoNodeClass	4040
31.070388
self	18148648
__spec__	112
ABCMeta	1112
Iterator	5384
Integral	5472
BaseNodeClass	2984
BisectNodeClass	2984
SingleNodeClass	2984
TwoNodeClass	4040
32.668465
self	10218264
__spec__	112
ABCMeta	1112
Iterator	5384
Integral	5472
BaseNodeClass	2984
BisectNodeClass	2984
SingleNodeClass	2984
TwoNodeClass	4040
33.515791
self	17528
__spec__	112
ABCMeta	1112
Iterator	5384
Integral	5472
BaseNodeClass	2984
BisectNodeClass	2984
SingleNodeClass	2984
TwoNodeClass	4040
33.764671
self	112
__spec__	112
ABCMeta	1112
Iterator	5384
Integral	5472
BaseNodeClass	2984
BisectNodeClass	2984
SingleNodeClass	2984
TwoNodeClass	4040
34.083822
self	336
__spec__	112
ABCMeta	1112
Iterator	5384
Integral	5472
BaseNodeClass	2984
BisectNodeClass	2984
SingleNodeClass	2984
TwoNodeClass	4040
34.337020
self	14448
__spec__	112
ABCMeta	1112
Iterator	5384
Integral	5472
BaseNodeClass	2984
BisectNodeClass	2984
SingleNodeClass	2984
TwoNodeClass	4040
34.584143
self	503552
__spec__	112
ABCMeta	1112
Iterator	5384
Integral	5472
BaseNodeClass	2984
BisectNodeClass	2984
SingleNodeClass	2984
TwoNodeClass	4040
34.854517
self	1017576
__spec__	112
ABCMeta	1112
Iterator	5384
Integral	5472
BaseNodeClass	2984
BisectNodeClass	2984
SingleNodeClass	2984
TwoNodeClass	4040
35.152812
self	448
__spec__	112
ABCMeta	1112
Iterator	5384
Integral	5472
BaseNodeClass	2984
BisectNodeClass	2984
SingleNodeClass	2984
TwoNodeClass	4040
35.391973
self	30744
__spec__	112
ABCMeta	1112
Iterator	5384
Integral	5472
BaseNodeClass	2984
BisectNodeClass	2984
SingleNodeClass	2984
TwoNodeClass	4040
35.636987
self	1214640
__spec__	112
ABCMeta	1112
Iterator	5384
Integral	5472
BaseNodeClass	2984
BisectNodeClass	2984
SingleNodeClass	2984
TwoNodeClass	4040
35.949284
self	2520
__spec__	112
ABCMeta	1112
Iterator	5384
Integral	5472
BaseNodeClass	2984
BisectNodeClass	2984
SingleNodeClass	2984
TwoNodeClass	4040
36.192027
self	62384
__spec__	112
ABCMeta	1112
Iterator	5384
Integral	5472
BaseNodeClass	2984
BisectNodeClass	2984
SingleNodeClass	2984
TwoNodeClass	4040
36.434017
self	1914080
__spec__	112
ABCMeta	1112
Iterator	5384
Integral	5472
BaseNodeClass	2984
BisectNodeClass	2984
SingleNodeClass	2984
TwoNodeClass	4040
36.788865
self	7168
__spec__	112
ABCMeta	1112
Iterator	5384
Integral	5472
BaseNodeClass	2984
BisectNodeClass	2984
SingleNodeClass	2984
TwoNodeClass	4040
37.029593
self	20695360
__spec__	112
ABCMeta	1112
Iterator	5384
Integral	5472
BaseNodeClass	2984
BisectNodeClass	2984
SingleNodeClass	2984
TwoNodeClass	4040
38.517809
self	2061136
__spec__	112
ABCMeta	1112
Iterator	5384
Integral	5472
BaseNodeClass	2984
BisectNodeClass	2984
SingleNodeClass	2984
TwoNodeClass	4040
38.880644
self	9128
__spec__	112
ABCMeta	1112
Iterator	5384
Integral	5472
BaseNodeClass	2984
BisectNodeClass	2984
SingleNodeClass	2984
TwoNodeClass	4040
39.121579
self	168
__spec__	112
ABCMeta	1112
Iterator	5384
Integral	5472
BaseNodeClass	2984
BisectNodeClass	2984
SingleNodeClass	2984
TwoNodeClass	4040
39.360355
self	56
__spec__	112
ABCMeta	1112
Iterator	5384
Integral	5472
BaseNodeClass	2984
BisectNodeClass	2984
SingleNodeClass	2984
TwoNodeClass	4040
39.601496
self	136080
__spec__	112
ABCMeta	1112
Iterator	5384
Integral	5472
BaseNodeClass	2984
BisectNodeClass	2984
SingleNodeClass	2984
TwoNodeClass	4040
39.849894
self	88760
__spec__	112
ABCMeta	1112
Iterator	5384
Integral	5472
BaseNodeClass	2984
BisectNodeClass	2984
SingleNodeClass	2984
TwoNodeClass	4040
40.097350
self	1797320
__spec__	112
ABCMeta	1112
Iterator	5384
Integral	5472
BaseNodeClass	2984
BisectNodeClass	2984
SingleNodeClass	2984
TwoNodeClass	4040
40.468035
self	12300064
__spec__	112
ABCMeta	1112
Iterator	5384
Integral	5472
BaseNodeClass	2984
BisectNodeClass	2984
SingleNodeClass	2984
TwoNodeClass	4040
41.443127
self	280
__spec__	112
ABCMeta	1112
Iterator	5384
Integral	5472
BaseNodeClass	2984
BisectNodeClass	2984
SingleNodeClass	2984
TwoNodeClass	4040
41.688316
self	1512
__spec__	112
ABCMeta	1112
Iterator	5384
Integral	5472
BaseNodeClass	2984
BisectNodeClass	2984
SingleNodeClass	2984
TwoNodeClass	4040
41.927754
self	7092344
__spec__	112
ABCMeta	1112
Iterator	5384
Integral	5472
BaseNodeClass	2984
BisectNodeClass	2984
SingleNodeClass	2984
TwoNodeClass	4040
42.617847
self	745136
__spec__	112
ABCMeta	1112
Iterator	5384
Integral	5472
BaseNodeClass	2984
BisectNodeClass	2984
SingleNodeClass	2984
TwoNodeClass	4040
42.928885
self	10584
__spec__	112
ABCMeta	1112
Iterator	5384
Integral	5472
BaseNodeClass	2984
BisectNodeClass	2984
SingleNodeClass	2984
TwoNodeClass	4040
43.185008
self	2912
__spec__	112
ABCMeta	1112
Iterator	5384
Integral	5472
BaseNodeClass	2984
BisectNodeClass	2984
SingleNodeClass	2984
TwoNodeClass	4040
43.443279
self	2413936
__spec__	112
ABCMeta	1112
Iterator	5384
Integral	5472
BaseNodeClass	2984
BisectNodeClass	2984
SingleNodeClass	2984
TwoNodeClass	4040
43.828216
self	56
__spec__	112
ABCMeta	1112
Iterator	5384
Integral	5472
BaseNodeClass	2984
BisectNodeClass	2984
SingleNodeClass	2984
TwoNodeClass	4040
44.363675
self	774592
__spec__	112
ABCMeta	1112
Iterator	5384
Integral	5472
BaseNodeClass	2984
BisectNodeClass	2984
SingleNodeClass	2984
TwoNodeClass	4040
44.649948
self	56
__spec__	112
ABCMeta	1112
Iterator	5384
Integral	5472
BaseNodeClass	2984
BisectNodeClass	2984
SingleNodeClass	2984
TwoNodeClass	4040
44.889827
self	2632
__spec__	112
ABCMeta	1112
Iterator	5384
Integral	5472
BaseNodeClass	2984
BisectNodeClass	2984
SingleNodeClass	2984
TwoNodeClass	4040
45.139873
self	20944
__spec__	112
ABCMeta	1112
Iterator	5384
Integral	5472
BaseNodeClass	2984
BisectNodeClass	2984
SingleNodeClass	2984
TwoNodeClass	4040
45.375487
self	24217984
__spec__	112
ABCMeta	1112
Iterator	5384
Integral	5472
BaseNodeClass	2984
BisectNodeClass	2984
SingleNodeClass	2984
TwoNodeClass	4040
47.084375
self	56
__spec__	112
ABCMeta	1112
Iterator	5384
Integral	5472
BaseNodeClass	2984
BisectNodeClass	2984
SingleNodeClass	2984
TwoNodeClass	4040
47.326963
self	13776
__spec__	112
ABCMeta	1112
Iterator	5384
Integral	5472
BaseNodeClass	2984
BisectNodeClass	2984
SingleNodeClass	2984
TwoNodeClass	4040
47.586673
self	112
__spec__	112
ABCMeta	1112
Iterator	5384
Integral	5472
BaseNodeClass	2984
BisectNodeClass	2984
SingleNodeClass	2984
TwoNodeClass	4040
47.852413
self	1523704
__spec__	112
ABCMeta	1112
Iterator	5384
Integral	5472
BaseNodeClass	2984
BisectNodeClass	2984
SingleNodeClass	2984
TwoNodeClass	4040
48.199050
self	4760
__spec__	112
ABCMeta	1112
Iterator	5384
Integral	5472
BaseNodeClass	2984
BisectNodeClass	2984
SingleNodeClass	2984
TwoNodeClass	4040
48.438334
self	11140080
__spec__	112
ABCMeta	1112
Iterator	5384
Integral	5472
BaseNodeClass	2984
BisectNodeClass	2984
SingleNodeClass	2984
TwoNodeClass	4040
49.368332
self	807576
__spec__	112
ABCMeta	1112
Iterator	5384
Integral	5472
BaseNodeClass	2984
BisectNodeClass	2984
SingleNodeClass	2984
TwoNodeClass	4040
49.665090
self	55944
__spec__	112
ABCMeta	1112
Iterator	5384
Integral	5472
BaseNodeClass	2984
BisectNodeClass	2984
SingleNodeClass	2984
TwoNodeClass	4040
49.906432
self	14354704
__spec__	112
ABCMeta	1112
Iterator	5384
Integral	5472
BaseNodeClass	2984
BisectNodeClass	2984
SingleNodeClass	2984
TwoNodeClass	4040
51.036535
self	9132536
__spec__	112
ABCMeta	1112
Iterator	5384
Integral	5472
BaseNodeClass	2984
BisectNodeClass	2984
SingleNodeClass	2984
TwoNodeClass	4040
51.821611
self	56
__spec__	112
ABCMeta	1112
Iterator	5384
Integral	5472
BaseNodeClass	2984
BisectNodeClass	2984
SingleNodeClass	2984
TwoNodeClass	4040
52.114321
self	141624
__spec__	112
ABCMeta	1112
Iterator	5384
Integral	5472
BaseNodeClass	2984
BisectNodeClass	2984
SingleNodeClass	2984
TwoNodeClass	4040
52.376865
self	5264
__spec__	112
ABCMeta	1112
Iterator	5384
Integral	5472
BaseNodeClass	2984
BisectNodeClass	2984
SingleNodeClass	2984
TwoNodeClass	4040
52.616529
self	3848880
__spec__	112
ABCMeta	1112
Iterator	5384
Integral	5472
BaseNodeClass	2984
BisectNodeClass	2984
SingleNodeClass	2984
TwoNodeClass	4040
53.088734
self	1120
__spec__	112
ABCMeta	1112
Iterator	5384
Integral	5472
BaseNodeClass	2984
BisectNodeClass	2984
SingleNodeClass	2984
TwoNodeClass	4040
53.332654
self	89824
__spec__	112
ABCMeta	1112
Iterator	5384
Integral	5472
BaseNodeClass	2984
BisectNodeClass	2984
SingleNodeClass	2984
TwoNodeClass	4040
53.575629
self	355880
__spec__	112
ABCMeta	1112
Iterator	5384
Integral	5472
BaseNodeClass	2984
BisectNodeClass	2984
SingleNodeClass	2984
TwoNodeClass	4040
53.832892
self	253288
__spec__	112
ABCMeta	1112
Iterator	5384
Integral	5472
BaseNodeClass	2984
BisectNodeClass	2984
SingleNodeClass	2984
TwoNodeClass	4040
54.084028
self	11984
__spec__	112
ABCMeta	1112
Iterator	5384
Integral	5472
BaseNodeClass	2984
BisectNodeClass	2984
SingleNodeClass	2984
TwoNodeClass	4040
54.323222
self	3107496
__spec__	112
ABCMeta	1112
Iterator	5384
Integral	5472
BaseNodeClass	2984
BisectNodeClass	2984
SingleNodeClass	2984
TwoNodeClass	4040
54.736125
self	51296
__spec__	112
ABCMeta	1112
Iterator	5384
Integral	5472
BaseNodeClass	2984
BisectNodeClass	2984
SingleNodeClass	2984
TwoNodeClass	4040
54.978365
self	6379856
__spec__	112
ABCMeta	1112
Iterator	5384
Integral	5472
BaseNodeClass	2984
BisectNodeClass	2984
SingleNodeClass	2984
TwoNodeClass	4040
55.586214
self	50064
__spec__	112
ABCMeta	1112
Iterator	5384
Integral	5472
BaseNodeClass	2984
BisectNodeClass	2984
SingleNodeClass	2984
TwoNodeClass	4040
55.829417
self	392
__spec__	112
ABCMeta	1112
Iterator	5384
Integral	5472
BaseNodeClass	2984
BisectNodeClass	2984
SingleNodeClass	2984
TwoNodeClass	4040
56.066963
self	56
__spec__	112
ABCMeta	1112
Iterator	5384
Integral	5472
BaseNodeClass	2984
BisectNodeClass	2984
SingleNodeClass	2984
TwoNodeClass	4040
56.303797
self	1339184
__spec__	112
ABCMeta	1112
Iterator	5384
Integral	5472
BaseNodeClass	2984
BisectNodeClass	2984
SingleNodeClass	2984
TwoNodeClass	4040
56.617006
self	2352
__spec__	112
ABCMeta	1112
Iterator	5384
Integral	5472
BaseNodeClass	2984
BisectNodeClass	2984
SingleNodeClass	2984
TwoNodeClass	4040
56.854893
self	112
__spec__	112
ABCMeta	1112
Iterator	5384
Integral	5472
BaseNodeClass	2984
BisectNodeClass	2984
SingleNodeClass	2984
TwoNodeClass	4040
57.091324
self	672
__spec__	112
ABCMeta	1112
Iterator	5384
Integral	5472
BaseNodeClass	2984
BisectNodeClass	2984
SingleNodeClass	2984
TwoNodeClass	4040
57.327800
self	57064
__spec__	112
ABCMeta	1112
Iterator	5384
Integral	5472
BaseNodeClass	2984
BisectNodeClass	2984
SingleNodeClass	2984
TwoNodeClass	4040
57.574740
self	7728
__spec__	112
ABCMeta	1112
Iterator	5384
Integral	5472
BaseNodeClass	2984
BisectNodeClass	2984
SingleNodeClass	2984
TwoNodeClass	4040
57.817600
self	896
__spec__	112
ABCMeta	1112
Iterator	5384
Integral	5472
BaseNodeClass	2984
BisectNodeClass	2984
SingleNodeClass	2984
TwoNodeClass	4040
58.064443
self	29676416
__spec__	112
ABCMeta	1112
Iterator	5384
Integral	5472
BaseNodeClass	2984
BisectNodeClass	2984
SingleNodeClass	2984
TwoNodeClass	4040
60.407830
datalist	9000112
instance	29840440
__annotations__	240
List	48296
Integral	5472
BaseNodeClass	2984
62.442626
self	30005024
__spec__	112
ABCMeta	1112
Iterator	5384
Integral	5472
BaseNodeClass	2984
BisectNodeClass	2984
SingleNodeClass	2984
TwoNodeClass	4040
64.595889
self	486136
__spec__	112
ABCMeta	1112
Iterator	5384
Integral	5472
BaseNodeClass	2984
BisectNodeClass	2984
SingleNodeClass	2984
TwoNodeClass	4040
64.869883
self	2500008
__spec__	112
ABCMeta	1112
Iterator	5384
Integral	5472
BaseNodeClass	2984
BisectNodeClass	2984
SingleNodeClass	2984
TwoNodeClass	4040
65.333565
self	583688
__spec__	112
ABCMeta	1112
Iterator	5384
Integral	5472
BaseNodeClass	2984
BisectNodeClass	2984
SingleNodeClass	2984
TwoNodeClass	4040
65.625228
self	11256
__spec__	112
ABCMeta	1112
Iterator	5384
Integral	5472
BaseNodeClass	2984
BisectNodeClass	2984
SingleNodeClass	2984
TwoNodeClass	4040
65.874756
self	8837808
__spec__	112
ABCMeta	1112
Iterator	5384
Integral	5472
BaseNodeClass	2984
BisectNodeClass	2984
SingleNodeClass	2984
TwoNodeClass	4040
66.758178
self	323064
__spec__	112
ABCMeta	1112
Iterator	5384
Integral	5472
BaseNodeClass	2984
BisectNodeClass	2984
SingleNodeClass	2984
TwoNodeClass	4040
67.035600
self	448
__spec__	112
ABCMeta	1112
Iterator	5384
Integral	5472
BaseNodeClass	2984
BisectNodeClass	2984
SingleNodeClass	2984
TwoNodeClass	4040
67.278927
self	483560
__spec__	112
ABCMeta	1112
Iterator	5384
Integral	5472
BaseNodeClass	2984
BisectNodeClass	2984
SingleNodeClass	2984
TwoNodeClass	4040
67.551877
self	13902896
__spec__	112
ABCMeta	1112
Iterator	5384
Integral	5472
BaseNodeClass	2984
BisectNodeClass	2984
SingleNodeClass	2984
TwoNodeClass	4040
68.609468
self	176232
__spec__	112
ABCMeta	1112
Iterator	5384
Integral	5472
BaseNodeClass	2984
BisectNodeClass	2984
SingleNodeClass	2984
TwoNodeClass	4040
68.859473
self	68320
__spec__	112
ABCMeta	1112
Iterator	5384
Integral	5472
BaseNodeClass	2984
BisectNodeClass	2984
SingleNodeClass	2984
TwoNodeClass	4040
69.104564
self	168
__spec__	112
ABCMeta	1112
Iterator	5384
Integral	5472
BaseNodeClass	2984
BisectNodeClass	2984
SingleNodeClass	2984
TwoNodeClass	4040
69.336137
self	9217712
__spec__	112
ABCMeta	1112
Iterator	5384
Integral	5472
BaseNodeClass	2984
BisectNodeClass	2984
SingleNodeClass	2984
TwoNodeClass	4040
70.128884
self	672
__spec__	112
ABCMeta	1112
Iterator	5384
Integral	5472
BaseNodeClass	2984
BisectNodeClass	2984
SingleNodeClass	2984
TwoNodeClass	4040
70.404982
self	6608
__spec__	112
ABCMeta	1112
Iterator	5384
Integral	5472
BaseNodeClass	2984
BisectNodeClass	2984
SingleNodeClass	2984
TwoNodeClass	4040
70.643958
self	272944
__spec__	112
ABCMeta	1112
Iterator	5384
Integral	5472
BaseNodeClass	2984
BisectNodeClass	2984
SingleNodeClass	2984
TwoNodeClass	4040
70.899192
self	135688
__spec__	112
ABCMeta	1112
Iterator	5384
Integral	5472
BaseNodeClass	2984
BisectNodeClass	2984
SingleNodeClass	2984
TwoNodeClass	4040
71.159172
self	10920
__spec__	112
ABCMeta	1112
Iterator	5384
Integral	5472
BaseNodeClass	2984
BisectNodeClass	2984
SingleNodeClass	2984
TwoNodeClass	4040
71.400029
self	7578928
__spec__	112
ABCMeta	1112
Iterator	5384
Integral	5472
BaseNodeClass	2984
BisectNodeClass	2984
SingleNodeClass	2984
TwoNodeClass	4040
72.087322
self	3024
__spec__	112
ABCMeta	1112
Iterator	5384
Integral	5472
BaseNodeClass	2984
BisectNodeClass	2984
SingleNodeClass	2984
TwoNodeClass	4040
72.329826
self	1183952
__spec__	112
ABCMeta	1112
Iterator	5384
Integral	5472
BaseNodeClass	2984
BisectNodeClass	2984
SingleNodeClass	2984
TwoNodeClass	4040
72.645626
self	672
__spec__	112
ABCMeta	1112
Iterator	5384
Integral	5472
BaseNodeClass	2984
BisectNodeClass	2984
SingleNodeClass	2984
TwoNodeClass	4040
72.882528
self	952
__spec__	112
ABCMeta	1112
Iterator	5384
Integral	5472
BaseNodeClass	2984
BisectNodeClass	2984
SingleNodeClass	2984
TwoNodeClass	4040
73.156298
self	601440
__spec__	112
ABCMeta	1112
Iterator	5384
Integral	5472
BaseNodeClass	2984
BisectNodeClass	2984
SingleNodeClass	2984
TwoNodeClass	4040
73.464958
self	11223240
__spec__	112
ABCMeta	1112
Iterator	5384
Integral	5472
BaseNodeClass	2984
BisectNodeClass	2984
SingleNodeClass	2984
TwoNodeClass	4040
74.572247
self	59864
__spec__	112
ABCMeta	1112
Iterator	5384
Integral	5472
BaseNodeClass	2984
BisectNodeClass	2984
SingleNodeClass	2984
TwoNodeClass	4040
74.854673
self	5768
__spec__	112
ABCMeta	1112
Iterator	5384
Integral	5472
BaseNodeClass	2984
BisectNodeClass	2984
SingleNodeClass	2984
TwoNodeClass	4040
75.108034
self	2444232
__spec__	112
ABCMeta	1112
Iterator	5384
Integral	5472
BaseNodeClass	2984
BisectNodeClass	2984
SingleNodeClass	2984
TwoNodeClass	4040
75.509576
self	12992
__spec__	112
ABCMeta	1112
Iterator	5384
Integral	5472
BaseNodeClass	2984
BisectNodeClass	2984
SingleNodeClass	2984
TwoNodeClass	4040
75.757056
self	1624
__spec__	112
ABCMeta	1112
Iterator	5384
Integral	5472
BaseNodeClass	2984
BisectNodeClass	2984
SingleNodeClass	2984
TwoNodeClass	4040
76.006619
self	584696
__spec__	112
ABCMeta	1112
Iterator	5384
Integral	5472
BaseNodeClass	2984
BisectNodeClass	2984
SingleNodeClass	2984
TwoNodeClass	4040
76.281229
self	15563296
__spec__	112
ABCMeta	1112
Iterator	5384
Integral	5472
BaseNodeClass	2984
BisectNodeClass	2984
SingleNodeClass	2984
TwoNodeClass	4040
77.594555
self	633696
__spec__	112
ABCMeta	1112
Iterator	5384
Integral	5472
BaseNodeClass	2984
BisectNodeClass	2984
SingleNodeClass	2984
TwoNodeClass	4040
77.878776
self	446544
__spec__	112
ABCMeta	1112
Iterator	5384
Integral	5472
BaseNodeClass	2984
BisectNodeClass	2984
SingleNodeClass	2984
TwoNodeClass	4040
78.152263
self	526176
__spec__	112
ABCMeta	1112
Iterator	5384
Integral	5472
BaseNodeClass	2984
BisectNodeClass	2984
SingleNodeClass	2984
TwoNodeClass	4040
78.418630
self	15851808
__spec__	112
ABCMeta	1112
Iterator	5384
Integral	5472
BaseNodeClass	2984
BisectNodeClass	2984
SingleNodeClass	2984
TwoNodeClass	4040
79.602345
self	10320688
__spec__	112
ABCMeta	1112
Iterator	5384
Integral	5472
BaseNodeClass	2984
BisectNodeClass	2984
SingleNodeClass	2984
TwoNodeClass	4040
80.460988
self	15680
__spec__	112
ABCMeta	1112
Iterator	5384
Integral	5472
BaseNodeClass	2984
BisectNodeClass	2984
SingleNodeClass	2984
TwoNodeClass	4040
80.702270
self	36353072
__spec__	112
ABCMeta	1112
Iterator	5384
Integral	5472
BaseNodeClass	2984
BisectNodeClass	2984
SingleNodeClass	2984
TwoNodeClass	4040
83.224954
self	16136568
__spec__	112
ABCMeta	1112
Iterator	5384
Integral	5472
BaseNodeClass	2984
BisectNodeClass	2984
SingleNodeClass	2984
TwoNodeClass	4040
84.534985
self	50008
__spec__	112
ABCMeta	1112
Iterator	5384
Integral	5472
BaseNodeClass	2984
BisectNodeClass	2984
SingleNodeClass	2984
TwoNodeClass	4040
84.781024
self	280
__spec__	112
ABCMeta	1112
Iterator	5384
Integral	5472
BaseNodeClass	2984
BisectNodeClass	2984
SingleNodeClass	2984
TwoNodeClass	4040
85.026694
self	14896
__spec__	112
ABCMeta	1112
Iterator	5384
Integral	5472
BaseNodeClass	2984
BisectNodeClass	2984
SingleNodeClass	2984
TwoNodeClass	4040
85.263749
self	2003400
__spec__	112
ABCMeta	1112
Iterator	5384
Integral	5472
BaseNodeClass	2984
BisectNodeClass	2984
SingleNodeClass	2984
TwoNodeClass	4040
85.664203
self	86072
__spec__	112
ABCMeta	1112
Iterator	5384
Integral	5472
BaseNodeClass	2984
BisectNodeClass	2984
SingleNodeClass	2984
TwoNodeClass	4040
85.981312
self	140056
__spec__	112
ABCMeta	1112
Iterator	5384
Integral	5472
BaseNodeClass	2984
BisectNodeClass	2984
SingleNodeClass	2984
TwoNodeClass	4040
86.234617
self	37641632
__spec__	112
ABCMeta	1112
Iterator	5384
Integral	5472
BaseNodeClass	2984
BisectNodeClass	2984
SingleNodeClass	2984
TwoNodeClass	4040
88.873044
self	14840
__spec__	112
ABCMeta	1112
Iterator	5384
Integral	5472
BaseNodeClass	2984
BisectNodeClass	2984
SingleNodeClass	2984
TwoNodeClass	4040
89.580847
self	2220568
__spec__	112
ABCMeta	1112
Iterator	5384
Integral	5472
BaseNodeClass	2984
BisectNodeClass	2984
SingleNodeClass	2984
TwoNodeClass	4040
90.045691
self	1279488
__spec__	112
ABCMeta	1112
Iterator	5384
Integral	5472
BaseNodeClass	2984
BisectNodeClass	2984
SingleNodeClass	2984
TwoNodeClass	4040
90.368988
self	12603304
__spec__	112
ABCMeta	1112
Iterator	5384
Integral	5472
BaseNodeClass	2984
BisectNodeClass	2984
SingleNodeClass	2984
TwoNodeClass	4040
91.369641
self	21458808
__spec__	112
ABCMeta	1112
Iterator	5384
Integral	5472
BaseNodeClass	2984
BisectNodeClass	2984
SingleNodeClass	2984
TwoNodeClass	4040
93.045403
self	16296
__spec__	112
ABCMeta	1112
Iterator	5384
Integral	5472
BaseNodeClass	2984
BisectNodeClass	2984
SingleNodeClass	2984
TwoNodeClass	4040
93.291676
self	35840
__spec__	112
ABCMeta	1112
Iterator	5384
Integral	5472
BaseNodeClass	2984
BisectNodeClass	2984
SingleNodeClass	2984
TwoNodeClass	4040
93.535115
datalist	9000112
instance	38928232
__annotations__	240
List	48296
Integral	5472
BaseNodeClass	2984
96.321879
self	54880
__spec__	112
ABCMeta	1112
Iterator	5384
Integral	5472
BaseNodeClass	2984
BisectNodeClass	2984
SingleNodeClass	2984
TwoNodeClass	4040
96.580354
self	2063320
__spec__	112
ABCMeta	1112
Iterator	5384
Integral	5472
BaseNodeClass	2984
BisectNodeClass	2984
SingleNodeClass	2984
TwoNodeClass	4040
97.036519
self	354816
__spec__	112
ABCMeta	1112
Iterator	5384
Integral	5472
BaseNodeClass	2984
BisectNodeClass	2984
SingleNodeClass	2984
TwoNodeClass	4040
97.324850
self	1120
__spec__	112
ABCMeta	1112
Iterator	5384
Integral	5472
BaseNodeClass	2984
BisectNodeClass	2984
SingleNodeClass	2984
TwoNodeClass	4040
97.582564
self	49280
__spec__	112
ABCMeta	1112
Iterator	5384
Integral	5472
BaseNodeClass	2984
BisectNodeClass	2984
SingleNodeClass	2984
TwoNodeClass	4040
97.826563
self	4122608
__spec__	112
ABCMeta	1112
Iterator	5384
Integral	5472
BaseNodeClass	2984
BisectNodeClass	2984
SingleNodeClass	2984
TwoNodeClass	4040
98.311136
self	56
__spec__	112
ABCMeta	1112
Iterator	5384
Integral	5472
BaseNodeClass	2984
BisectNodeClass	2984
SingleNodeClass	2984
TwoNodeClass	4040
98.555585
self	273728
__spec__	112
ABCMeta	1112
Iterator	5384
Integral	5472
BaseNodeClass	2984
BisectNodeClass	2984
SingleNodeClass	2984
TwoNodeClass	4040
98.816077
self	1400
__spec__	112
ABCMeta	1112
Iterator	5384
Integral	5472
BaseNodeClass	2984
BisectNodeClass	2984
SingleNodeClass	2984
TwoNodeClass	4040
99.076614
self	280
__spec__	112
ABCMeta	1112
Iterator	5384
Integral	5472
BaseNodeClass	2984
BisectNodeClass	2984
SingleNodeClass	2984
TwoNodeClass	4040
99.478693
self	66808
__spec__	112
ABCMeta	1112
Iterator	5384
Integral	5472
BaseNodeClass	2984
BisectNodeClass	2984
SingleNodeClass	2984
TwoNodeClass	4040
99.781294
self	2894864
__spec__	112
ABCMeta	1112
Iterator	5384
Integral	5472
BaseNodeClass	2984
BisectNodeClass	2984
SingleNodeClass	2984
TwoNodeClass	4040
100.201731
self	280
__spec__	112
ABCMeta	1112
Iterator	5384
Integral	5472
BaseNodeClass	2984
BisectNodeClass	2984
SingleNodeClass	2984
TwoNodeClass	4040
100.446582
self	41174840
__spec__	112
ABCMeta	1112
Iterator	5384
Integral	5472
BaseNodeClass	2984
BisectNodeClass	2984
SingleNodeClass	2984
TwoNodeClass	4040
103.326933
self	4536
__spec__	112
ABCMeta	1112
Iterator	5384
Integral	5472
BaseNodeClass	2984
BisectNodeClass	2984
SingleNodeClass	2984
TwoNodeClass	4040
103.563177
self	48440
__spec__	112
ABCMeta	1112
Iterator	5384
Integral	5472
BaseNodeClass	2984
BisectNodeClass	2984
SingleNodeClass	2984
TwoNodeClass	4040
103.802877
self	84336
__spec__	112
ABCMeta	1112
Iterator	5384
Integral	5472
BaseNodeClass	2984
BisectNodeClass	2984
SingleNodeClass	2984
TwoNodeClass	4040
104.051863
self	16688
__spec__	112
ABCMeta	1112
Iterator	5384
Integral	5472
BaseNodeClass	2984
BisectNodeClass	2984
SingleNodeClass	2984
TwoNodeClass	4040
104.349235
self	9600416
__spec__	112
ABCMeta	1112
Iterator	5384
Integral	5472
BaseNodeClass	2984
BisectNodeClass	2984
SingleNodeClass	2984
TwoNodeClass	4040
105.289821
self	42134624
__spec__	112
ABCMeta	1112
Iterator	5384
Integral	5472
BaseNodeClass	2984
BisectNodeClass	2984
SingleNodeClass	2984
TwoNodeClass	4040
108.106070
self	7504
__spec__	112
ABCMeta	1112
Iterator	5384
Integral	5472
BaseNodeClass	2984
BisectNodeClass	2984
SingleNodeClass	2984
TwoNodeClass	4040
108.343537
self	220584
__spec__	112
ABCMeta	1112
Iterator	5384
Integral	5472
BaseNodeClass	2984
BisectNodeClass	2984
SingleNodeClass	2984
TwoNodeClass	4040
108.592479
self	1199352
__spec__	112
ABCMeta	1112
Iterator	5384
Integral	5472
BaseNodeClass	2984
BisectNodeClass	2984
SingleNodeClass	2984
TwoNodeClass	4040
108.905519
self	3248
__spec__	112
ABCMeta	1112
Iterator	5384
Integral	5472
BaseNodeClass	2984
BisectNodeClass	2984
SingleNodeClass	2984
TwoNodeClass	4040
109.142205
self	13513136
__spec__	112
ABCMeta	1112
Iterator	5384
Integral	5472
BaseNodeClass	2984
BisectNodeClass	2984
SingleNodeClass	2984
TwoNodeClass	4040
110.170183
self	524384
__spec__	112
ABCMeta	1112
Iterator	5384
Integral	5472
BaseNodeClass	2984
BisectNodeClass	2984
SingleNodeClass	2984
TwoNodeClass	4040
110.438498
self	12397280
__spec__	112
ABCMeta	1112
Iterator	5384
Integral	5472
BaseNodeClass	2984
BisectNodeClass	2984
SingleNodeClass	2984
TwoNodeClass	4040
111.399395
self	5320
__spec__	112
ABCMeta	1112
Iterator	5384
Integral	5472
BaseNodeClass	2984
BisectNodeClass	2984
SingleNodeClass	2984
TwoNodeClass	4040
111.635060
self	19261144
__spec__	112
ABCMeta	1112
Iterator	5384
Integral	5472
BaseNodeClass	2984
BisectNodeClass	2984
SingleNodeClass	2984
TwoNodeClass	4040
112.997402
self	4355008
__spec__	112
ABCMeta	1112
Iterator	5384
Integral	5472
BaseNodeClass	2984
BisectNodeClass	2984
SingleNodeClass	2984
TwoNodeClass	4040
113.480717
self	2732240
__spec__	112
ABCMeta	1112
Iterator	5384
Integral	5472
BaseNodeClass	2984
BisectNodeClass	2984
SingleNodeClass	2984
TwoNodeClass	4040
113.879678
self	2202536
__spec__	112
ABCMeta	1112
Iterator	5384
Integral	5472
BaseNodeClass	2984
BisectNodeClass	2984
SingleNodeClass	2984
TwoNodeClass	4040
114.252633
self	4760
__spec__	112
ABCMeta	1112
Iterator	5384
Integral	5472
BaseNodeClass	2984
BisectNodeClass	2984
SingleNodeClass	2984
TwoNodeClass	4040
114.488720
self	168
__spec__	112
ABCMeta	1112
Iterator	5384
Integral	5472
BaseNodeClass	2984
BisectNodeClass	2984
SingleNodeClass	2984
TwoNodeClass	4040
114.721129
self	4635848
__spec__	112
ABCMeta	1112
Iterator	5384
Integral	5472
BaseNodeClass	2984
BisectNodeClass	2984
SingleNodeClass	2984
TwoNodeClass	4040
115.222938
self	15788472
__spec__	112
ABCMeta	1112
Iterator	5384
Integral	5472
BaseNodeClass	2984
BisectNodeClass	2984
SingleNodeClass	2984
TwoNodeClass	4040
116.378309
self	56
__spec__	112
ABCMeta	1112
Iterator	5384
Integral	5472
BaseNodeClass	2984
BisectNodeClass	2984
SingleNodeClass	2984
TwoNodeClass	4040
116.614232
self	19889408
__spec__	112
ABCMeta	1112
Iterator	5384
Integral	5472
BaseNodeClass	2984
BisectNodeClass	2984
SingleNodeClass	2984
TwoNodeClass	4040
118.045617
self	4144
__spec__	112
ABCMeta	1112
Iterator	5384
Integral	5472
BaseNodeClass	2984
BisectNodeClass	2984
SingleNodeClass	2984
TwoNodeClass	4040
118.283508
self	525560
__spec__	112
ABCMeta	1112
Iterator	5384
Integral	5472
BaseNodeClass	2984
BisectNodeClass	2984
SingleNodeClass	2984
TwoNodeClass	4040
118.552328
self	12768
__spec__	112
ABCMeta	1112
Iterator	5384
Integral	5472
BaseNodeClass	2984
BisectNodeClass	2984
SingleNodeClass	2984
TwoNodeClass	4040
118.790426
self	45638432
__spec__	112
ABCMeta	1112
Iterator	5384
Integral	5472
BaseNodeClass	2984
BisectNodeClass	2984
SingleNodeClass	2984
TwoNodeClass	4040
121.765575
self	1232
__spec__	112
ABCMeta	1112
Iterator	5384
Integral	5472
BaseNodeClass	2984
BisectNodeClass	2984
SingleNodeClass	2984
TwoNodeClass	4040
122.001189
self	358792
__spec__	112
ABCMeta	1112
Iterator	5384
Integral	5472
BaseNodeClass	2984
BisectNodeClass	2984
SingleNodeClass	2984
TwoNodeClass	4040
122.264552
self	3142776
__spec__	112
ABCMeta	1112
Iterator	5384
Integral	5472
BaseNodeClass	2984
BisectNodeClass	2984
SingleNodeClass	2984
TwoNodeClass	4040
122.702217
self	840
__spec__	112
ABCMeta	1112
Iterator	5384
Integral	5472
BaseNodeClass	2984
BisectNodeClass	2984
SingleNodeClass	2984
TwoNodeClass	4040
122.939707
self	293888
__spec__	112
ABCMeta	1112
Iterator	5384
Integral	5472
BaseNodeClass	2984
BisectNodeClass	2984
SingleNodeClass	2984
TwoNodeClass	4040
123.198524
self	3864
__spec__	112
ABCMeta	1112
Iterator	5384
Integral	5472
BaseNodeClass	2984
BisectNodeClass	2984
SingleNodeClass	2984
TwoNodeClass	4040
123.437100
self	224
__spec__	112
ABCMeta	1112
Iterator	5384
Integral	5472
BaseNodeClass	2984
BisectNodeClass	2984
SingleNodeClass	2984
TwoNodeClass	4040
123.672493
self	19040
__spec__	112
ABCMeta	1112
Iterator	5384
Integral	5472
BaseNodeClass	2984
BisectNodeClass	2984
SingleNodeClass	2984
TwoNodeClass	4040
123.911148
self	417648
__spec__	112
ABCMeta	1112
Iterator	5384
Integral	5472
BaseNodeClass	2984
BisectNodeClass	2984
SingleNodeClass	2984
TwoNodeClass	4040
124.175677
self	4648
__spec__	112
ABCMeta	1112
Iterator	5384
Integral	5472
BaseNodeClass	2984
BisectNodeClass	2984
SingleNodeClass	2984
TwoNodeClass	4040
124.412868
self	3912048
__spec__	112
ABCMeta	1112
Iterator	5384
Integral	5472
BaseNodeClass	2984
BisectNodeClass	2984
SingleNodeClass	2984
TwoNodeClass	4040
124.882148
self	498232
__spec__	112
ABCMeta	1112
Iterator	5384
Integral	5472
BaseNodeClass	2984
BisectNodeClass	2984
SingleNodeClass	2984
TwoNodeClass	4040
125.726946
self	13685672
__spec__	112
ABCMeta	1112
Iterator	5384
Integral	5472
BaseNodeClass	2984
BisectNodeClass	2984
SingleNodeClass	2984
TwoNodeClass	4040
126.757869
self	132776
__spec__	112
ABCMeta	1112
Iterator	5384
Integral	5472
BaseNodeClass	2984
BisectNodeClass	2984
SingleNodeClass	2984
TwoNodeClass	4040
127.003743
self	2744
__spec__	112
ABCMeta	1112
Iterator	5384
Integral	5472
BaseNodeClass	2984
BisectNodeClass	2984
SingleNodeClass	2984
TwoNodeClass	4040
127.238389
self	616
__spec__	112
ABCMeta	1112
Iterator	5384
Integral	5472
BaseNodeClass	2984
BisectNodeClass	2984
SingleNodeClass	2984
TwoNodeClass	4040
127.480130
self	56
__spec__	112
ABCMeta	1112
Iterator	5384
Integral	5472
BaseNodeClass	2984
BisectNodeClass	2984
SingleNodeClass	2984
TwoNodeClass	4040
127.721214
self	13440
__spec__	112
ABCMeta	1112
Iterator	5384
Integral	5472
BaseNodeClass	2984
BisectNodeClass	2984
SingleNodeClass	2984
TwoNodeClass	4040
127.959251
self	168
__spec__	112
ABCMeta	1112
Iterator	5384
Integral	5472
BaseNodeClass	2984
BisectNodeClass	2984
SingleNodeClass	2984
TwoNodeClass	4040
128.197898
self	27240696
__spec__	112
ABCMeta	1112
Iterator	5384
Integral	5472
BaseNodeClass	2984
BisectNodeClass	2984
SingleNodeClass	2984
TwoNodeClass	4040
130.271688
self	7112
__spec__	112
ABCMeta	1112
Iterator	5384
Integral	5472
BaseNodeClass	2984
BisectNodeClass	2984
SingleNodeClass	2984
TwoNodeClass	4040
130.517608
self	21711816
__spec__	112
ABCMeta	1112
Iterator	5384
Integral	5472
BaseNodeClass	2984
BisectNodeClass	2984
SingleNodeClass	2984
TwoNodeClass	4040
132.135582
self	7896
__spec__	112
ABCMeta	1112
Iterator	5384
Integral	5472
BaseNodeClass	2984
BisectNodeClass	2984
SingleNodeClass	2984
TwoNodeClass	4040
132.376959
self	56
__spec__	112
ABCMeta	1112
Iterator	5384
Integral	5472
BaseNodeClass	2984
BisectNodeClass	2984
SingleNodeClass	2984
TwoNodeClass	4040
132.617188
self	11343080
__spec__	112
ABCMeta	1112
Iterator	5384
Integral	5472
BaseNodeClass	2984
BisectNodeClass	2984
SingleNodeClass	2984
TwoNodeClass	4040
133.536238
self	68152
__spec__	112
ABCMeta	1112
Iterator	5384
Integral	5472
BaseNodeClass	2984
BisectNodeClass	2984
SingleNodeClass	2984
TwoNodeClass	4040
133.779593
self	7212968
__spec__	112
ABCMeta	1112
Iterator	5384
Integral	5472
BaseNodeClass	2984
BisectNodeClass	2984
SingleNodeClass	2984
TwoNodeClass	4040
134.467509
self	336
__spec__	112
ABCMeta	1112
Iterator	5384
Integral	5472
BaseNodeClass	2984
BisectNodeClass	2984
SingleNodeClass	2984
TwoNodeClass	4040
134.707371
self	1993320
__spec__	112
ABCMeta	1112
Iterator	5384
Integral	5472
BaseNodeClass	2984
BisectNodeClass	2984
SingleNodeClass	2984
TwoNodeClass	4040
135.062458
self	560
__spec__	112
ABCMeta	1112
Iterator	5384
Integral	5472
BaseNodeClass	2984
BisectNodeClass	2984
SingleNodeClass	2984
TwoNodeClass	4040
135.301351
self	48944
__spec__	112
ABCMeta	1112
Iterator	5384
Integral	5472
BaseNodeClass	2984
BisectNodeClass	2984
SingleNodeClass	2984
TwoNodeClass	4040
135.545465
self	389984
__spec__	112
ABCMeta	1112
Iterator	5384
Integral	5472
BaseNodeClass	2984
BisectNodeClass	2984
SingleNodeClass	2984
TwoNodeClass	4040
135.810364
self	119000
__spec__	112
ABCMeta	1112
Iterator	5384
Integral	5472
BaseNodeClass	2984
BisectNodeClass	2984
SingleNodeClass	2984
TwoNodeClass	4040
136.059520
self	7784
__spec__	112
ABCMeta	1112
Iterator	5384
Integral	5472
BaseNodeClass	2984
BisectNodeClass	2984
SingleNodeClass	2984
TwoNodeClass	4040
136.293970
self	623280
__spec__	112
ABCMeta	1112
Iterator	5384
Integral	5472
BaseNodeClass	2984
BisectNodeClass	2984
SingleNodeClass	2984
TwoNodeClass	4040
136.573094
self	2261784
__spec__	112
ABCMeta	1112
Iterator	5384
Integral	5472
BaseNodeClass	2984
BisectNodeClass	2984
SingleNodeClass	2984
TwoNodeClass	4040
136.945598
self	335104
__spec__	112
ABCMeta	1112
Iterator	5384
Integral	5472
BaseNodeClass	2984
BisectNodeClass	2984
SingleNodeClass	2984
TwoNodeClass	4040
137.209881
self	125048
__spec__	112
ABCMeta	1112
Iterator	5384
Integral	5472
BaseNodeClass	2984
BisectNodeClass	2984
SingleNodeClass	2984
TwoNodeClass	4040
137.456867
self	1176
__spec__	112
ABCMeta	1112
Iterator	5384
Integral	5472
BaseNodeClass	2984
BisectNodeClass	2984
SingleNodeClass	2984
TwoNodeClass	4040
137.694763
self	2568440
__spec__	112
ABCMeta	1112
Iterator	5384
Integral	5472
BaseNodeClass	2984
BisectNodeClass	2984
SingleNodeClass	2984
TwoNodeClass	4040
138.088829
self	56
__spec__	112
ABCMeta	1112
Iterator	5384
Integral	5472
BaseNodeClass	2984
BisectNodeClass	2984
SingleNodeClass	2984
TwoNodeClass	4040
138.324511
self	373632
__spec__	112
ABCMeta	1112
Iterator	5384
Integral	5472
BaseNodeClass	2984
BisectNodeClass	2984
SingleNodeClass	2984
TwoNodeClass	4040
138.586583
self	181216
__spec__	112
ABCMeta	1112
Iterator	5384
Integral	5472
BaseNodeClass	2984
BisectNodeClass	2984
SingleNodeClass	2984
TwoNodeClass	4040
138.833541
self	338128
__spec__	112
ABCMeta	1112
Iterator	5384
Integral	5472
BaseNodeClass	2984
BisectNodeClass	2984
SingleNodeClass	2984
TwoNodeClass	4040
139.093601
self	458584
__spec__	112
ABCMeta	1112
Iterator	5384
Integral	5472
BaseNodeClass	2984
BisectNodeClass	2984
SingleNodeClass	2984
TwoNodeClass	4040
139.359016
self	1232
__spec__	112
ABCMeta	1112
Iterator	5384
Integral	5472
BaseNodeClass	2984
BisectNodeClass	2984
SingleNodeClass	2984
TwoNodeClass	4040
139.595363
self	384832
__spec__	112
ABCMeta	1112
Iterator	5384
Integral	5472
BaseNodeClass	2984
BisectNodeClass	2984
SingleNodeClass	2984
TwoNodeClass	4040
139.862944
self	336
__spec__	112
ABCMeta	1112
Iterator	5384
Integral	5472
BaseNodeClass	2984
BisectNodeClass	2984
SingleNodeClass	2984
TwoNodeClass	4040
140.101302
self	1288
__spec__	112
ABCMeta	1112
Iterator	5384
Integral	5472
BaseNodeClass	2984
BisectNodeClass	2984
SingleNodeClass	2984
TwoNodeClass	4040
140.341908
self	53538688
__spec__	112
ABCMeta	1112
Iterator	5384
Integral	5472
BaseNodeClass	2984
BisectNodeClass	2984
SingleNodeClass	2984
TwoNodeClass	4040
143.763366
self	479640
__spec__	112
ABCMeta	1112
Iterator	5384
Integral	5472
BaseNodeClass	2984
BisectNodeClass	2984
SingleNodeClass	2984
TwoNodeClass	4040
144.032967
self	215656
__spec__	112
ABCMeta	1112
Iterator	5384
Integral	5472
BaseNodeClass	2984
BisectNodeClass	2984
SingleNodeClass	2984
TwoNodeClass	4040
144.283233
self	56
__spec__	112
ABCMeta	1112
Iterator	5384
Integral	5472
BaseNodeClass	2984
BisectNodeClass	2984
SingleNodeClass	2984
TwoNodeClass	4040
144.518485
self	17062640
__spec__	112
ABCMeta	1112
