0.000094
__annotations__	240
List	47816
Integral	5312
BaseNodeClass	2984
0.453168
BuiltinMethod	1344
Method	1656
type	1888
int	4712
self	2560
__spec__	112
_MethodType	1656
_BuiltinMethodType	1344
_Set	3000
_Sequence	3184
__all__	256
Random	1056
SystemRandom	1056
_inst	2560
0.882525
BuiltinMethod	1344
Method	1656
type	1888
int	4712
self	2560
__spec__	112
_MethodType	1656
_BuiltinMethodType	1344
_Set	3000
_Sequence	3184
__all__	256
Random	1056
SystemRandom	1056
_inst	2560
1.301657
BuiltinMethod	1344
Method	1656
type	1888
int	4712
self	2560
__spec__	112
_MethodType	1656
_BuiltinMethodType	1344
_Set	3000
_Sequence	3184
__all__	256
Random	1056
SystemRandom	1056
_inst	2560
1.727117
x	9000112
self	2560
__spec__	112
_MethodType	1656
_BuiltinMethodType	1344
_Set	3000
_Sequence	3184
__all__	256
Random	1056
SystemRandom	1056
_inst	2560
2.164389
BuiltinMethod	1344
Method	1656
type	1888
int	4712
self	2560
__spec__	112
_MethodType	1656
_BuiltinMethodType	1344
_Set	3000
_Sequence	3184
__all__	256
Random	1056
SystemRandom	1056
_inst	2560
2.595738
x	9000112
self	2560
__spec__	112
_MethodType	1656
_BuiltinMethodType	1344
_Set	3000
_Sequence	3184
__all__	256
Random	1056
SystemRandom	1056
_inst	2560
3.029994
BuiltinMethod	1344
Method	1656
type	1888
int	4712
self	2560
__spec__	112
_MethodType	1656
_BuiltinMethodType	1344
_Set	3000
_Sequence	3184
__all__	256
Random	1056
SystemRandom	1056
_inst	2560
3.454664
BuiltinMethod	1344
Method	1656
type	1888
int	4712
self	2560
__spec__	112
_MethodType	1656
_BuiltinMethodType	1344
_Set	3000
_Sequence	3184
__all__	256
Random	1056
SystemRandom	1056
_inst	2560
3.888140
x	9000112
self	2560
__spec__	112
_MethodType	1656
_BuiltinMethodType	1344
_Set	3000
_Sequence	3184
__all__	256
Random	1056
SystemRandom	1056
_inst	2560
4.331297
BuiltinMethod	1344
Method	1656
type	1888
int	4712
self	2560
__spec__	112
_MethodType	1656
_BuiltinMethodType	1344
_Set	3000
_Sequence	3184
__all__	256
Random	1056
SystemRandom	1056
_inst	2560
4.755457
BuiltinMethod	1344
Method	1656
type	1888
int	4712
self	2560
__spec__	112
_MethodType	1656
_BuiltinMethodType	1344
_Set	3000
_Sequence	3184
__all__	256
Random	1056
SystemRandom	1056
_inst	2560
5.194337
BuiltinMethod	1344
Method	1656
type	1888
int	4712
self	2560
__spec__	112
_MethodType	1656
_BuiltinMethodType	1344
_Set	3000
_Sequence	3184
__all__	256
Random	1056
SystemRandom	1056
_inst	2560
5.635519
BuiltinMethod	1344
Method	1656
type	1888
int	4712
self	2560
__spec__	112
_MethodType	1656
_BuiltinMethodType	1344
_Set	3000
_Sequence	3184
__all__	256
Random	1056
SystemRandom	1056
_inst	2560
6.057064
BuiltinMethod	1344
Method	1656
type	1888
int	4712
self	2560
__spec__	112
_MethodType	1656
_BuiltinMethodType	1344
_Set	3000
_Sequence	3184
__all__	256
Random	1056
SystemRandom	1056
_inst	2560
6.482444
x	9000112
self	2560
__spec__	112
_MethodType	1656
_BuiltinMethodType	1344
_Set	3000
_Sequence	3184
__all__	256
Random	1056
SystemRandom	1056
_inst	2560
6.938188
BuiltinMethod	1344
Method	1656
type	1888
int	4712
self	2560
__spec__	112
_MethodType	1656
_BuiltinMethodType	1344
_Set	3000
_Sequence	3184
__all__	256
Random	1056
SystemRandom	1056
_inst	2560
7.363363
x	9000112
self	2560
__spec__	112
_MethodType	1656
_BuiltinMethodType	1344
_Set	3000
_Sequence	3184
__all__	256
Random	1056
SystemRandom	1056
_inst	2560
7.819830
BuiltinMethod	1344
Method	1656
type	1888
int	4712
self	2560
__spec__	112
_MethodType	1656
_BuiltinMethodType	1344
_Set	3000
_Sequence	3184
__all__	256
Random	1056
SystemRandom	1056
_inst	2560
8.243521
BuiltinMethod	1344
Method	1656
type	1888
int	4712
self	2560
__spec__	112
_MethodType	1656
_BuiltinMethodType	1344
_Set	3000
_Sequence	3184
__all__	256
Random	1056
SystemRandom	1056
_inst	2560
8.668081
BuiltinMethod	1344
Method	1656
type	1888
int	4712
self	2560
__spec__	112
_MethodType	1656
_BuiltinMethodType	1344
_Set	3000
_Sequence	3184
__all__	256
Random	1056
SystemRandom	1056
_inst	2560
9.093532
BuiltinMethod	1344
Method	1656
type	1888
int	4712
self	2560
__spec__	112
_MethodType	1656
_BuiltinMethodType	1344
_Set	3000
_Sequence	3184
__all__	256
Random	1056
SystemRandom	1056
_inst	2560
9.518696
BuiltinMethod	1344
Method	1656
type	1888
int	4712
self	2560
__spec__	112
_MethodType	1656
_BuiltinMethodType	1344
_Set	3000
_Sequence	3184
__all__	256
Random	1056
SystemRandom	1056
_inst	2560
9.956361
BuiltinMethod	1344
Method	1656
type	1888
int	4712
self	2560
__spec__	112
_MethodType	1656
_BuiltinMethodType	1344
_Set	3000
_Sequence	3184
__all__	256
Random	1056
SystemRandom	1056
_inst	2560
10.380381
BuiltinMethod	1344
Method	1656
type	1888
int	4712
self	2560
__spec__	112
_MethodType	1656
_BuiltinMethodType	1344
_Set	3000
_Sequence	3184
__all__	256
Random	1056
SystemRandom	1056
_inst	2560
10.805024
BuiltinMethod	1344
Method	1656
type	1888
int	4712
self	2560
__spec__	112
_MethodType	1656
_BuiltinMethodType	1344
_Set	3000
_Sequence	3184
__all__	256
Random	1056
SystemRandom	1056
_inst	2560
11.294475
BuiltinMethod	1344
Method	1656
type	1888
int	4712
self	2560
__spec__	112
_MethodType	1656
_BuiltinMethodType	1344
_Set	3000
_Sequence	3184
__all__	256
Random	1056
SystemRandom	1056
_inst	2560
11.742367
BuiltinMethod	1344
Method	1656
type	1888
int	4712
self	2560
__spec__	112
_MethodType	1656
_BuiltinMethodType	1344
_Set	3000
_Sequence	3184
__all__	256
Random	1056
SystemRandom	1056
_inst	2560
12.264820
BuiltinMethod	1344
Method	1656
type	1888
int	4712
self	2560
__spec__	112
_MethodType	1656
_BuiltinMethodType	1344
_Set	3000
_Sequence	3184
__all__	256
Random	1056
SystemRandom	1056
_inst	2560
12.474196
BisectNodeClass	2984
datalist_100	1008
__annotations__	240
List	47816
Integral	5312
BaseNodeClass	2984
