0.000105
__annotations__	240
List	48296
Integral	5472
BaseNodeClass	2984
0.235593
node	262528
self	262584
__spec__	112
ABCMeta	1112
Iterator	5384
Integral	5472
BaseNodeClass	2984
SingleNodeClass	2984
TwoNodeClass	4040
0.510764
node	485744
self	485800
__spec__	112
ABCMeta	1112
Iterator	5384
Integral	5472
BaseNodeClass	2984
SingleNodeClass	2984
TwoNodeClass	4040
0.824854
node	699384
self	699440
__spec__	112
ABCMeta	1112
Iterator	5384
Integral	5472
BaseNodeClass	2984
SingleNodeClass	2984
TwoNodeClass	4040
1.172638
node	906192
self	906248
__spec__	112
ABCMeta	1112
Iterator	5384
Integral	5472
BaseNodeClass	2984
SingleNodeClass	2984
TwoNodeClass	4040
1.552489
datalist	9000112
instance	1107344
__annotations__	240
List	48296
Integral	5472
BaseNodeClass	2984
1.917201
node	1304800
self	1304856
__spec__	112
ABCMeta	1112
Iterator	5384
Integral	5472
BaseNodeClass	2984
SingleNodeClass	2984
TwoNodeClass	4040
2.360470
node	1499008
self	1499064
__spec__	112
ABCMeta	1112
Iterator	5384
Integral	5472
BaseNodeClass	2984
SingleNodeClass	2984
TwoNodeClass	4040
2.930691
node	1691984
self	1692040
__spec__	112
ABCMeta	1112
Iterator	5384
Integral	5472
BaseNodeClass	2984
SingleNodeClass	2984
TwoNodeClass	4040
3.430888
node	1882664
self	1882720
__spec__	112
ABCMeta	1112
Iterator	5384
Integral	5472
BaseNodeClass	2984
SingleNodeClass	2984
TwoNodeClass	4040
3.961406
node	2071608
self	2071664
__spec__	112
ABCMeta	1112
Iterator	5384
Integral	5472
BaseNodeClass	2984
SingleNodeClass	2984
TwoNodeClass	4040
4.521697
self	56
__spec__	112
ABCMeta	1112
Iterator	5384
Integral	5472
BaseNodeClass	2984
SingleNodeClass	2984
TwoNodeClass	4040
4.763441
node	2444400
self	2444456
__spec__	112
ABCMeta	1112
Iterator	5384
Integral	5472
BaseNodeClass	2984
SingleNodeClass	2984
TwoNodeClass	4040
5.380241
node	2629032
self	2629088
__spec__	112
ABCMeta	1112
Iterator	5384
Integral	5472
BaseNodeClass	2984
SingleNodeClass	2984
TwoNodeClass	4040
6.026533
node	2812264
self	2812320
__spec__	112
ABCMeta	1112
Iterator	5384
Integral	5472
BaseNodeClass	2984
SingleNodeClass	2984
TwoNodeClass	4040
6.700903
self	56
__spec__	112
ABCMeta	1112
Iterator	5384
Integral	5472
BaseNodeClass	2984
SingleNodeClass	2984
TwoNodeClass	4040
6.944014
node	3175200
self	3175256
__spec__	112
ABCMeta	1112
Iterator	5384
Integral	5472
BaseNodeClass	2984
SingleNodeClass	2984
TwoNodeClass	4040
7.675953
node	3355128
self	3355184
__spec__	112
ABCMeta	1112
Iterator	5384
Integral	5472
BaseNodeClass	2984
SingleNodeClass	2984
TwoNodeClass	4040
8.437234
node	3534384
self	3534440
__spec__	112
ABCMeta	1112
Iterator	5384
Integral	5472
BaseNodeClass	2984
SingleNodeClass	2984
TwoNodeClass	4040
9.227050
node	3712520
self	3712576
__spec__	112
ABCMeta	1112
Iterator	5384
Integral	5472
BaseNodeClass	2984
SingleNodeClass	2984
TwoNodeClass	4040
10.040760
node	3890320
self	3890376
__spec__	112
ABCMeta	1112
Iterator	5384
Integral	5472
BaseNodeClass	2984
SingleNodeClass	2984
TwoNodeClass	4040
10.879584
node	4067224
self	4067280
__spec__	112
ABCMeta	1112
Iterator	5384
Integral	5472
BaseNodeClass	2984
SingleNodeClass	2984
TwoNodeClass	4040
11.839862
node	4243624
self	4243680
__spec__	112
ABCMeta	1112
Iterator	5384
Integral	5472
BaseNodeClass	2984
SingleNodeClass	2984
TwoNodeClass	4040
12.733447
node	4419520
self	4419576
__spec__	112
ABCMeta	1112
Iterator	5384
Integral	5472
BaseNodeClass	2984
SingleNodeClass	2984
TwoNodeClass	4040
13.660418
node	4595024
self	4595080
__spec__	112
ABCMeta	1112
Iterator	5384
Integral	5472
BaseNodeClass	2984
SingleNodeClass	2984
TwoNodeClass	4040
14.609005
node	4769856
self	4769912
__spec__	112
ABCMeta	1112
Iterator	5384
Integral	5472
BaseNodeClass	2984
SingleNodeClass	2984
TwoNodeClass	4040
15.582039
node	4943512
self	4943568
__spec__	112
ABCMeta	1112
Iterator	5384
Integral	5472
BaseNodeClass	2984
SingleNodeClass	2984
TwoNodeClass	4040
16.593945
node	5117336
self	5117392
__spec__	112
ABCMeta	1112
Iterator	5384
Integral	5472
BaseNodeClass	2984
SingleNodeClass	2984
TwoNodeClass	4040
17.635032
node	5290376
self	5290432
__spec__	112
ABCMeta	1112
Iterator	5384
Integral	5472
BaseNodeClass	2984
SingleNodeClass	2984
TwoNodeClass	4040
18.696934
node	5463472
self	5463528
__spec__	112
ABCMeta	1112
Iterator	5384
Integral	5472
BaseNodeClass	2984
SingleNodeClass	2984
TwoNodeClass	4040
19.799486
node	5634664
self	5634720
__spec__	112
ABCMeta	1112
Iterator	5384
Integral	5472
BaseNodeClass	2984
SingleNodeClass	2984
TwoNodeClass	4040
20.919306
node	5806248
self	5806304
__spec__	112
ABCMeta	1112
Iterator	5384
Integral	5472
BaseNodeClass	2984
SingleNodeClass	2984
TwoNodeClass	4040
22.070591
node	5977944
self	5978000
__spec__	112
ABCMeta	1112
Iterator	5384
Integral	5472
BaseNodeClass	2984
SingleNodeClass	2984
TwoNodeClass	4040
23.240641
self	6149304
__spec__	112
ABCMeta	1112
Iterator	5384
Integral	5472
BaseNodeClass	2984
SingleNodeClass	2984
TwoNodeClass	4040
23.963846
node	6318872
self	6318928
__spec__	112
ABCMeta	1112
Iterator	5384
Integral	5472
BaseNodeClass	2984
SingleNodeClass	2984
TwoNodeClass	4040
25.192742
node	6489840
self	6489896
__spec__	112
ABCMeta	1112
Iterator	5384
Integral	5472
BaseNodeClass	2984
SingleNodeClass	2984
TwoNodeClass	4040
26.445575
node	6658008
self	6658064
__spec__	112
ABCMeta	1112
Iterator	5384
Integral	5472
BaseNodeClass	2984
SingleNodeClass	2984
TwoNodeClass	4040
27.839429
node	6827184
self	6827240
__spec__	112
ABCMeta	1112
Iterator	5384
Integral	5472
BaseNodeClass	2984
SingleNodeClass	2984
TwoNodeClass	4040
29.140173
datalist	9000112
instance	6996136
__annotations__	240
List	48296
Integral	5472
BaseNodeClass	2984
29.965348
node	7163352
self	7163408
__spec__	112
ABCMeta	1112
Iterator	5384
Integral	5472
BaseNodeClass	2984
SingleNodeClass	2984
TwoNodeClass	4040
31.317395
node	7331240
self	7331296
__spec__	112
ABCMeta	1112
Iterator	5384
Integral	5472
BaseNodeClass	2984
SingleNodeClass	2984
TwoNodeClass	4040
32.701973
node	7498624
self	7498680
__spec__	112
ABCMeta	1112
Iterator	5384
Integral	5472
BaseNodeClass	2984
SingleNodeClass	2984
TwoNodeClass	4040
34.120965
node	7667072
self	7667128
__spec__	112
ABCMeta	1112
Iterator	5384
Integral	5472
BaseNodeClass	2984
SingleNodeClass	2984
TwoNodeClass	4040
35.564592
node	7835016
self	7835072
__spec__	112
ABCMeta	1112
Iterator	5384
Integral	5472
BaseNodeClass	2984
SingleNodeClass	2984
TwoNodeClass	4040
37.025255
node	8002456
self	8002512
__spec__	112
ABCMeta	1112
Iterator	5384
Integral	5472
BaseNodeClass	2984
SingleNodeClass	2984
TwoNodeClass	4040
38.517844
node	8168720
self	8168776
__spec__	112
ABCMeta	1112
Iterator	5384
Integral	5472
BaseNodeClass	2984
SingleNodeClass	2984
TwoNodeClass	4040
40.028867
self	56
__spec__	112
ABCMeta	1112
Iterator	5384
Integral	5472
BaseNodeClass	2984
SingleNodeClass	2984
TwoNodeClass	4040
40.276860
node	8500352
self	8500408
__spec__	112
ABCMeta	1112
Iterator	5384
Integral	5472
BaseNodeClass	2984
SingleNodeClass	2984
TwoNodeClass	4040
41.844687
node	8666224
self	8666280
__spec__	112
ABCMeta	1112
Iterator	5384
Integral	5472
BaseNodeClass	2984
SingleNodeClass	2984
TwoNodeClass	4040
43.431971
node	8831368
self	8831424
__spec__	112
ABCMeta	1112
Iterator	5384
Integral	5472
BaseNodeClass	2984
SingleNodeClass	2984
TwoNodeClass	4040
45.050861
node	8996848
self	8996904
__spec__	112
ABCMeta	1112
Iterator	5384
Integral	5472
BaseNodeClass	2984
SingleNodeClass	2984
TwoNodeClass	4040
46.714581
node	9161880
self	9161936
__spec__	112
ABCMeta	1112
Iterator	5384
Integral	5472
BaseNodeClass	2984
SingleNodeClass	2984
TwoNodeClass	4040
48.528881
node	9325736
self	9325792
__spec__	112
ABCMeta	1112
Iterator	5384
Integral	5472
BaseNodeClass	2984
SingleNodeClass	2984
TwoNodeClass	4040
50.235688
node	9489480
self	9489536
__spec__	112
ABCMeta	1112
Iterator	5384
Integral	5472
BaseNodeClass	2984
SingleNodeClass	2984
TwoNodeClass	4040
51.977290
node	9653728
self	9653784
__spec__	112
ABCMeta	1112
Iterator	5384
Integral	5472
BaseNodeClass	2984
SingleNodeClass	2984
TwoNodeClass	4040
53.734868
node	9817304
self	9817360
__spec__	112
ABCMeta	1112
Iterator	5384
Integral	5472
BaseNodeClass	2984
SingleNodeClass	2984
TwoNodeClass	4040
55.521216
datalist	9000112
instance	9981832
__annotations__	240
List	48296
Integral	5472
BaseNodeClass	2984
56.589296
node	10145296
self	10145352
__spec__	112
ABCMeta	1112
Iterator	5384
Integral	5472
BaseNodeClass	2984
SingleNodeClass	2984
TwoNodeClass	4040
58.429459
node	10308312
self	10308368
__spec__	112
ABCMeta	1112
Iterator	5384
Integral	5472
BaseNodeClass	2984
SingleNodeClass	2984
TwoNodeClass	4040
60.295267
node	10471384
self	10471440
__spec__	112
ABCMeta	1112
Iterator	5384
Integral	5472
BaseNodeClass	2984
SingleNodeClass	2984
TwoNodeClass	4040
62.179302
node	10634400
self	10634456
__spec__	112
ABCMeta	1112
Iterator	5384
Integral	5472
BaseNodeClass	2984
SingleNodeClass	2984
TwoNodeClass	4040
64.097726
node	10796576
self	10796632
__spec__	112
ABCMeta	1112
Iterator	5384
Integral	5472
BaseNodeClass	2984
SingleNodeClass	2984
TwoNodeClass	4040
66.039327
node	10959088
self	10959144
__spec__	112
ABCMeta	1112
Iterator	5384
Integral	5472
BaseNodeClass	2984
SingleNodeClass	2984
TwoNodeClass	4040
68.002662
node	11120592
self	11120648
__spec__	112
ABCMeta	1112
Iterator	5384
Integral	5472
BaseNodeClass	2984
SingleNodeClass	2984
TwoNodeClass	4040
69.992235
node	11282880
self	11282936
__spec__	112
ABCMeta	1112
Iterator	5384
Integral	5472
BaseNodeClass	2984
SingleNodeClass	2984
TwoNodeClass	4040
72.001350
node	11444776
self	11444832
__spec__	112
ABCMeta	1112
Iterator	5384
Integral	5472
BaseNodeClass	2984
SingleNodeClass	2984
TwoNodeClass	4040
74.042818
node	11605384
self	11605440
__spec__	112
ABCMeta	1112
Iterator	5384
Integral	5472
BaseNodeClass	2984
SingleNodeClass	2984
TwoNodeClass	4040
76.110770
node	11767056
self	11767112
__spec__	112
ABCMeta	1112
Iterator	5384
Integral	5472
BaseNodeClass	2984
SingleNodeClass	2984
TwoNodeClass	4040
78.203234
node	11928672
self	11928728
__spec__	112
ABCMeta	1112
Iterator	5384
Integral	5472
BaseNodeClass	2984
SingleNodeClass	2984
TwoNodeClass	4040
80.308522
node	12090008
self	12090064
__spec__	112
ABCMeta	1112
Iterator	5384
Integral	5472
BaseNodeClass	2984
SingleNodeClass	2984
TwoNodeClass	4040
82.627802
node	12251008
self	12251064
__spec__	112
ABCMeta	1112
Iterator	5384
Integral	5472
BaseNodeClass	2984
SingleNodeClass	2984
TwoNodeClass	4040
84.793639
node	12411336
self	12411392
__spec__	112
ABCMeta	1112
Iterator	5384
Integral	5472
BaseNodeClass	2984
SingleNodeClass	2984
TwoNodeClass	4040
86.985388
node	12571216
self	12571272
__spec__	112
ABCMeta	1112
Iterator	5384
Integral	5472
BaseNodeClass	2984
SingleNodeClass	2984
TwoNodeClass	4040
89.207249
node	12732384
self	12732440
__spec__	112
ABCMeta	1112
Iterator	5384
Integral	5472
BaseNodeClass	2984
SingleNodeClass	2984
TwoNodeClass	4040
91.469608
node	12892488
self	12892544
__spec__	112
ABCMeta	1112
Iterator	5384
Integral	5472
BaseNodeClass	2984
SingleNodeClass	2984
TwoNodeClass	4040
93.742558
node	13052144
self	13052200
__spec__	112
ABCMeta	1112
Iterator	5384
Integral	5472
BaseNodeClass	2984
SingleNodeClass	2984
TwoNodeClass	4040
96.024861
node	13212304
self	13212360
__spec__	112
ABCMeta	1112
Iterator	5384
Integral	5472
BaseNodeClass	2984
SingleNodeClass	2984
TwoNodeClass	4040
98.345372
self	13372016
__spec__	112
ABCMeta	1112
Iterator	5384
Integral	5472
BaseNodeClass	2984
SingleNodeClass	2984
TwoNodeClass	4040
99.635992
node	13531336
self	13531392
__spec__	112
ABCMeta	1112
Iterator	5384
Integral	5472
BaseNodeClass	2984
SingleNodeClass	2984
TwoNodeClass	4040
101.999823
node	13690656
self	13690712
__spec__	112
ABCMeta	1112
Iterator	5384
Integral	5472
BaseNodeClass	2984
SingleNodeClass	2984
TwoNodeClass	4040
104.399368
node	13849640
self	13849696
__spec__	112
ABCMeta	1112
Iterator	5384
Integral	5472
BaseNodeClass	2984
SingleNodeClass	2984
TwoNodeClass	4040
106.826305
node	14009352
self	14009408
__spec__	112
ABCMeta	1112
Iterator	5384
Integral	5472
BaseNodeClass	2984
SingleNodeClass	2984
TwoNodeClass	4040
109.249249
node	14168616
self	14168672
__spec__	112
ABCMeta	1112
Iterator	5384
Integral	5472
BaseNodeClass	2984
SingleNodeClass	2984
TwoNodeClass	4040
111.738891
self	56
__spec__	112
ABCMeta	1112
Iterator	5384
Integral	5472
BaseNodeClass	2984
SingleNodeClass	2984
TwoNodeClass	4040
111.986618
node	14486360
self	14486416
__spec__	112
ABCMeta	1112
Iterator	5384
Integral	5472
BaseNodeClass	2984
SingleNodeClass	2984
TwoNodeClass	4040
114.512789
node	14644616
self	14644672
__spec__	112
ABCMeta	1112
Iterator	5384
Integral	5472
BaseNodeClass	2984
SingleNodeClass	2984
TwoNodeClass	4040
117.079648
node	14802872
self	14802928
__spec__	112
ABCMeta	1112
Iterator	5384
Integral	5472
BaseNodeClass	2984
SingleNodeClass	2984
TwoNodeClass	4040
119.650587
node	14962136
self	14962192
__spec__	112
ABCMeta	1112
Iterator	5384
Integral	5472
BaseNodeClass	2984
SingleNodeClass	2984
TwoNodeClass	4040
122.245855
node	15119496
self	15119552
__spec__	112
ABCMeta	1112
Iterator	5384
Integral	5472
BaseNodeClass	2984
SingleNodeClass	2984
TwoNodeClass	4040
124.856328
self	56
__spec__	112
ABCMeta	1112
Iterator	5384
Integral	5472
BaseNodeClass	2984
SingleNodeClass	2984
TwoNodeClass	4040
125.107075
node	15435784
self	15435840
__spec__	112
ABCMeta	1112
Iterator	5384
Integral	5472
BaseNodeClass	2984
SingleNodeClass	2984
TwoNodeClass	4040
127.757959
node	15593984
self	15594040
__spec__	112
ABCMeta	1112
Iterator	5384
Integral	5472
BaseNodeClass	2984
SingleNodeClass	2984
TwoNodeClass	4040
130.707785
node	15751848
self	15751904
__spec__	112
ABCMeta	1112
Iterator	5384
Integral	5472
BaseNodeClass	2984
SingleNodeClass	2984
TwoNodeClass	4040
133.419589
node	15909488
self	15909544
__spec__	112
ABCMeta	1112
Iterator	5384
Integral	5472
BaseNodeClass	2984
SingleNodeClass	2984
TwoNodeClass	4040
136.160467
node	16066512
self	16066568
__spec__	112
ABCMeta	1112
Iterator	5384
Integral	5472
BaseNodeClass	2984
SingleNodeClass	2984
TwoNodeClass	4040
138.919167
node	16223368
self	16223424
__spec__	112
ABCMeta	1112
Iterator	5384
Integral	5472
BaseNodeClass	2984
SingleNodeClass	2984
TwoNodeClass	4040
141.702642
node	16380224
self	16380280
__spec__	112
ABCMeta	1112
Iterator	5384
Integral	5472
BaseNodeClass	2984
SingleNodeClass	2984
TwoNodeClass	4040
144.526278
node	16537080
self	16537136
__spec__	112
ABCMeta	1112
Iterator	5384
Integral	5472
BaseNodeClass	2984
SingleNodeClass	2984
TwoNodeClass	4040
147.384425
node	16693376
self	16693432
__spec__	112
ABCMeta	1112
Iterator	5384
Integral	5472
BaseNodeClass	2984
SingleNodeClass	2984
TwoNodeClass	4040
150.251289
self	56
__spec__	112
ABCMeta	1112
Iterator	5384
Integral	5472
BaseNodeClass	2984
SingleNodeClass	2984
TwoNodeClass	4040
150.492838
node	17006304
self	17006360
__spec__	112
ABCMeta	1112
Iterator	5384
Integral	5472
BaseNodeClass	2984
SingleNodeClass	2984
TwoNodeClass	4040
153.396427
node	17163496
self	17163552
__spec__	112
ABCMeta	1112
Iterator	5384
Integral	5472
BaseNodeClass	2984
SingleNodeClass	2984
TwoNodeClass	4040
156.327835
node	17320128
self	17320184
__spec__	112
ABCMeta	1112
Iterator	5384
Integral	5472
BaseNodeClass	2984
SingleNodeClass	2984
TwoNodeClass	4040
159.290731
node	17476536
self	17476592
__spec__	112
ABCMeta	1112
Iterator	5384
Integral	5472
BaseNodeClass	2984
SingleNodeClass	2984
TwoNodeClass	4040
162.272817
node	17632608
self	17632664
__spec__	112
ABCMeta	1112
Iterator	5384
Integral	5472
BaseNodeClass	2984
SingleNodeClass	2984
TwoNodeClass	4040
165.275571
node	17789240
self	17789296
__spec__	112
ABCMeta	1112
Iterator	5384
Integral	5472
BaseNodeClass	2984
SingleNodeClass	2984
TwoNodeClass	4040
168.305876
datalist	9000112
instance	17945872
__annotations__	240
List	48296
Integral	5472
BaseNodeClass	2984
169.995738
node	18102280
self	18102336
__spec__	112
ABCMeta	1112
Iterator	5384
Integral	5472
BaseNodeClass	2984
SingleNodeClass	2984
TwoNodeClass	4040
173.087485
node	18258856
self	18258912
__spec__	112
ABCMeta	1112
Iterator	5384
Integral	5472
BaseNodeClass	2984
SingleNodeClass	2984
TwoNodeClass	4040
176.208339
self	56
__spec__	112
ABCMeta	1112
Iterator	5384
Integral	5472
BaseNodeClass	2984
SingleNodeClass	2984
TwoNodeClass	4040
176.457107
node	18570048
self	18570104
__spec__	112
ABCMeta	1112
Iterator	5384
Integral	5472
BaseNodeClass	2984
SingleNodeClass	2984
TwoNodeClass	4040
179.629475
node	18726008
self	18726064
__spec__	112
ABCMeta	1112
Iterator	5384
Integral	5472
BaseNodeClass	2984
SingleNodeClass	2984
TwoNodeClass	4040
182.816118
node	18882024
self	18882080
__spec__	112
ABCMeta	1112
Iterator	5384
Integral	5472
BaseNodeClass	2984
SingleNodeClass	2984
TwoNodeClass	4040
186.018962
node	19037200
self	19037256
__spec__	112
ABCMeta	1112
Iterator	5384
Integral	5472
BaseNodeClass	2984
SingleNodeClass	2984
TwoNodeClass	4040
189.253431
node	19192488
self	19192544
__spec__	112
ABCMeta	1112
Iterator	5384
Integral	5472
BaseNodeClass	2984
SingleNodeClass	2984
TwoNodeClass	4040
192.569801
node	19348000
self	19348056
__spec__	112
ABCMeta	1112
Iterator	5384
Integral	5472
BaseNodeClass	2984
SingleNodeClass	2984
TwoNodeClass	4040
195.968452
node	19502784
self	19502840
__spec__	112
ABCMeta	1112
Iterator	5384
Integral	5472
BaseNodeClass	2984
SingleNodeClass	2984
TwoNodeClass	4040
199.361152
node	19658296
self	19658352
__spec__	112
ABCMeta	1112
Iterator	5384
Integral	5472
BaseNodeClass	2984
SingleNodeClass	2984
TwoNodeClass	4040
202.906575
node	19813584
self	19813640
__spec__	112
ABCMeta	1112
Iterator	5384
Integral	5472
BaseNodeClass	2984
SingleNodeClass	2984
TwoNodeClass	4040
206.658655
node	19969040
self	19969096
__spec__	112
ABCMeta	1112
Iterator	5384
Integral	5472
BaseNodeClass	2984
SingleNodeClass	2984
TwoNodeClass	4040
210.073583
node	20124104
self	20124160
__spec__	112
ABCMeta	1112
Iterator	5384
Integral	5472
BaseNodeClass	2984
SingleNodeClass	2984
TwoNodeClass	4040
213.492877
node	20277320
self	20277376
__spec__	112
ABCMeta	1112
Iterator	5384
Integral	5472
BaseNodeClass	2984
SingleNodeClass	2984
TwoNodeClass	4040
216.990434
node	20431880
self	20431936
__spec__	112
ABCMeta	1112
Iterator	5384
Integral	5472
BaseNodeClass	2984
SingleNodeClass	2984
TwoNodeClass	4040
220.650832
self	56
__spec__	112
ABCMeta	1112
Iterator	5384
Integral	5472
BaseNodeClass	2984
SingleNodeClass	2984
TwoNodeClass	4040
220.935557
node	20739208
self	20739264
__spec__	112
ABCMeta	1112
Iterator	5384
Integral	5472
BaseNodeClass	2984
SingleNodeClass	2984
TwoNodeClass	4040
224.601934
node	20894048
self	20894104
__spec__	112
ABCMeta	1112
Iterator	5384
Integral	5472
BaseNodeClass	2984
SingleNodeClass	2984
TwoNodeClass	4040
228.264377
node	21048328
self	21048384
__spec__	112
ABCMeta	1112
Iterator	5384
Integral	5472
BaseNodeClass	2984
SingleNodeClass	2984
TwoNodeClass	4040
231.927122
node	21201880
self	21201936
__spec__	112
ABCMeta	1112
Iterator	5384
Integral	5472
BaseNodeClass	2984
SingleNodeClass	2984
TwoNodeClass	4040
235.601967
node	21355712
self	21355768
__spec__	112
ABCMeta	1112
Iterator	5384
Integral	5472
BaseNodeClass	2984
SingleNodeClass	2984
TwoNodeClass	4040
239.323730
node	21509712
self	21509768
__spec__	112
ABCMeta	1112
Iterator	5384
Integral	5472
BaseNodeClass	2984
SingleNodeClass	2984
TwoNodeClass	4040
243.058052
node	21664216
self	21664272
__spec__	112
ABCMeta	1112
Iterator	5384
Integral	5472
BaseNodeClass	2984
SingleNodeClass	2984
TwoNodeClass	4040
246.849646
node	21817488
self	21817544
__spec__	112
ABCMeta	1112
Iterator	5384
Integral	5472
BaseNodeClass	2984
SingleNodeClass	2984
TwoNodeClass	4040
250.721846
node	21971208
self	21971264
__spec__	112
ABCMeta	1112
Iterator	5384
Integral	5472
BaseNodeClass	2984
SingleNodeClass	2984
TwoNodeClass	4040
254.817999
node	22124088
self	22124144
__spec__	112
ABCMeta	1112
Iterator	5384
Integral	5472
BaseNodeClass	2984
SingleNodeClass	2984
TwoNodeClass	4040
258.937329
node	22278984
self	22279040
__spec__	112
ABCMeta	1112
Iterator	5384
Integral	5472
BaseNodeClass	2984
SingleNodeClass	2984
TwoNodeClass	4040
262.982328
node	22432592
self	22432648
__spec__	112
ABCMeta	1112
Iterator	5384
Integral	5472
BaseNodeClass	2984
SingleNodeClass	2984
TwoNodeClass	4040
266.893210
node	22585024
self	22585080
__spec__	112
ABCMeta	1112
Iterator	5384
Integral	5472
BaseNodeClass	2984
SingleNodeClass	2984
TwoNodeClass	4040
271.043579
node	22738632
self	22738688
__spec__	112
ABCMeta	1112
Iterator	5384
Integral	5472
BaseNodeClass	2984
SingleNodeClass	2984
TwoNodeClass	4040
274.884181
node	22891624
self	22891680
__spec__	112
ABCMeta	1112
Iterator	5384
Integral	5472
BaseNodeClass	2984
SingleNodeClass	2984
TwoNodeClass	4040
278.771445
node	23044784
self	23044840
__spec__	112
ABCMeta	1112
Iterator	5384
Integral	5472
BaseNodeClass	2984
SingleNodeClass	2984
TwoNodeClass	4040
282.667303
node	23198168
self	23198224
__spec__	112
ABCMeta	1112
Iterator	5384
Integral	5472
BaseNodeClass	2984
SingleNodeClass	2984
TwoNodeClass	4040
287.239805
node	23349984
self	23350040
__spec__	112
ABCMeta	1112
Iterator	5384
Integral	5472
BaseNodeClass	2984
SingleNodeClass	2984
TwoNodeClass	4040
291.345517
self	23502584
__spec__	112
ABCMeta	1112
Iterator	5384
Integral	5472
BaseNodeClass	2984
SingleNodeClass	2984
TwoNodeClass	4040
293.451114
datalist	9000112
instance	23654288
__annotations__	240
List	48296
Integral	5472
BaseNodeClass	2984
295.587440
node	23806664
self	23806720
__spec__	112
ABCMeta	1112
Iterator	5384
Integral	5472
BaseNodeClass	2984
SingleNodeClass	2984
TwoNodeClass	4040
299.618442
node	23959040
self	23959096
__spec__	112
ABCMeta	1112
Iterator	5384
Integral	5472
BaseNodeClass	2984
SingleNodeClass	2984
TwoNodeClass	4040
303.658215
node	24111976
self	24112032
__spec__	112
ABCMeta	1112
Iterator	5384
Integral	5472
BaseNodeClass	2984
SingleNodeClass	2984
TwoNodeClass	4040
307.701855
node	24264352
self	24264408
__spec__	112
ABCMeta	1112
Iterator	5384
Integral	5472
BaseNodeClass	2984
SingleNodeClass	2984
TwoNodeClass	4040
311.801034
self	56
__spec__	112
ABCMeta	1112
Iterator	5384
Integral	5472
BaseNodeClass	2984
SingleNodeClass	2984
TwoNodeClass	4040
312.049797
node	24568992
self	24569048
__spec__	112
ABCMeta	1112
Iterator	5384
Integral	5472
BaseNodeClass	2984
SingleNodeClass	2984
TwoNodeClass	4040
316.166774
node	24721592
self	24721648
__spec__	112
ABCMeta	1112
Iterator	5384
Integral	5472
BaseNodeClass	2984
SingleNodeClass	2984
TwoNodeClass	4040
320.322519
node	24874080
self	24874136
__spec__	112
ABCMeta	1112
Iterator	5384
Integral	5472
BaseNodeClass	2984
SingleNodeClass	2984
TwoNodeClass	4040
324.462152
node	25026568
self	25026624
__spec__	112
ABCMeta	1112
Iterator	5384
Integral	5472
BaseNodeClass	2984
SingleNodeClass	2984
TwoNodeClass	4040
328.802694
node	25177656
self	25177712
__spec__	112
ABCMeta	1112
Iterator	5384
Integral	5472
BaseNodeClass	2984
SingleNodeClass	2984
TwoNodeClass	4040
333.788225
node	25329360
self	25329416
__spec__	112
ABCMeta	1112
Iterator	5384
Integral	5472
BaseNodeClass	2984
SingleNodeClass	2984
TwoNodeClass	4040
338.092560
node	25481456
self	25481512
__spec__	112
ABCMeta	1112
Iterator	5384
Integral	5472
BaseNodeClass	2984
SingleNodeClass	2984
TwoNodeClass	4040
342.332623
node	25632712
self	25632768
__spec__	112
ABCMeta	1112
Iterator	5384
Integral	5472
BaseNodeClass	2984
SingleNodeClass	2984
TwoNodeClass	4040
346.603325
node	25784696
self	25784752
__spec__	112
ABCMeta	1112
Iterator	5384
Integral	5472
BaseNodeClass	2984
SingleNodeClass	2984
TwoNodeClass	4040
350.919814
node	25936064
self	25936120
__spec__	112
ABCMeta	1112
Iterator	5384
Integral	5472
BaseNodeClass	2984
SingleNodeClass	2984
TwoNodeClass	4040
355.251440
node	26087600
self	26087656
__spec__	112
ABCMeta	1112
Iterator	5384
Integral	5472
BaseNodeClass	2984
SingleNodeClass	2984
TwoNodeClass	4040
359.616913
node	26239080
self	26239136
__spec__	112
ABCMeta	1112
Iterator	5384
Integral	5472
BaseNodeClass	2984
SingleNodeClass	2984
TwoNodeClass	4040
364.001207
node	26391008
self	26391064
__spec__	112
ABCMeta	1112
Iterator	5384
Integral	5472
BaseNodeClass	2984
SingleNodeClass	2984
TwoNodeClass	4040
368.393273
node	26541760
self	26541816
__spec__	112
ABCMeta	1112
Iterator	5384
Integral	5472
BaseNodeClass	2984
SingleNodeClass	2984
TwoNodeClass	4040
372.818243
node	26692512
self	26692568
__spec__	112
ABCMeta	1112
Iterator	5384
Integral	5472
BaseNodeClass	2984
SingleNodeClass	2984
TwoNodeClass	4040
377.252463
node	26845056
self	26845112
__spec__	112
ABCMeta	1112
Iterator	5384
Integral	5472
BaseNodeClass	2984
SingleNodeClass	2984
TwoNodeClass	4040
381.741919
node	26996256
self	26996312
__spec__	112
ABCMeta	1112
Iterator	5384
Integral	5472
BaseNodeClass	2984
SingleNodeClass	2984
TwoNodeClass	4040
386.267139
node	27147120
self	27147176
__spec__	112
ABCMeta	1112
Iterator	5384
Integral	5472
BaseNodeClass	2984
SingleNodeClass	2984
TwoNodeClass	4040
390.804868
node	27298824
self	27298880
__spec__	112
ABCMeta	1112
Iterator	5384
Integral	5472
BaseNodeClass	2984
SingleNodeClass	2984
TwoNodeClass	4040
395.342979
self	56
__spec__	112
ABCMeta	1112
Iterator	5384
Integral	5472
BaseNodeClass	2984
SingleNodeClass	2984
TwoNodeClass	4040
395.591809
node	27601056
self	27601112
__spec__	112
ABCMeta	1112
Iterator	5384
Integral	5472
BaseNodeClass	2984
SingleNodeClass	2984
TwoNodeClass	4040
400.188802
self	56
__spec__	112
ABCMeta	1112
Iterator	5384
Integral	5472
BaseNodeClass	2984
SingleNodeClass	2984
TwoNodeClass	4040
400.433305
node	27902448
self	27902504
__spec__	112
ABCMeta	1112
Iterator	5384
Integral	5472
BaseNodeClass	2984
SingleNodeClass	2984
TwoNodeClass	4040
405.077123
node	28052472
self	28052528
__spec__	112
ABCMeta	1112
Iterator	5384
Integral	5472
BaseNodeClass	2984
SingleNodeClass	2984
TwoNodeClass	4040
409.743156
node	28203616
self	28203672
__spec__	112
ABCMeta	1112
Iterator	5384
Integral	5472
BaseNodeClass	2984
SingleNodeClass	2984
TwoNodeClass	4040
414.438850
node	28353976
self	28354032
__spec__	112
ABCMeta	1112
Iterator	5384
Integral	5472
BaseNodeClass	2984
SingleNodeClass	2984
TwoNodeClass	4040
419.144778
node	28504728
self	28504784
__spec__	112
ABCMeta	1112
Iterator	5384
Integral	5472
BaseNodeClass	2984
SingleNodeClass	2984
TwoNodeClass	4040
423.894092
node	28655984
self	28656040
__spec__	112
ABCMeta	1112
Iterator	5384
Integral	5472
BaseNodeClass	2984
SingleNodeClass	2984
TwoNodeClass	4040
428.667299
node	28806344
self	28806400
__spec__	112
ABCMeta	1112
Iterator	5384
Integral	5472
BaseNodeClass	2984
SingleNodeClass	2984
TwoNodeClass	4040
433.461028
node	28957768
self	28957824
__spec__	112
ABCMeta	1112
Iterator	5384
Integral	5472
BaseNodeClass	2984
SingleNodeClass	2984
TwoNodeClass	4040
438.273515
node	29107848
self	29107904
__spec__	112
ABCMeta	1112
Iterator	5384
Integral	5472
BaseNodeClass	2984
SingleNodeClass	2984
TwoNodeClass	4040
443.087426
node	29258992
self	29259048
__spec__	112
ABCMeta	1112
Iterator	5384
Integral	5472
BaseNodeClass	2984
SingleNodeClass	2984
TwoNodeClass	4040
447.932562
node	29409800
self	29409856
__spec__	112
ABCMeta	1112
Iterator	5384
Integral	5472
BaseNodeClass	2984
SingleNodeClass	2984
TwoNodeClass	4040
452.803257
node	29559544
self	29559600
__spec__	112
ABCMeta	1112
Iterator	5384
Integral	5472
BaseNodeClass	2984
SingleNodeClass	2984
TwoNodeClass	4040
458.002346
node	29710016
self	29710072
__spec__	112
ABCMeta	1112
Iterator	5384
Integral	5472
BaseNodeClass	2984
SingleNodeClass	2984
TwoNodeClass	4040
463.586998
node	29860264
self	29860320
__spec__	112
ABCMeta	1112
Iterator	5384
Integral	5472
BaseNodeClass	2984
SingleNodeClass	2984
TwoNodeClass	4040
469.140868
node	30010568
self	30010624
__spec__	112
ABCMeta	1112
Iterator	5384
Integral	5472
BaseNodeClass	2984
SingleNodeClass	2984
TwoNodeClass	4040
474.695817
node	30160368
self	30160424
__spec__	112
ABCMeta	1112
Iterator	5384
Integral	5472
BaseNodeClass	2984
SingleNodeClass	2984
TwoNodeClass	4040
479.709483
node	30310840
self	30310896
__spec__	112
ABCMeta	1112
Iterator	5384
Integral	5472
BaseNodeClass	2984
SingleNodeClass	2984
TwoNodeClass	4040
485.189460
node	30462040
self	30462096
__spec__	112
ABCMeta	1112
Iterator	5384
Integral	5472
BaseNodeClass	2984
SingleNodeClass	2984
TwoNodeClass	4040
490.240962
node	30612176
self	30612232
__spec__	112
ABCMeta	1112
Iterator	5384
Integral	5472
BaseNodeClass	2984
SingleNodeClass	2984
TwoNodeClass	4040
495.306495
node	30762480
self	30762536
__spec__	112
ABCMeta	1112
Iterator	5384
Integral	5472
BaseNodeClass	2984
SingleNodeClass	2984
TwoNodeClass	4040
500.417000
node	30912280
self	30912336
__spec__	112
ABCMeta	1112
Iterator	5384
Integral	5472
BaseNodeClass	2984
SingleNodeClass	2984
TwoNodeClass	4040
506.050181
node	31061576
self	31061632
__spec__	112
ABCMeta	1112
Iterator	5384
Integral	5472
BaseNodeClass	2984
SingleNodeClass	2984
TwoNodeClass	4040
511.352572
node	31210760
self	31210816
__spec__	112
ABCMeta	1112
Iterator	5384
Integral	5472
BaseNodeClass	2984
SingleNodeClass	2984
TwoNodeClass	4040
517.020095
node	31360504
self	31360560
__spec__	112
ABCMeta	1112
Iterator	5384
Integral	5472
BaseNodeClass	2984
SingleNodeClass	2984
TwoNodeClass	4040
522.633915
node	31509128
self	31509184
__spec__	112
ABCMeta	1112
Iterator	5384
Integral	5472
BaseNodeClass	2984
SingleNodeClass	2984
TwoNodeClass	4040
528.135850
node	31658480
self	31658536
__spec__	112
ABCMeta	1112
Iterator	5384
Integral	5472
BaseNodeClass	2984
SingleNodeClass	2984
TwoNodeClass	4040
533.734117
node	31807832
self	31807888
__spec__	112
ABCMeta	1112
Iterator	5384
Integral	5472
BaseNodeClass	2984
SingleNodeClass	2984
TwoNodeClass	4040
540.209011
node	31957688
self	31957744
__spec__	112
ABCMeta	1112
Iterator	5384
Integral	5472
BaseNodeClass	2984
SingleNodeClass	2984
TwoNodeClass	4040
547.315132
node	32105808
self	32105864
__spec__	112
ABCMeta	1112
Iterator	5384
Integral	5472
BaseNodeClass	2984
SingleNodeClass	2984
TwoNodeClass	4040
554.483419
node	32255272
self	32255328
__spec__	112
ABCMeta	1112
Iterator	5384
Integral	5472
BaseNodeClass	2984
SingleNodeClass	2984
TwoNodeClass	4040
563.315212
node	32404064
self	32404120
__spec__	112
ABCMeta	1112
Iterator	5384
Integral	5472
BaseNodeClass	2984
SingleNodeClass	2984
TwoNodeClass	4040
574.868824
self	56
__spec__	112
ABCMeta	1112
Iterator	5384
Integral	5472
BaseNodeClass	2984
SingleNodeClass	2984
TwoNodeClass	4040
575.487008
node	32702488
self	32702544
__spec__	112
ABCMeta	1112
Iterator	5384
Integral	5472
BaseNodeClass	2984
SingleNodeClass	2984
TwoNodeClass	4040
588.487877
node	32851336
self	32851392
__spec__	112
ABCMeta	1112
Iterator	5384
Integral	5472
BaseNodeClass	2984
SingleNodeClass	2984
TwoNodeClass	4040
601.349944
node	33000408
self	33000464
__spec__	112
ABCMeta	1112
Iterator	5384
Integral	5472
BaseNodeClass	2984
SingleNodeClass	2984
TwoNodeClass	4040
614.302284
node	33149256
self	33149312
__spec__	112
ABCMeta	1112
Iterator	5384
Integral	5472
BaseNodeClass	2984
SingleNodeClass	2984
TwoNodeClass	4040
627.646434
node	33298496
self	33298552
__spec__	112
ABCMeta	1112
Iterator	5384
Integral	5472
BaseNodeClass	2984
SingleNodeClass	2984
TwoNodeClass	4040
641.933588
node	33447904
self	33447960
__spec__	112
ABCMeta	1112
Iterator	5384
Integral	5472
BaseNodeClass	2984
SingleNodeClass	2984
TwoNodeClass	4040
650.829425
node	33597256
self	33597312
__spec__	112
ABCMeta	1112
Iterator	5384
Integral	5472
BaseNodeClass	2984
SingleNodeClass	2984
TwoNodeClass	4040
658.767090
node	33746552
self	33746608
__spec__	112
ABCMeta	1112
Iterator	5384
Integral	5472
BaseNodeClass	2984
SingleNodeClass	2984
TwoNodeClass	4040
666.173392
node	33895680
self	33895736
__spec__	112
ABCMeta	1112
Iterator	5384
Integral	5472
BaseNodeClass	2984
SingleNodeClass	2984
TwoNodeClass	4040
671.995007
node	34045088
self	34045144
__spec__	112
ABCMeta	1112
Iterator	5384
Integral	5472
BaseNodeClass	2984
SingleNodeClass	2984
TwoNodeClass	4040
677.680848
node	34194216
self	34194272
__spec__	112
ABCMeta	1112
Iterator	5384
Integral	5472
BaseNodeClass	2984
SingleNodeClass	2984
TwoNodeClass	4040
683.478909
node	34342616
self	34342672
__spec__	112
ABCMeta	1112
Iterator	5384
Integral	5472
BaseNodeClass	2984
SingleNodeClass	2984
TwoNodeClass	4040
689.475089
node	34491184
self	34491240
__spec__	112
ABCMeta	1112
Iterator	5384
Integral	5472
BaseNodeClass	2984
SingleNodeClass	2984
TwoNodeClass	4040
695.452357
node	34638968
self	34639024
__spec__	112
ABCMeta	1112
Iterator	5384
Integral	5472
BaseNodeClass	2984
SingleNodeClass	2984
TwoNodeClass	4040
701.624428
node	34787704
self	34787760
__spec__	112
ABCMeta	1112
Iterator	5384
Integral	5472
BaseNodeClass	2984
SingleNodeClass	2984
TwoNodeClass	4040
707.706993
node	34935656
self	34935712
__spec__	112
ABCMeta	1112
Iterator	5384
Integral	5472
BaseNodeClass	2984
SingleNodeClass	2984
TwoNodeClass	4040
713.787321
node	35084224
self	35084280
__spec__	112
ABCMeta	1112
Iterator	5384
Integral	5472
BaseNodeClass	2984
SingleNodeClass	2984
TwoNodeClass	4040
719.848252
node	35232288
self	35232344
__spec__	112
ABCMeta	1112
Iterator	5384
Integral	5472
BaseNodeClass	2984
SingleNodeClass	2984
TwoNodeClass	4040
725.930091
node	35380912
self	35380968
__spec__	112
ABCMeta	1112
Iterator	5384
Integral	5472
BaseNodeClass	2984
SingleNodeClass	2984
TwoNodeClass	4040
732.134033
node	35529536
self	35529592
__spec__	112
ABCMeta	1112
Iterator	5384
Integral	5472
BaseNodeClass	2984
SingleNodeClass	2984
TwoNodeClass	4040
738.129548
node	35678160
self	35678216
__spec__	112
ABCMeta	1112
Iterator	5384
Integral	5472
BaseNodeClass	2984
SingleNodeClass	2984
TwoNodeClass	4040
744.121715
node	35826336
self	35826392
__spec__	112
ABCMeta	1112
Iterator	5384
Integral	5472
BaseNodeClass	2984
SingleNodeClass	2984
TwoNodeClass	4040
750.030848
node	35975744
self	35975800
__spec__	112
ABCMeta	1112
Iterator	5384
Integral	5472
BaseNodeClass	2984
SingleNodeClass	2984
TwoNodeClass	4040
756.062699
node	36123080
self	36123136
__spec__	112
ABCMeta	1112
Iterator	5384
Integral	5472
BaseNodeClass	2984
SingleNodeClass	2984
TwoNodeClass	4040
762.222507
node	36270528
self	36270584
__spec__	112
ABCMeta	1112
Iterator	5384
Integral	5472
BaseNodeClass	2984
SingleNodeClass	2984
TwoNodeClass	4040
768.699412
node	36419040
self	36419096
__spec__	112
ABCMeta	1112
Iterator	5384
Integral	5472
BaseNodeClass	2984
SingleNodeClass	2984
TwoNodeClass	4040
775.693009
node	36566264
self	36566320
__spec__	112
ABCMeta	1112
Iterator	5384
Integral	5472
BaseNodeClass	2984
SingleNodeClass	2984
TwoNodeClass	4040
782.342383
node	36714328
self	36714384
__spec__	112
ABCMeta	1112
Iterator	5384
Integral	5472
BaseNodeClass	2984
SingleNodeClass	2984
TwoNodeClass	4040
789.109202
node	36862616
self	36862672
__spec__	112
ABCMeta	1112
Iterator	5384
Integral	5472
BaseNodeClass	2984
SingleNodeClass	2984
TwoNodeClass	4040
795.963379
node	37009728
self	37009784
__spec__	112
ABCMeta	1112
Iterator	5384
Integral	5472
BaseNodeClass	2984
SingleNodeClass	2984
TwoNodeClass	4040
802.251285
node	37157960
self	37158016
__spec__	112
ABCMeta	1112
Iterator	5384
Integral	5472
BaseNodeClass	2984
SingleNodeClass	2984
TwoNodeClass	4040
808.672165
node	37305856
self	37305912
__spec__	112
ABCMeta	1112
Iterator	5384
Integral	5472
BaseNodeClass	2984
SingleNodeClass	2984
TwoNodeClass	4040
814.820994
node	37452688
self	37452744
__spec__	112
ABCMeta	1112
Iterator	5384
Integral	5472
BaseNodeClass	2984
SingleNodeClass	2984
TwoNodeClass	4040
821.005541
node	37599688
self	37599744
__spec__	112
ABCMeta	1112
Iterator	5384
Integral	5472
BaseNodeClass	2984
SingleNodeClass	2984
TwoNodeClass	4040
827.426976
node	37747808
self	37747864
__spec__	112
ABCMeta	1112
Iterator	5384
Integral	5472
BaseNodeClass	2984
SingleNodeClass	2984
TwoNodeClass	4040
833.726714
node	37895424
self	37895480
__spec__	112
ABCMeta	1112
Iterator	5384
Integral	5472
BaseNodeClass	2984
SingleNodeClass	2984
TwoNodeClass	4040
840.042819
node	38043656
self	38043712
__spec__	112
ABCMeta	1112
Iterator	5384
Integral	5472
BaseNodeClass	2984
SingleNodeClass	2984
TwoNodeClass	4040
846.622144
node	38190600
self	38190656
__spec__	112
ABCMeta	1112
Iterator	5384
Integral	5472
BaseNodeClass	2984
SingleNodeClass	2984
TwoNodeClass	4040
853.189285
self	56
__spec__	112
ABCMeta	1112
Iterator	5384
Integral	5472
BaseNodeClass	2984
SingleNodeClass	2984
TwoNodeClass	4040
853.439709
node	38484600
self	38484656
__spec__	112
ABCMeta	1112
Iterator	5384
Integral	5472
BaseNodeClass	2984
SingleNodeClass	2984
TwoNodeClass	4040
860.132176
node	38631824
self	38631880
__spec__	112
ABCMeta	1112
Iterator	5384
Integral	5472
BaseNodeClass	2984
SingleNodeClass	2984
TwoNodeClass	4040
866.756782
node	38780056
self	38780112
__spec__	112
ABCMeta	1112
Iterator	5384
Integral	5472
BaseNodeClass	2984
SingleNodeClass	2984
TwoNodeClass	4040
873.117299
node	38927504
self	38927560
__spec__	112
ABCMeta	1112
Iterator	5384
Integral	5472
BaseNodeClass	2984
SingleNodeClass	2984
TwoNodeClass	4040
879.515852
node	39074952
self	39075008
__spec__	112
ABCMeta	1112
Iterator	5384
Integral	5472
BaseNodeClass	2984
SingleNodeClass	2984
TwoNodeClass	4040
885.948681
node	39222120
self	39222176
__spec__	112
ABCMeta	1112
Iterator	5384
Integral	5472
BaseNodeClass	2984
SingleNodeClass	2984
TwoNodeClass	4040
892.503360
node	39369736
self	39369792
__spec__	112
ABCMeta	1112
Iterator	5384
Integral	5472
BaseNodeClass	2984
SingleNodeClass	2984
TwoNodeClass	4040
899.038031
node	39515336
self	39515392
__spec__	112
ABCMeta	1112
Iterator	5384
Integral	5472
BaseNodeClass	2984
SingleNodeClass	2984
TwoNodeClass	4040
905.851861
node	39661888
self	39661944
__spec__	112
ABCMeta	1112
Iterator	5384
Integral	5472
BaseNodeClass	2984
SingleNodeClass	2984
TwoNodeClass	4040
914.173997
node	39807656
self	39807712
__spec__	112
ABCMeta	1112
Iterator	5384
Integral	5472
BaseNodeClass	2984
SingleNodeClass	2984
TwoNodeClass	4040
921.074032
node	39955048
self	39955104
__spec__	112
ABCMeta	1112
Iterator	5384
Integral	5472
BaseNodeClass	2984
SingleNodeClass	2984
TwoNodeClass	4040
927.742183
node	40101432
self	40101488
__spec__	112
ABCMeta	1112
Iterator	5384
Integral	5472
BaseNodeClass	2984
SingleNodeClass	2984
TwoNodeClass	4040
934.366488
self	56
__spec__	112
ABCMeta	1112
Iterator	5384
Integral	5472
BaseNodeClass	2984
SingleNodeClass	2984
TwoNodeClass	4040
934.612446
node	40395712
self	40395768
__spec__	112
ABCMeta	1112
Iterator	5384
Integral	5472
BaseNodeClass	2984
SingleNodeClass	2984
TwoNodeClass	4040
941.303366
node	40542656
self	40542712
__spec__	112
ABCMeta	1112
Iterator	5384
Integral	5472
BaseNodeClass	2984
SingleNodeClass	2984
TwoNodeClass	4040
948.353792
node	40689208
self	40689264
__spec__	112
ABCMeta	1112
Iterator	5384
Integral	5472
BaseNodeClass	2984
SingleNodeClass	2984
TwoNodeClass	4040
955.398258
node	40835144
self	40835200
__spec__	112
ABCMeta	1112
Iterator	5384
Integral	5472
BaseNodeClass	2984
SingleNodeClass	2984
TwoNodeClass	4040
962.340910
node	40982368
self	40982424
__spec__	112
ABCMeta	1112
Iterator	5384
Integral	5472
BaseNodeClass	2984
SingleNodeClass	2984
TwoNodeClass	4040
969.291523
node	41129704
self	41129760
__spec__	112
ABCMeta	1112
Iterator	5384
Integral	5472
BaseNodeClass	2984
SingleNodeClass	2984
TwoNodeClass	4040
976.169416
node	41276704
self	41276760
__spec__	112
ABCMeta	1112
Iterator	5384
Integral	5472
BaseNodeClass	2984
SingleNodeClass	2984
TwoNodeClass	4040
983.044734
self	56
__spec__	112
ABCMeta	1112
Iterator	5384
Integral	5472
BaseNodeClass	2984
SingleNodeClass	2984
TwoNodeClass	4040
983.290112
node	41569976
self	41570032
__spec__	112
ABCMeta	1112
Iterator	5384
Integral	5472
BaseNodeClass	2984
SingleNodeClass	2984
TwoNodeClass	4040
990.207000
node	41716920
self	41716976
__spec__	112
ABCMeta	1112
Iterator	5384
Integral	5472
BaseNodeClass	2984
SingleNodeClass	2984
TwoNodeClass	4040
997.097162
node	41862296
self	41862352
__spec__	112
ABCMeta	1112
Iterator	5384
Integral	5472
BaseNodeClass	2984
SingleNodeClass	2984
TwoNodeClass	4040
1004.038764
node	42008848
self	42008904
__spec__	112
ABCMeta	1112
Iterator	5384
Integral	5472
BaseNodeClass	2984
SingleNodeClass	2984
TwoNodeClass	4040
1011.004704
node	42155232
self	42155288
__spec__	112
ABCMeta	1112
Iterator	5384
Integral	5472
BaseNodeClass	2984
SingleNodeClass	2984
TwoNodeClass	4040
1018.029538
node	42300272
self	42300328
__spec__	112
ABCMeta	1112
Iterator	5384
Integral	5472
BaseNodeClass	2984
SingleNodeClass	2984
TwoNodeClass	4040
1025.001590
node	42445816
self	42445872
__spec__	112
ABCMeta	1112
Iterator	5384
Integral	5472
BaseNodeClass	2984
SingleNodeClass	2984
TwoNodeClass	4040
1032.023495
node	42591528
self	42591584
__spec__	112
ABCMeta	1112
Iterator	5384
Integral	5472
BaseNodeClass	2984
SingleNodeClass	2984
TwoNodeClass	4040
1039.054965
node	42737632
self	42737688
__spec__	112
ABCMeta	1112
Iterator	5384
Integral	5472
BaseNodeClass	2984
SingleNodeClass	2984
TwoNodeClass	4040
1046.078586
node	42883288
self	42883344
__spec__	112
ABCMeta	1112
Iterator	5384
Integral	5472
BaseNodeClass	2984
SingleNodeClass	2984
TwoNodeClass	4040
1053.245974
node	43028664
self	43028720
__spec__	112
ABCMeta	1112
Iterator	5384
Integral	5472
BaseNodeClass	2984
SingleNodeClass	2984
TwoNodeClass	4040
1060.361338
node	43174824
self	43174880
__spec__	112
ABCMeta	1112
Iterator	5384
Integral	5472
BaseNodeClass	2984
SingleNodeClass	2984
TwoNodeClass	4040
1067.535397
node	43320760
self	43320816
__spec__	112
ABCMeta	1112
Iterator	5384
Integral	5472
BaseNodeClass	2984
SingleNodeClass	2984
TwoNodeClass	4040
1074.724079
node	43466640
self	43466696
__spec__	112
ABCMeta	1112
Iterator	5384
Integral	5472
BaseNodeClass	2984
SingleNodeClass	2984
TwoNodeClass	4040
1081.920563
node	43611904
self	43611960
__spec__	112
ABCMeta	1112
Iterator	5384
Integral	5472
BaseNodeClass	2984
SingleNodeClass	2984
TwoNodeClass	4040
1089.107651
node	43757672
self	43757728
__spec__	112
ABCMeta	1112
Iterator	5384
Integral	5472
BaseNodeClass	2984
SingleNodeClass	2984
TwoNodeClass	4040
1096.430332
node	43903888
self	43903944
__spec__	112
ABCMeta	1112
Iterator	5384
Integral	5472
BaseNodeClass	2984
SingleNodeClass	2984
TwoNodeClass	4040
1103.645514
node	44050384
self	44050440
__spec__	112
ABCMeta	1112
Iterator	5384
Integral	5472
BaseNodeClass	2984
SingleNodeClass	2984
TwoNodeClass	4040
1111.031194
node	44196768
self	44196824
__spec__	112
ABCMeta	1112
Iterator	5384
Integral	5472
BaseNodeClass	2984
SingleNodeClass	2984
TwoNodeClass	4040
1118.379920
node	44342536
self	44342592
__spec__	112
ABCMeta	1112
Iterator	5384
Integral	5472
BaseNodeClass	2984
SingleNodeClass	2984
TwoNodeClass	4040
1125.711717
node	44488528
self	44488584
__spec__	112
ABCMeta	1112
Iterator	5384
Integral	5472
BaseNodeClass	2984
SingleNodeClass	2984
TwoNodeClass	4040
1133.067817
node	44633456
self	44633512
__spec__	112
ABCMeta	1112
Iterator	5384
Integral	5472
BaseNodeClass	2984
SingleNodeClass	2984
TwoNodeClass	4040
1140.547764
node	44778440
self	44778496
__spec__	112
ABCMeta	1112
Iterator	5384
Integral	5472
BaseNodeClass	2984
SingleNodeClass	2984
TwoNodeClass	4040
1148.355773
node	44923200
self	44923256
__spec__	112
ABCMeta	1112
Iterator	5384
Integral	5472
BaseNodeClass	2984
SingleNodeClass	2984
TwoNodeClass	4040
1155.859336
node	45067736
self	45067792
__spec__	112
ABCMeta	1112
Iterator	5384
Integral	5472
BaseNodeClass	2984
SingleNodeClass	2984
TwoNodeClass	4040
1163.342939
node	45212496
self	45212552
__spec__	112
ABCMeta	1112
Iterator	5384
Integral	5472
BaseNodeClass	2984
SingleNodeClass	2984
TwoNodeClass	4040
1170.858222
node	45358152
self	45358208
__spec__	112
ABCMeta	1112
Iterator	5384
Integral	5472
BaseNodeClass	2984
SingleNodeClass	2984
TwoNodeClass	4040
1178.416653
node	45503304
self	45503360
__spec__	112
ABCMeta	1112
Iterator	5384
Integral	5472
BaseNodeClass	2984
SingleNodeClass	2984
TwoNodeClass	4040
1185.972738
node	45649296
self	45649352
__spec__	112
ABCMeta	1112
Iterator	5384
Integral	5472
BaseNodeClass	2984
SingleNodeClass	2984
TwoNodeClass	4040
1193.560831
node	45794840
self	45794896
__spec__	112
ABCMeta	1112
Iterator	5384
Integral	5472
BaseNodeClass	2984
SingleNodeClass	2984
TwoNodeClass	4040
1201.211694
node	45940440
self	45940496
__spec__	112
ABCMeta	1112
Iterator	5384
Integral	5472
BaseNodeClass	2984
SingleNodeClass	2984
TwoNodeClass	4040
1208.837588
node	46085144
self	46085200
__spec__	112
ABCMeta	1112
Iterator	5384
Integral	5472
BaseNodeClass	2984
SingleNodeClass	2984
TwoNodeClass	4040
1216.648818
node	46230464
self	46230520
__spec__	112
ABCMeta	1112
Iterator	5384
Integral	5472
BaseNodeClass	2984
SingleNodeClass	2984
TwoNodeClass	4040
1224.614903
node	46374496
self	46374552
__spec__	112
ABCMeta	1112
Iterator	5384
Integral	5472
BaseNodeClass	2984
SingleNodeClass	2984
TwoNodeClass	4040
1232.626531
node	46519480
self	46519536
__spec__	112
ABCMeta	1112
Iterator	5384
Integral	5472
BaseNodeClass	2984
SingleNodeClass	2984
TwoNodeClass	4040
1240.650244
node	46663904
self	46663960
__spec__	112
ABCMeta	1112
Iterator	5384
Integral	5472
BaseNodeClass	2984
SingleNodeClass	2984
TwoNodeClass	4040
1248.477493
node	46808440
self	46808496
__spec__	112
ABCMeta	1112
Iterator	5384
Integral	5472
BaseNodeClass	2984
SingleNodeClass	2984
TwoNodeClass	4040
1256.223347
node	46953648
self	46953704
__spec__	112
ABCMeta	1112
Iterator	5384
Integral	5472
BaseNodeClass	2984
SingleNodeClass	2984
TwoNodeClass	4040
1263.937097
node	47098912
self	47098968
__spec__	112
ABCMeta	1112
Iterator	5384
Integral	5472
BaseNodeClass	2984
SingleNodeClass	2984
TwoNodeClass	4040
1271.646542
datalist	9000112
instance	47244624
__annotations__	240
List	48296
Integral	5472
BaseNodeClass	2984
1275.685302
node	47389384
self	47389440
__spec__	112
ABCMeta	1112
Iterator	5384
Integral	5472
BaseNodeClass	2984
SingleNodeClass	2984
TwoNodeClass	4040
1283.442375
node	47534760
self	47534816
__spec__	112
ABCMeta	1112
Iterator	5384
Integral	5472
BaseNodeClass	2984
SingleNodeClass	2984
TwoNodeClass	4040
1291.387898
node	47679352
self	47679408
__spec__	112
ABCMeta	1112
Iterator	5384
Integral	5472
BaseNodeClass	2984
SingleNodeClass	2984
TwoNodeClass	4040
1299.292514
node	47824056
self	47824112
__spec__	112
ABCMeta	1112
Iterator	5384
Integral	5472
BaseNodeClass	2984
SingleNodeClass	2984
TwoNodeClass	4040
1307.163214
node	47969600
self	47969656
__spec__	112
ABCMeta	1112
Iterator	5384
Integral	5472
BaseNodeClass	2984
SingleNodeClass	2984
TwoNodeClass	4040
1315.057721
node	48114472
self	48114528
__spec__	112
ABCMeta	1112
Iterator	5384
Integral	5472
BaseNodeClass	2984
SingleNodeClass	2984
TwoNodeClass	4040
1322.984326
node	48259064
self	48259120
__spec__	112
ABCMeta	1112
Iterator	5384
Integral	5472
BaseNodeClass	2984
SingleNodeClass	2984
TwoNodeClass	4040
1330.928628
node	48404048
self	48404104
__spec__	112
ABCMeta	1112
Iterator	5384
Integral	5472
BaseNodeClass	2984
SingleNodeClass	2984
TwoNodeClass	4040
1338.954309
node	48549312
self	48549368
__spec__	112
ABCMeta	1112
Iterator	5384
Integral	5472
BaseNodeClass	2984
SingleNodeClass	2984
TwoNodeClass	4040
1347.162509
node	48694632
self	48694688
__spec__	112
ABCMeta	1112
Iterator	5384
Integral	5472
BaseNodeClass	2984
SingleNodeClass	2984
TwoNodeClass	4040
1355.312742
node	48838720
self	48838776
__spec__	112
ABCMeta	1112
Iterator	5384
Integral	5472
BaseNodeClass	2984
SingleNodeClass	2984
TwoNodeClass	4040
1363.734730
self	56
__spec__	112
ABCMeta	1112
Iterator	5384
Integral	5472
BaseNodeClass	2984
SingleNodeClass	2984
TwoNodeClass	4040
1363.994665
datalist	9000112
instance	49129024
__annotations__	240
List	48296
Integral	5472
BaseNodeClass	2984
1368.240520
node	49273952
self	49274008
__spec__	112
ABCMeta	1112
Iterator	5384
Integral	5472
BaseNodeClass	2984
SingleNodeClass	2984
TwoNodeClass	4040
1376.318162
node	49418712
self	49418768
__spec__	112
ABCMeta	1112
Iterator	5384
Integral	5472
BaseNodeClass	2984
SingleNodeClass	2984
TwoNodeClass	4040
1384.493430
node	49563080
self	49563136
__spec__	112
ABCMeta	1112
Iterator	5384
Integral	5472
BaseNodeClass	2984
SingleNodeClass	2984
TwoNodeClass	4040
1392.658102
node	49707784
self	49707840
__spec__	112
ABCMeta	1112
Iterator	5384
Integral	5472
BaseNodeClass	2984
SingleNodeClass	2984
TwoNodeClass	4040
1400.806539
node	49852712
self	49852768
__spec__	112
ABCMeta	1112
Iterator	5384
Integral	5472
BaseNodeClass	2984
SingleNodeClass	2984
TwoNodeClass	4040
1408.987620
node	49997136
self	49997192
__spec__	112
ABCMeta	1112
Iterator	5384
Integral	5472
BaseNodeClass	2984
SingleNodeClass	2984
TwoNodeClass	4040
1417.172473
node	50141840
self	50141896
__spec__	112
ABCMeta	1112
Iterator	5384
Integral	5472
BaseNodeClass	2984
SingleNodeClass	2984
TwoNodeClass	4040
1425.397137
node	50286264
self	50286320
__spec__	112
ABCMeta	1112
Iterator	5384
Integral	5472
BaseNodeClass	2984
SingleNodeClass	2984
TwoNodeClass	4040
1433.662747
node	50431024
self	50431080
__spec__	112
ABCMeta	1112
Iterator	5384
Integral	5472
BaseNodeClass	2984
SingleNodeClass	2984
TwoNodeClass	4040
1441.914959
self	56
__spec__	112
ABCMeta	1112
Iterator	5384
Integral	5472
BaseNodeClass	2984
SingleNodeClass	2984
TwoNodeClass	4040
1442.167122
node	50719816
self	50719872
__spec__	112
ABCMeta	1112
Iterator	5384
Integral	5472
BaseNodeClass	2984
SingleNodeClass	2984
TwoNodeClass	4040
1450.527853
node	50863792
self	50863848
__spec__	112
ABCMeta	1112
Iterator	5384
Integral	5472
BaseNodeClass	2984
SingleNodeClass	2984
TwoNodeClass	4040
1458.837028
node	51008832
self	51008888
__spec__	112
ABCMeta	1112
Iterator	5384
Integral	5472
BaseNodeClass	2984
SingleNodeClass	2984
TwoNodeClass	4040
1467.891013
node	51153704
self	51153760
__spec__	112
ABCMeta	1112
Iterator	5384
Integral	5472
BaseNodeClass	2984
SingleNodeClass	2984
TwoNodeClass	4040
1476.248075
node	51298856
self	51298912
__spec__	112
ABCMeta	1112
Iterator	5384
Integral	5472
BaseNodeClass	2984
SingleNodeClass	2984
TwoNodeClass	4040
1484.822895
node	51443784
self	51443840
__spec__	112
ABCMeta	1112
Iterator	5384
Integral	5472
BaseNodeClass	2984
SingleNodeClass	2984
TwoNodeClass	4040
1493.276988
node	51587872
self	51587928
__spec__	112
ABCMeta	1112
Iterator	5384
Integral	5472
BaseNodeClass	2984
SingleNodeClass	2984
TwoNodeClass	4040
1501.729127
node	51731624
self	51731680
__spec__	112
ABCMeta	1112
Iterator	5384
Integral	5472
BaseNodeClass	2984
SingleNodeClass	2984
TwoNodeClass	4040
1510.526221
node	51876160
self	51876216
__spec__	112
ABCMeta	1112
Iterator	5384
Integral	5472
BaseNodeClass	2984
SingleNodeClass	2984
TwoNodeClass	4040
1519.103485
node	52020584
self	52020640
__spec__	112
ABCMeta	1112
Iterator	5384
Integral	5472
BaseNodeClass	2984
SingleNodeClass	2984
TwoNodeClass	4040
1527.789456
node	52164728
self	52164784
__spec__	112
ABCMeta	1112
Iterator	5384
Integral	5472
BaseNodeClass	2984
SingleNodeClass	2984
TwoNodeClass	4040
1536.765942
node	52309152
self	52309208
__spec__	112
ABCMeta	1112
Iterator	5384
Integral	5472
BaseNodeClass	2984
SingleNodeClass	2984
TwoNodeClass	4040
1545.790692
node	52453352
self	52453408
__spec__	112
ABCMeta	1112
Iterator	5384
Integral	5472
BaseNodeClass	2984
SingleNodeClass	2984
TwoNodeClass	4040
1555.213160
node	52597552
self	52597608
__spec__	112
ABCMeta	1112
Iterator	5384
Integral	5472
BaseNodeClass	2984
SingleNodeClass	2984
TwoNodeClass	4040
1564.577367
node	52742144
self	52742200
__spec__	112
ABCMeta	1112
Iterator	5384
Integral	5472
BaseNodeClass	2984
SingleNodeClass	2984
TwoNodeClass	4040
1573.517315
node	52886176
self	52886232
__spec__	112
ABCMeta	1112
Iterator	5384
Integral	5472
BaseNodeClass	2984
SingleNodeClass	2984
TwoNodeClass	4040
1582.191234
node	53030432
self	53030488
__spec__	112
ABCMeta	1112
Iterator	5384
Integral	5472
BaseNodeClass	2984
SingleNodeClass	2984
TwoNodeClass	4040
1590.882595
node	53174520
self	53174576
__spec__	112
ABCMeta	1112
Iterator	5384
Integral	5472
BaseNodeClass	2984
SingleNodeClass	2984
TwoNodeClass	4040
1599.610476
node	53318048
self	53318104
__spec__	112
ABCMeta	1112
Iterator	5384
Integral	5472
BaseNodeClass	2984
SingleNodeClass	2984
TwoNodeClass	4040
1608.356353
node	53461576
self	53461632
__spec__	112
ABCMeta	1112
Iterator	5384
Integral	5472
BaseNodeClass	2984
SingleNodeClass	2984
TwoNodeClass	4040
1617.436501
node	53604712
self	53604768
__spec__	112
ABCMeta	1112
Iterator	5384
Integral	5472
BaseNodeClass	2984
SingleNodeClass	2984
TwoNodeClass	4040
1626.414312
node	53748408
self	53748464
__spec__	112
ABCMeta	1112
Iterator	5384
Integral	5472
BaseNodeClass	2984
SingleNodeClass	2984
TwoNodeClass	4040
1635.288851
node	53892328
self	53892384
__spec__	112
ABCMeta	1112
Iterator	5384
Integral	5472
BaseNodeClass	2984
SingleNodeClass	2984
TwoNodeClass	4040
1644.122343
node	54036248
self	54036304
__spec__	112
ABCMeta	1112
Iterator	5384
Integral	5472
BaseNodeClass	2984
SingleNodeClass	2984
TwoNodeClass	4040
1652.965003
self	56
__spec__	112
ABCMeta	1112
Iterator	5384
Integral	5472
BaseNodeClass	2984
SingleNodeClass	2984
TwoNodeClass	4040
1653.214096
node	54323360
self	54323416
__spec__	112
ABCMeta	1112
Iterator	5384
Integral	5472
BaseNodeClass	2984
SingleNodeClass	2984
TwoNodeClass	4040
1662.068343
node	54466608
self	54466664
__spec__	112
ABCMeta	1112
Iterator	5384
Integral	5472
BaseNodeClass	2984
SingleNodeClass	2984
TwoNodeClass	4040
1670.974139
node	54610696
self	54610752
__spec__	112
ABCMeta	1112
Iterator	5384
Integral	5472
BaseNodeClass	2984
SingleNodeClass	2984
TwoNodeClass	4040
1679.914931
node	54754056
self	54754112
__spec__	112
ABCMeta	1112
Iterator	5384
Integral	5472
BaseNodeClass	2984
SingleNodeClass	2984
TwoNodeClass	4040
1688.845979
node	54896912
self	54896968
__spec__	112
ABCMeta	1112
Iterator	5384
Integral	5472
BaseNodeClass	2984
SingleNodeClass	2984
TwoNodeClass	4040
1697.833009
node	55040552
self	55040608
__spec__	112
ABCMeta	1112
Iterator	5384
Integral	5472
BaseNodeClass	2984
SingleNodeClass	2984
TwoNodeClass	4040
1706.864260
self	55184024
__spec__	112
ABCMeta	1112
Iterator	5384
Integral	5472
BaseNodeClass	2984
SingleNodeClass	2984
TwoNodeClass	4040
1711.480241
node	55328000
self	55328056
__spec__	112
ABCMeta	1112
Iterator	5384
Integral	5472
BaseNodeClass	2984
SingleNodeClass	2984
TwoNodeClass	4040
1720.863685
node	55471864
self	55471920
__spec__	112
ABCMeta	1112
Iterator	5384
Integral	5472
BaseNodeClass	2984
SingleNodeClass	2984
TwoNodeClass	4040
1730.665867
node	55615336
self	55615392
__spec__	112
ABCMeta	1112
Iterator	5384
Integral	5472
BaseNodeClass	2984
SingleNodeClass	2984
TwoNodeClass	4040
1740.014369
node	55758752
self	55758808
__spec__	112
ABCMeta	1112
Iterator	5384
Integral	5472
BaseNodeClass	2984
SingleNodeClass	2984
TwoNodeClass	4040
1749.192377
node	55902504
self	55902560
__spec__	112
ABCMeta	1112
Iterator	5384
Integral	5472
BaseNodeClass	2984
SingleNodeClass	2984
TwoNodeClass	4040
1758.482686
node	56000000
self	56000056
stack	56000256
__spec__	112
ABCMeta	1112
Iterator	5384
Integral	5472
BaseNodeClass	2984
SingleNodeClass	2984
TwoNodeClass	4040
1772.246036
self	56000056
stack	56000208
__spec__	112
ABCMeta	1112
Iterator	5384
Integral	5472
BaseNodeClass	2984
SingleNodeClass	2984
TwoNodeClass	4040
1781.569146
node	56000000
self	56000056
stack	56000208
__spec__	112
ABCMeta	1112
Iterator	5384
Integral	5472
BaseNodeClass	2984
SingleNodeClass	2984
TwoNodeClass	4040
1795.115658
node	56000000
self	56000056
stack	56000224
__spec__	112
ABCMeta	1112
Iterator	5384
Integral	5472
BaseNodeClass	2984
SingleNodeClass	2984
TwoNodeClass	4040
1808.539250
self	56000056
stack	56000128
__spec__	112
ABCMeta	1112
Iterator	5384
Integral	5472
BaseNodeClass	2984
SingleNodeClass	2984
TwoNodeClass	4040
1817.524871
self	56000056
stack	56000216
__spec__	112
ABCMeta	1112
Iterator	5384
Integral	5472
BaseNodeClass	2984
SingleNodeClass	2984
TwoNodeClass	4040
1826.524729
node	56000000
self	56000056
stack	56000264
__spec__	112
ABCMeta	1112
Iterator	5384
Integral	5472
BaseNodeClass	2984
SingleNodeClass	2984
TwoNodeClass	4040
1839.953985
node	56000000
self	56000056
stack	56000208
__spec__	112
ABCMeta	1112
Iterator	5384
Integral	5472
BaseNodeClass	2984
SingleNodeClass	2984
TwoNodeClass	4040
1853.405003
self	56000056
stack	56000160
__spec__	112
ABCMeta	1112
Iterator	5384
Integral	5472
BaseNodeClass	2984
SingleNodeClass	2984
TwoNodeClass	4040
1862.463064
node	56000000
self	56000056
stack	56000208
__spec__	112
ABCMeta	1112
Iterator	5384
Integral	5472
BaseNodeClass	2984
SingleNodeClass	2984
TwoNodeClass	4040
1877.566997
self	56000056
stack	56000224
__spec__	112
ABCMeta	1112
Iterator	5384
Integral	5472
BaseNodeClass	2984
SingleNodeClass	2984
TwoNodeClass	4040
1886.577557
self	56000056
stack	56000120
__spec__	112
ABCMeta	1112
Iterator	5384
Integral	5472
BaseNodeClass	2984
SingleNodeClass	2984
TwoNodeClass	4040
1895.586173
node	56000000
self	56000056
stack	56000264
__spec__	112
ABCMeta	1112
Iterator	5384
Integral	5472
BaseNodeClass	2984
SingleNodeClass	2984
TwoNodeClass	4040
1908.983357
node	56000000
self	56000056
stack	56000192
__spec__	112
ABCMeta	1112
Iterator	5384
Integral	5472
BaseNodeClass	2984
SingleNodeClass	2984
TwoNodeClass	4040
1922.418434
self	56000056
stack	56000224
__spec__	112
ABCMeta	1112
Iterator	5384
Integral	5472
BaseNodeClass	2984
SingleNodeClass	2984
TwoNodeClass	4040
1931.455137
node	56000000
self	56000056
stack	56000224
__spec__	112
ABCMeta	1112
Iterator	5384
Integral	5472
BaseNodeClass	2984
SingleNodeClass	2984
TwoNodeClass	4040
1944.907079
self	56000056
stack	56000160
__spec__	112
ABCMeta	1112
Iterator	5384
Integral	5472
BaseNodeClass	2984
SingleNodeClass	2984
TwoNodeClass	4040
1953.907477
node	56000000
self	56000056
stack	56000192
__spec__	112
ABCMeta	1112
Iterator	5384
Integral	5472
BaseNodeClass	2984
SingleNodeClass	2984
TwoNodeClass	4040
1967.317397
node	56000000
self	56000056
stack	56000192
__spec__	112
ABCMeta	1112
Iterator	5384
Integral	5472
BaseNodeClass	2984
SingleNodeClass	2984
TwoNodeClass	4040
1980.767890
node	56000000
self	56000056
stack	56000192
__spec__	112
ABCMeta	1112
Iterator	5384
Integral	5472
BaseNodeClass	2984
SingleNodeClass	2984
TwoNodeClass	4040
1994.254298
node	56000000
self	56000056
stack	56000136
__spec__	112
ABCMeta	1112
Iterator	5384
Integral	5472
BaseNodeClass	2984
SingleNodeClass	2984
TwoNodeClass	4040
2007.660388
node	56000000
self	56000056
stack	56000192
__spec__	112
ABCMeta	1112
Iterator	5384
Integral	5472
BaseNodeClass	2984
SingleNodeClass	2984
TwoNodeClass	4040
2020.963729
TwoNodeClass	4040
datalist_1000000	9000112
__annotations__	240
List	48296
Integral	5472
BaseNodeClass	2984
