0.000107
__annotations__	240
List	48296
Integral	5472
BaseNodeClass	2984
1.905836
self	824520
__spec__	112
ABCMeta	1112
Iterator	5384
Integral	5472
BaseNodeClass	2984
BisectNodeClass	2984
SingleNodeClass	2984
TwoNodeClass	4040
6.819437
self	1671848
__spec__	112
ABCMeta	1112
Iterator	5384
Integral	5472
BaseNodeClass	2984
BisectNodeClass	2984
SingleNodeClass	2984
TwoNodeClass	4040
14.840487
self	2678152
__spec__	112
ABCMeta	1112
Iterator	5384
Integral	5472
BaseNodeClass	2984
BisectNodeClass	2984
SingleNodeClass	2984
TwoNodeClass	4040
27.129884
self	3389616
__spec__	112
ABCMeta	1112
Iterator	5384
Integral	5472
BaseNodeClass	2984
BisectNodeClass	2984
SingleNodeClass	2984
TwoNodeClass	4040
44.240370
self	4290072
__spec__	112
ABCMeta	1112
Iterator	5384
Integral	5472
BaseNodeClass	2984
BisectNodeClass	2984
SingleNodeClass	2984
TwoNodeClass	4040
65.677572
self	4826368
__spec__	112
ABCMeta	1112
Iterator	5384
Integral	5472
BaseNodeClass	2984
BisectNodeClass	2984
SingleNodeClass	2984
TwoNodeClass	4040
91.986876
self	6108456
__spec__	112
ABCMeta	1112
Iterator	5384
Integral	5472
BaseNodeClass	2984
BisectNodeClass	2984
SingleNodeClass	2984
TwoNodeClass	4040
123.822695
self	6872048
__spec__	112
ABCMeta	1112
Iterator	5384
Integral	5472
BaseNodeClass	2984
BisectNodeClass	2984
SingleNodeClass	2984
TwoNodeClass	4040
160.363690
self	7731096
__spec__	112
ABCMeta	1112
Iterator	5384
Integral	5472
BaseNodeClass	2984
BisectNodeClass	2984
SingleNodeClass	2984
TwoNodeClass	4040
202.801485
self	8697520
__spec__	112
ABCMeta	1112
Iterator	5384
Integral	5472
BaseNodeClass	2984
BisectNodeClass	2984
SingleNodeClass	2984
TwoNodeClass	4040
203.093479
self	8697520
__spec__	112
ABCMeta	1112
Iterator	5384
Integral	5472
BaseNodeClass	2984
BisectNodeClass	2984
SingleNodeClass	2984
TwoNodeClass	4040
203.385010
self	8697520
__spec__	112
ABCMeta	1112
Iterator	5384
Integral	5472
BaseNodeClass	2984
BisectNodeClass	2984
SingleNodeClass	2984
TwoNodeClass	4040
203.664361
self	8697520
__spec__	112
ABCMeta	1112
Iterator	5384
Integral	5472
BaseNodeClass	2984
BisectNodeClass	2984
SingleNodeClass	2984
TwoNodeClass	4040
203.894023
self	8697520
__spec__	112
ABCMeta	1112
Iterator	5384
Integral	5472
BaseNodeClass	2984
BisectNodeClass	2984
SingleNodeClass	2984
TwoNodeClass	4040
203.904674
BisectNodeClass	2984
datalist_1000000	9000112
__annotations__	240
List	48296
Integral	5472
BaseNodeClass	2984
