0.000072
__annotations__	240
Callable	6032
Union	80
List	48296
Item	1360
4.266860
comb	448
__spec__	112
combinations	856
Tuple	6816
List	48296
Generator	25384
Any	48
Union	80
Iterator	17856
Item	1360
4.548541
comb	448
__spec__	112
combinations	856
Tuple	6816
List	48296
Generator	25384
Any	48
Union	80
Iterator	17856
Item	1360
4.826694
comb	448
__spec__	112
combinations	856
Tuple	6816
List	48296
Generator	25384
Any	48
Union	80
Iterator	17856
Item	1360
5.099212
.0	48
items	2048
comb	528
__spec__	112
combinations	856
Tuple	6816
List	48296
Generator	25384
Any	48
Union	80
Iterator	17856
Item	1360
5.378291
comb	528
__spec__	112
combinations	856
Tuple	6816
List	48296
Generator	25384
Any	48
Union	80
Iterator	17856
Item	1360
5.653406
comb	528
__spec__	112
combinations	856
Tuple	6816
List	48296
Generator	25384
Any	48
Union	80
Iterator	17856
Item	1360
5.930967
comb	528
__spec__	112
combinations	856
Tuple	6816
List	48296
Generator	25384
Any	48
Union	80
Iterator	17856
Item	1360
6.211830
comb	528
__spec__	112
combinations	856
Tuple	6816
List	48296
Generator	25384
Any	48
Union	80
Iterator	17856
Item	1360
6.491918
comb	528
__spec__	112
combinations	856
Tuple	6816
List	48296
Generator	25384
Any	48
Union	80
Iterator	17856
Item	1360
6.764266
comb	528
__spec__	112
combinations	856
Tuple	6816
List	48296
Generator	25384
Any	48
Union	80
Iterator	17856
Item	1360
7.038726
comb	528
__spec__	112
combinations	856
Tuple	6816
List	48296
Generator	25384
Any	48
Union	80
Iterator	17856
Item	1360
7.314477
comb	528
__spec__	112
combinations	856
Tuple	6816
List	48296
Generator	25384
Any	48
Union	80
Iterator	17856
Item	1360
7.390053
__annotations__	240
Callable	6032
Union	80
List	48296
Item	1360
