0.000086
__annotations__	240
Callable	6032
Union	80
List	48296
Item	1360
5.700507
items	80048
best_value	5120
__spec__	112
Tuple	6816
Item	1360
Knapsack	1272
6.128864
items	80048
best_value	5120
__spec__	112
Tuple	6816
Item	1360
Knapsack	1272
6.597655
items	80048
best_value	5120
__spec__	112
Tuple	6816
Item	1360
Knapsack	1272
7.015100
items	80048
best_value	5120
__spec__	112
Tuple	6816
Item	1360
Knapsack	1272
7.451550
items	80048
best_value	5120
__spec__	112
Tuple	6816
Item	1360
Knapsack	1272
7.881016
items	80048
best_value	5120
__spec__	112
Tuple	6816
Item	1360
Knapsack	1272
8.302701
items	80048
best_value	5120
__spec__	112
Tuple	6816
Item	1360
Knapsack	1272
8.732215
items	80048
best_value	5120
__spec__	112
Tuple	6816
Item	1360
Knapsack	1272
9.168065
items	80048
best_value	5120
__spec__	112
Tuple	6816
Item	1360
Knapsack	1272
9.597444
items	80048
best_value	5120
__spec__	112
Tuple	6816
Item	1360
Knapsack	1272
10.027837
items	80048
best_value	5120
__spec__	112
Tuple	6816
Item	1360
Knapsack	1272
10.496154
items	80048
best_value	5120
__spec__	112
Tuple	6816
Item	1360
Knapsack	1272
10.929834
items	80048
best_value	5120
__spec__	112
Tuple	6816
Item	1360
Knapsack	1272
11.365736
items	80048
best_value	5120
__spec__	112
Tuple	6816
Item	1360
Knapsack	1272
11.801783
items	80048
best_value	5120
__spec__	112
Tuple	6816
Item	1360
Knapsack	1272
12.246275
items	80048
best_value	5120
__spec__	112
Tuple	6816
Item	1360
Knapsack	1272
12.655737
items	80048
f	8089096
__spec__	112
combinations	856
Tuple	6816
List	48296
Generator	25384
Any	48
Union	80
Iterator	17856
Item	1360
13.051855
items	80048
f	8089096
__spec__	112
combinations	856
Tuple	6816
List	48296
Generator	25384
Any	48
Union	80
Iterator	17856
Item	1360
13.456218
items	80048
f	8089096
__spec__	112
combinations	856
Tuple	6816
List	48296
Generator	25384
Any	48
Union	80
Iterator	17856
Item	1360
13.856093
items	80048
f	8089096
__spec__	112
combinations	856
Tuple	6816
List	48296
Generator	25384
Any	48
Union	80
Iterator	17856
Item	1360
14.253420
items	80048
f	8089096
__spec__	112
combinations	856
Tuple	6816
List	48296
Generator	25384
Any	48
Union	80
Iterator	17856
Item	1360
14.653098
items	80048
f	8089096
__spec__	112
combinations	856
Tuple	6816
List	48296
Generator	25384
Any	48
Union	80
Iterator	17856
Item	1360
14.745308
__annotations__	240
Callable	6032
Union	80
List	48296
Item	1360
