0.000087
__annotations__	240
Callable	6032
Union	80
List	48296
Item	1360
4.481243
items	48
__spec__	112
combinations	856
Tuple	6816
List	48296
Generator	25384
Any	48
Union	80
Iterator	17856
Item	1360
4.875654
.0	128
__spec__	112
combinations	856
Tuple	6816
List	48296
Generator	25384
Any	48
Union	80
Iterator	17856
Item	1360
5.295419
.0	56
x	72
__spec__	112
combinations	856
Tuple	6816
List	48296
Generator	25384
Any	48
Union	80
Iterator	17856
Item	1360
5.579120
.0	1424
x	72
__spec__	112
combinations	856
Tuple	6816
List	48296
Generator	25384
Any	48
Union	80
Iterator	17856
Item	1360
5.645054
__annotations__	240
Callable	6032
Union	80
List	48296
Item	1360
