0.000078
__annotations__	240
Callable	6032
Union	80
List	48296
Item	1360
5.002315
items	160048
best_value	5120
__spec__	112
Tuple	6816
Item	1360
Knapsack	1272
5.457676
items	160048
best_value	5120
__spec__	112
Tuple	6816
Item	1360
Knapsack	1272
5.845789
items	160048
best_value	5120
__spec__	112
Tuple	6816
Item	1360
Knapsack	1272
6.229868
items	160048
best_value	5120
__spec__	112
Tuple	6816
Item	1360
Knapsack	1272
6.608737
items	160048
best_value	5120
__spec__	112
Tuple	6816
Item	1360
Knapsack	1272
7.038389
items	160048
best_value	5120
__spec__	112
Tuple	6816
Item	1360
Knapsack	1272
7.410384
items	160048
best_value	5120
__spec__	112
Tuple	6816
Item	1360
Knapsack	1272
7.782776
items	160048
best_value	5120
__spec__	112
Tuple	6816
Item	1360
Knapsack	1272
8.169279
items	160048
best_value	5120
__spec__	112
Tuple	6816
Item	1360
Knapsack	1272
8.555894
items	160048
best_value	5120
__spec__	112
Tuple	6816
Item	1360
Knapsack	1272
8.942102
items	160048
best_value	5120
__spec__	112
Tuple	6816
Item	1360
Knapsack	1272
9.351587
items	160048
best_value	5120
__spec__	112
Tuple	6816
Item	1360
Knapsack	1272
9.740139
items	160048
best_value	5120
__spec__	112
Tuple	6816
Item	1360
Knapsack	1272
10.136489
items	160048
best_value	5120
__spec__	112
Tuple	6816
Item	1360
Knapsack	1272
10.533382
items	160048
best_value	5120
__spec__	112
Tuple	6816
Item	1360
Knapsack	1272
10.931716
items	160048
best_value	5120
__spec__	112
Tuple	6816
Item	1360
Knapsack	1272
11.330070
items	160048
best_value	5120
__spec__	112
Tuple	6816
Item	1360
Knapsack	1272
11.728559
items	160048
best_value	5120
__spec__	112
Tuple	6816
Item	1360
Knapsack	1272
12.126772
items	160048
best_value	5120
__spec__	112
Tuple	6816
Item	1360
Knapsack	1272
12.526529
items	160048
best_value	5120
__spec__	112
Tuple	6816
Item	1360
Knapsack	1272
12.927694
items	160048
best_value	5120
__spec__	112
Tuple	6816
Item	1360
Knapsack	1272
13.332575
items	160048
best_value	5120
__spec__	112
Tuple	6816
Item	1360
Knapsack	1272
13.800142
items	160048
best_value	5120
__spec__	112
Tuple	6816
Item	1360
Knapsack	1272
14.195891
items	160048
best_value	5120
__spec__	112
Tuple	6816
Item	1360
Knapsack	1272
14.591027
items	160048
best_value	5120
__spec__	112
Tuple	6816
Item	1360
Knapsack	1272
14.979605
items	160048
best_value	5120
__spec__	112
Tuple	6816
Item	1360
Knapsack	1272
15.501262
items	160048
best_value	5120
__spec__	112
Tuple	6816
Item	1360
Knapsack	1272
15.888670
items	160048
best_value	5120
__spec__	112
Tuple	6816
Item	1360
Knapsack	1272
16.282081
items	160048
best_value	5120
__spec__	112
Tuple	6816
Item	1360
Knapsack	1272
16.672892
items	160048
best_value	5120
__spec__	112
Tuple	6816
Item	1360
Knapsack	1272
17.060483
items	160048
best_value	5120
__spec__	112
Tuple	6816
Item	1360
Knapsack	1272
17.446272
items	160048
best_value	5120
__spec__	112
Tuple	6816
Item	1360
Knapsack	1272
17.833094
items	160048
best_value	5120
__spec__	112
Tuple	6816
Item	1360
Knapsack	1272
18.226698
items	160048
best_value	5120
__spec__	112
Tuple	6816
Item	1360
Knapsack	1272
18.625997
items	160048
best_value	5120
__spec__	112
Tuple	6816
Item	1360
Knapsack	1272
19.026081
items	160048
best_value	5120
__spec__	112
Tuple	6816
Item	1360
Knapsack	1272
19.426311
items	160048
best_value	5120
__spec__	112
Tuple	6816
Item	1360
Knapsack	1272
19.826228
items	160048
best_value	5120
__spec__	112
Tuple	6816
Item	1360
Knapsack	1272
20.228434
items	160048
best_value	5120
__spec__	112
Tuple	6816
Item	1360
Knapsack	1272
20.630162
items	160048
best_value	5120
__spec__	112
Tuple	6816
Item	1360
Knapsack	1272
21.033087
items	160048
best_value	5120
__spec__	112
Tuple	6816
Item	1360
Knapsack	1272
21.435365
items	160048
best_value	5120
__spec__	112
Tuple	6816
Item	1360
Knapsack	1272
21.837872
items	160048
best_value	5120
__spec__	112
Tuple	6816
Item	1360
Knapsack	1272
22.241923
items	160048
best_value	5120
__spec__	112
Tuple	6816
Item	1360
Knapsack	1272
22.762103
items	160048
best_value	5120
__spec__	112
Tuple	6816
Item	1360
Knapsack	1272
23.145224
items	160048
best_value	5120
__spec__	112
Tuple	6816
Item	1360
Knapsack	1272
23.528080
items	160048
best_value	5120
__spec__	112
Tuple	6816
Item	1360
Knapsack	1272
23.911966
items	160048
best_value	5120
__spec__	112
Tuple	6816
Item	1360
Knapsack	1272
24.296222
items	160048
best_value	5120
__spec__	112
Tuple	6816
Item	1360
Knapsack	1272
24.681216
items	160048
best_value	5120
__spec__	112
Tuple	6816
Item	1360
Knapsack	1272
25.317253
items	160048
best_value	5120
__spec__	112
Tuple	6816
Item	1360
Knapsack	1272
25.701247
items	160048
best_value	5120
__spec__	112
Tuple	6816
Item	1360
Knapsack	1272
26.085526
items	160048
best_value	5120
__spec__	112
Tuple	6816
Item	1360
Knapsack	1272
26.470016
items	160048
best_value	5120
__spec__	112
Tuple	6816
Item	1360
Knapsack	1272
26.854215
items	160048
best_value	5120
__spec__	112
Tuple	6816
Item	1360
Knapsack	1272
27.240557
items	160048
best_value	5120
__spec__	112
Tuple	6816
Item	1360
Knapsack	1272
27.625794
items	160048
best_value	5120
__spec__	112
Tuple	6816
Item	1360
Knapsack	1272
28.011106
items	160048
best_value	5120
__spec__	112
Tuple	6816
Item	1360
Knapsack	1272
28.394739
items	160048
best_value	5120
__spec__	112
Tuple	6816
Item	1360
Knapsack	1272
28.781406
items	160048
best_value	5120
__spec__	112
Tuple	6816
Item	1360
Knapsack	1272
29.166723
items	160048
best_value	5120
__spec__	112
Tuple	6816
Item	1360
Knapsack	1272
29.550954
items	160048
best_value	5120
__spec__	112
Tuple	6816
Item	1360
Knapsack	1272
29.935599
items	160048
best_value	5120
__spec__	112
Tuple	6816
Item	1360
Knapsack	1272
30.320713
items	160048
best_value	5120
__spec__	112
Tuple	6816
Item	1360
Knapsack	1272
30.701984
items	160048
table	32176632
__spec__	112
combinations	856
Tuple	6816
List	48296
Generator	25384
Any	48
Union	80
Iterator	17856
Item	1360
31.090130
items	160048
table	32176632
__spec__	112
combinations	856
Tuple	6816
List	48296
Generator	25384
Any	48
Union	80
Iterator	17856
Item	1360
31.478482
items	160048
table	32176632
__spec__	112
combinations	856
Tuple	6816
List	48296
Generator	25384
Any	48
Union	80
Iterator	17856
Item	1360
31.870516
items	160048
table	32176632
__spec__	112
combinations	856
Tuple	6816
List	48296
Generator	25384
Any	48
Union	80
Iterator	17856
Item	1360
32.260807
items	160048
table	32176632
__spec__	112
combinations	856
Tuple	6816
List	48296
Generator	25384
Any	48
Union	80
Iterator	17856
Item	1360
32.652490
items	160048
table	32176632
__spec__	112
combinations	856
Tuple	6816
List	48296
Generator	25384
Any	48
Union	80
Iterator	17856
Item	1360
33.053199
items	160048
table	32176632
__spec__	112
combinations	856
Tuple	6816
List	48296
Generator	25384
Any	48
Union	80
Iterator	17856
Item	1360
33.447529
items	160048
table	32176632
__spec__	112
combinations	856
Tuple	6816
List	48296
Generator	25384
Any	48
Union	80
Iterator	17856
Item	1360
33.841023
items	160048
table	32176632
__spec__	112
combinations	856
Tuple	6816
List	48296
Generator	25384
Any	48
Union	80
Iterator	17856
Item	1360
34.233672
items	160048
table	32176632
__spec__	112
combinations	856
Tuple	6816
List	48296
Generator	25384
Any	48
Union	80
Iterator	17856
Item	1360
34.626107
items	160048
table	32176632
__spec__	112
combinations	856
Tuple	6816
List	48296
Generator	25384
Any	48
Union	80
Iterator	17856
Item	1360
35.020172
items	160048
table	32176632
__spec__	112
combinations	856
Tuple	6816
List	48296
Generator	25384
Any	48
Union	80
Iterator	17856
Item	1360
35.412582
items	160048
table	32176632
__spec__	112
combinations	856
Tuple	6816
List	48296
Generator	25384
Any	48
Union	80
Iterator	17856
Item	1360
35.804482
items	160048
table	32176632
__spec__	112
combinations	856
Tuple	6816
List	48296
Generator	25384
Any	48
Union	80
Iterator	17856
Item	1360
36.197335
items	160048
table	32176632
__spec__	112
combinations	856
Tuple	6816
List	48296
Generator	25384
Any	48
Union	80
Iterator	17856
Item	1360
36.589982
items	160048
table	32176632
__spec__	112
combinations	856
Tuple	6816
List	48296
Generator	25384
Any	48
Union	80
Iterator	17856
Item	1360
36.981904
items	160048
table	32176632
__spec__	112
combinations	856
Tuple	6816
List	48296
Generator	25384
Any	48
Union	80
Iterator	17856
Item	1360
37.379422
items	160048
table	32176632
__spec__	112
combinations	856
Tuple	6816
List	48296
Generator	25384
Any	48
Union	80
Iterator	17856
Item	1360
37.770700
items	160048
table	32176632
__spec__	112
combinations	856
Tuple	6816
List	48296
Generator	25384
Any	48
Union	80
Iterator	17856
Item	1360
38.206575
items	160048
table	32176632
__spec__	112
combinations	856
Tuple	6816
List	48296
Generator	25384
Any	48
Union	80
Iterator	17856
Item	1360
38.597790
items	160048
table	32176632
__spec__	112
combinations	856
Tuple	6816
List	48296
Generator	25384
Any	48
Union	80
Iterator	17856
Item	1360
38.991645
items	160048
table	32176632
__spec__	112
combinations	856
Tuple	6816
List	48296
Generator	25384
Any	48
Union	80
Iterator	17856
Item	1360
39.386587
items	160048
table	32176632
__spec__	112
combinations	856
Tuple	6816
List	48296
Generator	25384
Any	48
Union	80
Iterator	17856
Item	1360
39.781911
items	160048
table	32176632
__spec__	112
combinations	856
Tuple	6816
List	48296
Generator	25384
Any	48
Union	80
Iterator	17856
Item	1360
40.174342
items	160048
table	32176632
__spec__	112
combinations	856
Tuple	6816
List	48296
Generator	25384
Any	48
Union	80
Iterator	17856
Item	1360
40.567559
items	160048
table	32176632
__spec__	112
combinations	856
Tuple	6816
List	48296
Generator	25384
Any	48
Union	80
Iterator	17856
Item	1360
40.961195
items	160048
table	32176632
__spec__	112
combinations	856
Tuple	6816
List	48296
Generator	25384
Any	48
Union	80
Iterator	17856
Item	1360
41.354137
items	160048
table	32176632
__spec__	112
combinations	856
Tuple	6816
List	48296
Generator	25384
Any	48
Union	80
Iterator	17856
Item	1360
41.748278
items	160048
table	32176632
__spec__	112
combinations	856
Tuple	6816
List	48296
Generator	25384
Any	48
Union	80
Iterator	17856
Item	1360
42.139892
items	160048
table	32176632
__spec__	112
combinations	856
Tuple	6816
List	48296
Generator	25384
Any	48
Union	80
Iterator	17856
Item	1360
42.532276
items	160048
table	32176632
__spec__	112
combinations	856
Tuple	6816
List	48296
Generator	25384
Any	48
Union	80
Iterator	17856
Item	1360
42.925436
items	160048
table	32176632
__spec__	112
combinations	856
Tuple	6816
List	48296
Generator	25384
Any	48
Union	80
Iterator	17856
Item	1360
43.035266
__annotations__	240
Callable	6032
Union	80
List	48296
Item	1360
