0.000073
__annotations__	240
Callable	6032
Union	80
List	48296
Item	1360
5.060494
items	160048
best_value	5120
__spec__	112
Tuple	6816
Item	1360
Knapsack	1272
5.438182
items	160048
best_value	5120
__spec__	112
Tuple	6816
Item	1360
Knapsack	1272
5.828926
items	160048
best_value	5120
__spec__	112
Tuple	6816
Item	1360
Knapsack	1272
6.210825
items	160048
best_value	5120
__spec__	112
Tuple	6816
Item	1360
Knapsack	1272
6.591961
items	160048
best_value	5120
__spec__	112
Tuple	6816
Item	1360
Knapsack	1272
6.990148
items	160048
best_value	5120
__spec__	112
Tuple	6816
Item	1360
Knapsack	1272
7.369077
items	160048
best_value	5120
__spec__	112
Tuple	6816
Item	1360
Knapsack	1272
7.738833
items	160048
best_value	5120
__spec__	112
Tuple	6816
Item	1360
Knapsack	1272
8.124761
items	160048
best_value	5120
__spec__	112
Tuple	6816
Item	1360
Knapsack	1272
8.513319
items	160048
best_value	5120
__spec__	112
Tuple	6816
Item	1360
Knapsack	1272
8.895280
items	160048
best_value	5120
__spec__	112
Tuple	6816
Item	1360
Knapsack	1272
9.303985
items	160048
best_value	5120
__spec__	112
Tuple	6816
Item	1360
Knapsack	1272
9.689023
items	160048
best_value	5120
__spec__	112
Tuple	6816
Item	1360
Knapsack	1272
10.082482
items	160048
best_value	5120
__spec__	112
Tuple	6816
Item	1360
Knapsack	1272
10.477256
items	160048
best_value	5120
__spec__	112
Tuple	6816
Item	1360
Knapsack	1272
10.873088
items	160048
best_value	5120
__spec__	112
Tuple	6816
Item	1360
Knapsack	1272
11.269425
items	160048
best_value	5120
__spec__	112
Tuple	6816
Item	1360
Knapsack	1272
11.666089
items	160048
best_value	5120
__spec__	112
Tuple	6816
Item	1360
Knapsack	1272
12.064147
items	160048
best_value	5120
__spec__	112
Tuple	6816
Item	1360
Knapsack	1272
12.462804
items	160048
best_value	5120
__spec__	112
Tuple	6816
Item	1360
Knapsack	1272
12.862082
items	160048
best_value	5120
__spec__	112
Tuple	6816
Item	1360
Knapsack	1272
13.265306
items	160048
best_value	5120
__spec__	112
Tuple	6816
Item	1360
Knapsack	1272
13.729792
items	160048
best_value	5120
__spec__	112
Tuple	6816
Item	1360
Knapsack	1272
14.127094
items	160048
best_value	5120
__spec__	112
Tuple	6816
Item	1360
Knapsack	1272
14.521057
items	160048
best_value	5120
__spec__	112
Tuple	6816
Item	1360
Knapsack	1272
14.907490
items	160048
best_value	5120
__spec__	112
Tuple	6816
Item	1360
Knapsack	1272
15.425566
items	160048
best_value	5120
__spec__	112
Tuple	6816
Item	1360
Knapsack	1272
15.811609
items	160048
best_value	5120
__spec__	112
Tuple	6816
Item	1360
Knapsack	1272
16.204053
items	160048
best_value	5120
__spec__	112
Tuple	6816
Item	1360
Knapsack	1272
16.593647
items	160048
best_value	5120
__spec__	112
Tuple	6816
Item	1360
Knapsack	1272
16.978431
items	160048
best_value	5120
__spec__	112
Tuple	6816
Item	1360
Knapsack	1272
17.364700
items	160048
best_value	5120
__spec__	112
Tuple	6816
Item	1360
Knapsack	1272
17.749358
items	160048
best_value	5120
__spec__	112
Tuple	6816
Item	1360
Knapsack	1272
18.147451
items	160048
best_value	5120
__spec__	112
Tuple	6816
Item	1360
Knapsack	1272
18.542827
items	160048
best_value	5120
__spec__	112
Tuple	6816
Item	1360
Knapsack	1272
18.942032
items	160048
best_value	5120
__spec__	112
Tuple	6816
Item	1360
Knapsack	1272
19.339407
items	160048
best_value	5120
__spec__	112
Tuple	6816
Item	1360
Knapsack	1272
19.738678
items	160048
best_value	5120
__spec__	112
Tuple	6816
Item	1360
Knapsack	1272
20.137290
items	160048
best_value	5120
__spec__	112
Tuple	6816
Item	1360
Knapsack	1272
20.537192
items	160048
best_value	5120
__spec__	112
Tuple	6816
Item	1360
Knapsack	1272
20.936679
items	160048
best_value	5120
__spec__	112
Tuple	6816
Item	1360
Knapsack	1272
21.338684
items	160048
best_value	5120
__spec__	112
Tuple	6816
Item	1360
Knapsack	1272
21.740897
items	160048
best_value	5120
__spec__	112
Tuple	6816
Item	1360
Knapsack	1272
22.143839
items	160048
best_value	5120
__spec__	112
Tuple	6816
Item	1360
Knapsack	1272
22.662566
items	160048
best_value	5120
__spec__	112
Tuple	6816
Item	1360
Knapsack	1272
23.044160
items	160048
best_value	5120
__spec__	112
Tuple	6816
Item	1360
Knapsack	1272
23.425384
items	160048
best_value	5120
__spec__	112
Tuple	6816
Item	1360
Knapsack	1272
23.806920
items	160048
best_value	5120
__spec__	112
Tuple	6816
Item	1360
Knapsack	1272
24.189079
items	160048
best_value	5120
__spec__	112
Tuple	6816
Item	1360
Knapsack	1272
24.673872
items	160048
best_value	5120
__spec__	112
Tuple	6816
Item	1360
Knapsack	1272
25.196835
items	160048
best_value	5120
__spec__	112
Tuple	6816
Item	1360
Knapsack	1272
25.578099
items	160048
best_value	5120
__spec__	112
Tuple	6816
Item	1360
Knapsack	1272
25.960766
items	160048
best_value	5120
__spec__	112
Tuple	6816
Item	1360
Knapsack	1272
26.341936
items	160048
best_value	5120
__spec__	112
Tuple	6816
Item	1360
Knapsack	1272
26.724559
items	160048
best_value	5120
__spec__	112
Tuple	6816
Item	1360
Knapsack	1272
27.108174
items	160048
best_value	5120
__spec__	112
Tuple	6816
Item	1360
Knapsack	1272
27.492287
items	160048
best_value	5120
__spec__	112
Tuple	6816
Item	1360
Knapsack	1272
27.876714
items	160048
best_value	5120
__spec__	112
Tuple	6816
Item	1360
Knapsack	1272
28.259130
items	160048
best_value	5120
__spec__	112
Tuple	6816
Item	1360
Knapsack	1272
28.642579
items	160048
best_value	5120
__spec__	112
Tuple	6816
Item	1360
Knapsack	1272
29.031891
items	160048
best_value	5120
__spec__	112
Tuple	6816
Item	1360
Knapsack	1272
29.415951
items	160048
best_value	5120
__spec__	112
Tuple	6816
Item	1360
Knapsack	1272
29.799564
items	160048
best_value	5120
__spec__	112
Tuple	6816
Item	1360
Knapsack	1272
30.182433
items	160048
best_value	5120
__spec__	112
Tuple	6816
Item	1360
Knapsack	1272
30.531113
items	160048
k	32176632
weights	16072
item	72
__spec__	112
combinations	856
Tuple	6816
List	48296
Generator	25384
Any	48
Union	80
Iterator	17856
Item	1360
30.885695
items	160048
k	32176632
weights	16072
item	72
__spec__	112
combinations	856
Tuple	6816
List	48296
Generator	25384
Any	48
Union	80
Iterator	17856
Item	1360
31.240857
items	160048
k	32176632
weights	16072
item	72
__spec__	112
combinations	856
Tuple	6816
List	48296
Generator	25384
Any	48
Union	80
Iterator	17856
Item	1360
31.595245
items	160048
k	32176632
weights	16072
item	72
__spec__	112
combinations	856
Tuple	6816
List	48296
Generator	25384
Any	48
Union	80
Iterator	17856
Item	1360
31.948851
items	160048
k	32176632
weights	16072
item	72
__spec__	112
combinations	856
Tuple	6816
List	48296
Generator	25384
Any	48
Union	80
Iterator	17856
Item	1360
32.304244
items	160048
k	32176632
weights	16072
item	72
__spec__	112
combinations	856
Tuple	6816
List	48296
Generator	25384
Any	48
Union	80
Iterator	17856
Item	1360
32.665266
items	160048
k	32176632
weights	16072
item	72
__spec__	112
combinations	856
Tuple	6816
List	48296
Generator	25384
Any	48
Union	80
Iterator	17856
Item	1360
33.021809
items	160048
k	32176632
weights	16072
item	72
__spec__	112
combinations	856
Tuple	6816
List	48296
Generator	25384
Any	48
Union	80
Iterator	17856
Item	1360
33.376474
items	160048
k	32176632
weights	16072
item	72
__spec__	112
combinations	856
Tuple	6816
List	48296
Generator	25384
Any	48
Union	80
Iterator	17856
Item	1360
33.732245
items	160048
k	32176632
weights	16072
item	72
__spec__	112
combinations	856
Tuple	6816
List	48296
Generator	25384
Any	48
Union	80
Iterator	17856
Item	1360
34.087798
items	160048
k	32176632
weights	16072
item	72
__spec__	112
combinations	856
Tuple	6816
List	48296
Generator	25384
Any	48
Union	80
Iterator	17856
Item	1360
34.443888
items	160048
k	32176632
weights	16072
item	72
__spec__	112
combinations	856
Tuple	6816
List	48296
Generator	25384
Any	48
Union	80
Iterator	17856
Item	1360
34.798948
items	160048
k	32176632
weights	16072
item	72
__spec__	112
combinations	856
Tuple	6816
List	48296
Generator	25384
Any	48
Union	80
Iterator	17856
Item	1360
35.154160
items	160048
k	32176632
weights	16072
item	72
__spec__	112
combinations	856
Tuple	6816
List	48296
Generator	25384
Any	48
Union	80
Iterator	17856
Item	1360
35.509750
items	160048
k	32176632
weights	16072
item	72
__spec__	112
combinations	856
Tuple	6816
List	48296
Generator	25384
Any	48
Union	80
Iterator	17856
Item	1360
35.866355
items	160048
k	32176632
weights	16072
item	72
__spec__	112
combinations	856
Tuple	6816
List	48296
Generator	25384
Any	48
Union	80
Iterator	17856
Item	1360
36.222380
items	160048
k	32176632
weights	16072
item	72
__spec__	112
combinations	856
Tuple	6816
List	48296
Generator	25384
Any	48
Union	80
Iterator	17856
Item	1360
36.577994
items	160048
k	32176632
weights	16072
item	72
__spec__	112
combinations	856
Tuple	6816
List	48296
Generator	25384
Any	48
Union	80
Iterator	17856
Item	1360
36.934398
items	160048
k	32176632
weights	16072
item	72
__spec__	112
combinations	856
Tuple	6816
List	48296
Generator	25384
Any	48
Union	80
Iterator	17856
Item	1360
37.290428
items	160048
k	32176632
weights	16072
item	72
__spec__	112
combinations	856
Tuple	6816
List	48296
Generator	25384
Any	48
Union	80
Iterator	17856
Item	1360
37.645182
items	160048
k	32176632
weights	16072
item	72
__spec__	112
combinations	856
Tuple	6816
List	48296
Generator	25384
Any	48
Union	80
Iterator	17856
Item	1360
37.998465
items	160048
k	32176632
weights	16072
item	72
__spec__	112
combinations	856
Tuple	6816
List	48296
Generator	25384
Any	48
Union	80
Iterator	17856
Item	1360
38.354673
items	160048
k	32176632
weights	16072
item	72
__spec__	112
combinations	856
Tuple	6816
List	48296
Generator	25384
Any	48
Union	80
Iterator	17856
Item	1360
38.713284
items	160048
k	32176632
weights	16072
item	72
__spec__	112
combinations	856
Tuple	6816
List	48296
Generator	25384
Any	48
Union	80
Iterator	17856
Item	1360
39.070379
items	160048
k	32176632
weights	16072
item	72
__spec__	112
combinations	856
Tuple	6816
List	48296
Generator	25384
Any	48
Union	80
Iterator	17856
Item	1360
39.425934
items	160048
k	32176632
weights	16072
item	72
__spec__	112
combinations	856
Tuple	6816
List	48296
Generator	25384
Any	48
Union	80
Iterator	17856
Item	1360
39.782410
items	160048
k	32176632
weights	16072
item	72
__spec__	112
combinations	856
Tuple	6816
List	48296
Generator	25384
Any	48
Union	80
Iterator	17856
Item	1360
40.138519
items	160048
k	32176632
weights	16072
item	72
__spec__	112
combinations	856
Tuple	6816
List	48296
Generator	25384
Any	48
Union	80
Iterator	17856
Item	1360
40.495082
items	160048
k	32176632
weights	16072
item	72
__spec__	112
combinations	856
Tuple	6816
List	48296
Generator	25384
Any	48
Union	80
Iterator	17856
Item	1360
40.849600
items	160048
k	32176632
weights	16072
item	72
__spec__	112
combinations	856
Tuple	6816
List	48296
Generator	25384
Any	48
Union	80
Iterator	17856
Item	1360
41.206127
items	160048
k	32176632
weights	16072
item	72
__spec__	112
combinations	856
Tuple	6816
List	48296
Generator	25384
Any	48
Union	80
Iterator	17856
Item	1360
41.562273
items	160048
k	32176632
weights	16072
item	72
__spec__	112
combinations	856
Tuple	6816
List	48296
Generator	25384
Any	48
Union	80
Iterator	17856
Item	1360
41.918899
items	160048
k	32176632
weights	16072
item	72
__spec__	112
combinations	856
Tuple	6816
List	48296
Generator	25384
Any	48
Union	80
Iterator	17856
Item	1360
42.275688
items	160048
k	32176632
weights	16072
item	72
__spec__	112
combinations	856
Tuple	6816
List	48296
Generator	25384
Any	48
Union	80
Iterator	17856
Item	1360
42.630406
items	160048
k	32176632
weights	16072
item	72
__spec__	112
combinations	856
Tuple	6816
List	48296
Generator	25384
Any	48
Union	80
Iterator	17856
Item	1360
42.987061
items	160048
k	32176632
weights	16072
item	72
__spec__	112
combinations	856
Tuple	6816
List	48296
Generator	25384
Any	48
Union	80
Iterator	17856
Item	1360
43.351246
items	160048
k	32176632
weights	16072
item	72
__spec__	112
combinations	856
Tuple	6816
List	48296
Generator	25384
Any	48
Union	80
Iterator	17856
Item	1360
43.706515
items	160048
k	32176632
weights	16072
item	72
__spec__	112
combinations	856
Tuple	6816
List	48296
Generator	25384
Any	48
Union	80
Iterator	17856
Item	1360
44.063963
items	160048
k	32176632
weights	16072
item	72
__spec__	112
combinations	856
Tuple	6816
List	48296
Generator	25384
Any	48
Union	80
Iterator	17856
Item	1360
44.388536
__annotations__	240
Callable	6032
Union	80
List	48296
Item	1360
