0.000073
__annotations__	240
Callable	6032
Union	80
List	48296
Item	1360
6.759817
items	40048
best_value	5120
__spec__	112
Tuple	6816
Item	1360
Knapsack	1272
7.124567
items	40048
best_value	5120
__spec__	112
Tuple	6816
Item	1360
Knapsack	1272
7.503426
items	40048
best_value	5120
__spec__	112
Tuple	6816
Item	1360
Knapsack	1272
7.871403
items	40048
best_value	5120
__spec__	112
Tuple	6816
Item	1360
Knapsack	1272
8.313571
items	128
__spec__	112
combinations	856
Tuple	6816
List	48296
Generator	25384
Any	48
Union	80
Iterator	17856
Item	1360
8.700120
items	128
cache	1310864
__spec__	112
combinations	856
Tuple	6816
List	48296
Generator	25384
Any	48
Union	80
Iterator	17856
Item	1360
9.128222
.0	56
__spec__	112
combinations	856
Tuple	6816
List	48296
Generator	25384
Any	48
Union	80
Iterator	17856
Item	1360
9.560611
items	1168
cache	2621592
head	72
tail	1088
include	128
dont_include	48
answer	48
__spec__	112
combinations	856
Tuple	6816
List	48296
Generator	25384
Any	48
Union	80
Iterator	17856
Item	1360
10.045908
items	48
__spec__	112
combinations	856
Tuple	6816
List	48296
Generator	25384
Any	48
Union	80
Iterator	17856
Item	1360
10.517403
items	48
__spec__	112
combinations	856
Tuple	6816
List	48296
Generator	25384
Any	48
Union	80
Iterator	17856
Item	1360
10.936259
items	4128
cache	5243024
__spec__	112
combinations	856
Tuple	6816
List	48296
Generator	25384
Any	48
Union	80
Iterator	17856
Item	1360
11.495292
items	8128
cache	5243024
__spec__	112
combinations	856
Tuple	6816
List	48296
Generator	25384
Any	48
Union	80
Iterator	17856
Item	1360
12.156162
items	4608
cache	5243024
__spec__	112
combinations	856
Tuple	6816
List	48296
Generator	25384
Any	48
Union	80
Iterator	17856
Item	1360
12.762856
items	1168
cache	5243024
__spec__	112
combinations	856
Tuple	6816
List	48296
Generator	25384
Any	48
Union	80
Iterator	17856
Item	1360
13.388038
items	3968
cache	10485912
head	72
tail	3888
include	128
dont_include	48
answer	48
__spec__	112
combinations	856
Tuple	6816
List	48296
Generator	25384
Any	48
Union	80
Iterator	17856
Item	1360
14.140875
items	6768
cache	10485912
__spec__	112
combinations	856
Tuple	6816
List	48296
Generator	25384
Any	48
Union	80
Iterator	17856
Item	1360
14.809709
items	2128
cache	10485912
__spec__	112
combinations	856
Tuple	6816
List	48296
Generator	25384
Any	48
Union	80
Iterator	17856
Item	1360
15.499809
items	128
__spec__	112
combinations	856
Tuple	6816
List	48296
Generator	25384
Any	48
Union	80
Iterator	17856
Item	1360
16.109059
.0	56
__spec__	112
combinations	856
Tuple	6816
List	48296
Generator	25384
Any	48
Union	80
Iterator	17856
Item	1360
16.568207
items	48
__spec__	112
combinations	856
Tuple	6816
List	48296
Generator	25384
Any	48
Union	80
Iterator	17856
Item	1360
17.023814
items	4528
cache	10485912
__spec__	112
combinations	856
Tuple	6816
List	48296
Generator	25384
Any	48
Union	80
Iterator	17856
Item	1360
17.808936
items	1008
cache	10485912
__spec__	112
combinations	856
Tuple	6816
List	48296
Generator	25384
Any	48
Union	80
Iterator	17856
Item	1360
18.615531
items	8848
cache	10485912
__spec__	112
combinations	856
Tuple	6816
List	48296
Generator	25384
Any	48
Union	80
Iterator	17856
Item	1360
19.645951
items	10688
cache	10485912
__spec__	112
combinations	856
Tuple	6816
List	48296
Generator	25384
Any	48
Union	80
Iterator	17856
Item	1360
20.489492
items	12768
cache	10485912
__spec__	112
combinations	856
Tuple	6816
List	48296
Generator	25384
Any	48
Union	80
Iterator	17856
Item	1360
21.363475
items	5968
cache	20971664
head	72
tail	5888
include	128
dont_include	48
answer	48
__spec__	112
combinations	856
Tuple	6816
List	48296
Generator	25384
Any	48
Union	80
Iterator	17856
Item	1360
22.252767
items	2768
cache	20971664
__spec__	112
combinations	856
Tuple	6816
List	48296
Generator	25384
Any	48
Union	80
Iterator	17856
Item	1360
23.433457
items	128
__spec__	112
combinations	856
Tuple	6816
List	48296
Generator	25384
Any	48
Union	80
Iterator	17856
Item	1360
23.924601
items	8928
cache	20971664
__spec__	112
combinations	856
Tuple	6816
List	48296
Generator	25384
Any	48
Union	80
Iterator	17856
Item	1360
24.878031
items	3328
cache	20971664
__spec__	112
combinations	856
Tuple	6816
List	48296
Generator	25384
Any	48
Union	80
Iterator	17856
Item	1360
25.866333
.0	56
__spec__	112
combinations	856
Tuple	6816
List	48296
Generator	25384
Any	48
Union	80
Iterator	17856
Item	1360
26.363262
items	128
__spec__	112
combinations	856
Tuple	6816
List	48296
Generator	25384
Any	48
Union	80
Iterator	17856
Item	1360
26.856340
items	128
__spec__	112
combinations	856
Tuple	6816
List	48296
Generator	25384
Any	48
Union	80
Iterator	17856
Item	1360
27.358682
items	48
__spec__	112
combinations	856
Tuple	6816
List	48296
Generator	25384
Any	48
Union	80
Iterator	17856
Item	1360
28.230815
items	7008
cache	20971664
head	72
tail	6928
include	128
dont_include	48
answer	48
__spec__	112
combinations	856
Tuple	6816
List	48296
Generator	25384
Any	48
Union	80
Iterator	17856
Item	1360
29.317595
items	13728
cache	20971664
__spec__	112
combinations	856
Tuple	6816
List	48296
Generator	25384
Any	48
Union	80
Iterator	17856
Item	1360
30.424513
items	848
cache	20971664
__spec__	112
combinations	856
Tuple	6816
List	48296
Generator	25384
Any	48
Union	80
Iterator	17856
Item	1360
31.551538
items	2688
cache	20971664
__spec__	112
combinations	856
Tuple	6816
List	48296
Generator	25384
Any	48
Union	80
Iterator	17856
Item	1360
32.707689
items	128
__spec__	112
combinations	856
Tuple	6816
List	48296
Generator	25384
Any	48
Union	80
Iterator	17856
Item	1360
33.230037
items	9088
cache	20971664
head	72
tail	9008
include	128
dont_include	48
answer	48
__spec__	112
combinations	856
Tuple	6816
List	48296
Generator	25384
Any	48
Union	80
Iterator	17856
Item	1360
34.421903
.0	56
x	72
__spec__	112
combinations	856
Tuple	6816
List	48296
Generator	25384
Any	48
Union	80
Iterator	17856
Item	1360
35.431975
items	1968
cache	20971664
head	72
tail	1888
include	128
dont_include	48
answer	48
__spec__	112
combinations	856
Tuple	6816
List	48296
Generator	25384
Any	48
Union	80
Iterator	17856
Item	1360
36.672288
items	17008
cache	20971664
head	72
tail	16928
include	128
dont_include	48
answer	48
__spec__	112
combinations	856
Tuple	6816
List	48296
Generator	25384
Any	48
Union	80
Iterator	17856
Item	1360
37.936771
items	10448
cache	20971664
head	72
tail	10368
include	128
dont_include	48
answer	48
__spec__	112
combinations	856
Tuple	6816
List	48296
Generator	25384
Any	48
Union	80
Iterator	17856
Item	1360
39.229998
items	48
__spec__	112
combinations	856
Tuple	6816
List	48296
Generator	25384
Any	48
Union	80
Iterator	17856
Item	1360
39.757165
items	48
__spec__	112
combinations	856
Tuple	6816
List	48296
Generator	25384
Any	48
Union	80
Iterator	17856
Item	1360
40.304444
.0	56
x	72
__spec__	112
combinations	856
Tuple	6816
List	48296
Generator	25384
Any	48
Union	80
Iterator	17856
Item	1360
40.835107
items	10368
cache	41943192
head	72
tail	10288
include	128
dont_include	48
answer	48
__spec__	112
combinations	856
Tuple	6816
List	48296
Generator	25384
Any	48
Union	80
Iterator	17856
Item	1360
42.183331
items	17648
cache	41943192
__spec__	112
combinations	856
Tuple	6816
List	48296
Generator	25384
Any	48
Union	80
Iterator	17856
Item	1360
43.556227
items	6048
cache	41943192
__spec__	112
combinations	856
Tuple	6816
List	48296
Generator	25384
Any	48
Union	80
Iterator	17856
Item	1360
45.600471
.0	56
__spec__	112
combinations	856
Tuple	6816
List	48296
Generator	25384
Any	48
Union	80
Iterator	17856
Item	1360
46.136782
.0	128
__spec__	112
combinations	856
Tuple	6816
List	48296
Generator	25384
Any	48
Union	80
Iterator	17856
Item	1360
46.671065
items	16288
cache	41943192
head	72
tail	16208
include	128
__spec__	112
combinations	856
Tuple	6816
List	48296
Generator	25384
Any	48
Union	80
Iterator	17856
Item	1360
48.125225
items	15488
cache	41943192
__spec__	112
combinations	856
Tuple	6816
List	48296
Generator	25384
Any	48
Union	80
Iterator	17856
Item	1360
49.606910
items	2048
cache	41943192
__spec__	112
combinations	856
Tuple	6816
List	48296
Generator	25384
Any	48
Union	80
Iterator	17856
Item	1360
51.094809
.0	56
__spec__	112
combinations	856
Tuple	6816
List	48296
Generator	25384
Any	48
Union	80
Iterator	17856
Item	1360
51.642648
items	19408
cache	41943192
__spec__	112
combinations	856
Tuple	6816
List	48296
Generator	25384
Any	48
Union	80
Iterator	17856
Item	1360
53.185628
items	128
__spec__	112
combinations	856
Tuple	6816
List	48296
Generator	25384
Any	48
Union	80
Iterator	17856
Item	1360
53.726997
items	16128
cache	41943192
head	72
tail	16048
include	128
dont_include	48
__spec__	112
combinations	856
Tuple	6816
List	48296
Generator	25384
Any	48
Union	80
Iterator	17856
Item	1360
55.298573
items	9008
cache	41943192
head	72
tail	8928
include	128
dont_include	48
__spec__	112
combinations	856
Tuple	6816
List	48296
Generator	25384
Any	48
Union	80
Iterator	17856
Item	1360
56.896797
items	5248
cache	41943192
__spec__	112
combinations	856
Tuple	6816
List	48296
Generator	25384
Any	48
Union	80
Iterator	17856
Item	1360
59.401160
items	10688
cache	41943192
head	72
tail	10608
include	128
__spec__	112
combinations	856
Tuple	6816
List	48296
Generator	25384
Any	48
Union	80
Iterator	17856
Item	1360
61.030464
items	11248
cache	41943192
__spec__	112
combinations	856
Tuple	6816
List	48296
Generator	25384
Any	48
Union	80
Iterator	17856
Item	1360
62.692407
.0	128
__spec__	112
combinations	856
Tuple	6816
List	48296
Generator	25384
Any	48
Union	80
Iterator	17856
Item	1360
63.245431
items	48
__spec__	112
combinations	856
Tuple	6816
List	48296
Generator	25384
Any	48
Union	80
Iterator	17856
Item	1360
63.802451
.0	56
x	72
__spec__	112
combinations	856
Tuple	6816
List	48296
Generator	25384
Any	48
Union	80
Iterator	17856
Item	1360
64.364702
items	12048
cache	41943192
__spec__	112
combinations	856
Tuple	6816
List	48296
Generator	25384
Any	48
Union	80
Iterator	17856
Item	1360
66.098382
items	21888
cache	41943192
head	72
tail	21808
include	128
dont_include	48
answer	48
__spec__	112
combinations	856
Tuple	6816
List	48296
Generator	25384
Any	48
Union	80
Iterator	17856
Item	1360
67.875467
items	48
__spec__	112
combinations	856
Tuple	6816
List	48296
Generator	25384
Any	48
Union	80
Iterator	17856
Item	1360
68.438679
items	48
__spec__	112
combinations	856
Tuple	6816
List	48296
Generator	25384
Any	48
Union	80
Iterator	17856
Item	1360
69.011116
items	48
__spec__	112
combinations	856
Tuple	6816
List	48296
Generator	25384
Any	48
Union	80
Iterator	17856
Item	1360
69.577520
items	3568
cache	41943192
__spec__	112
combinations	856
Tuple	6816
List	48296
Generator	25384
Any	48
Union	80
Iterator	17856
Item	1360
71.433300
items	8768
cache	41943192
__spec__	112
combinations	856
Tuple	6816
List	48296
Generator	25384
Any	48
Union	80
Iterator	17856
Item	1360
73.287622
items	3728
cache	41943192
head	72
__spec__	112
combinations	856
Tuple	6816
List	48296
Generator	25384
Any	48
Union	80
Iterator	17856
Item	1360
75.159232
items	22528
cache	41943192
head	72
tail	22448
include	128
dont_include	48
answer	48
__spec__	112
combinations	856
Tuple	6816
List	48296
Generator	25384
Any	48
Union	80
Iterator	17856
Item	1360
78.221805
items	128
__spec__	112
combinations	856
Tuple	6816
List	48296
Generator	25384
Any	48
Union	80
Iterator	17856
Item	1360
78.801628
items	23568
cache	41943192
__spec__	112
combinations	856
Tuple	6816
List	48296
Generator	25384
Any	48
Union	80
Iterator	17856
Item	1360
80.751423
items	9328
cache	41943192
head	72
tail	9248
include	128
dont_include	48
answer	48
__spec__	112
combinations	856
Tuple	6816
List	48296
Generator	25384
Any	48
Union	80
Iterator	17856
Item	1360
82.694072
items	128
__spec__	112
combinations	856
Tuple	6816
List	48296
Generator	25384
Any	48
Union	80
Iterator	17856
Item	1360
83.273527
items	48
__spec__	112
combinations	856
Tuple	6816
List	48296
Generator	25384
Any	48
Union	80
Iterator	17856
Item	1360
83.854830
items	128
__spec__	112
combinations	856
Tuple	6816
List	48296
Generator	25384
Any	48
Union	80
Iterator	17856
Item	1360
84.442688
items	48
__spec__	112
combinations	856
Tuple	6816
List	48296
Generator	25384
Any	48
Union	80
Iterator	17856
Item	1360
85.020102
.0	128
__spec__	112
combinations	856
Tuple	6816
List	48296
Generator	25384
Any	48
Union	80
Iterator	17856
Item	1360
85.599682
items	17328
cache	41943192
__spec__	112
combinations	856
Tuple	6816
List	48296
Generator	25384
Any	48
Union	80
Iterator	17856
Item	1360
87.670892
items	48
__spec__	112
combinations	856
Tuple	6816
List	48296
Generator	25384
Any	48
Union	80
Iterator	17856
Item	1360
88.259472
items	48
__spec__	112
combinations	856
Tuple	6816
List	48296
Generator	25384
Any	48
Union	80
Iterator	17856
Item	1360
88.843113
items	15648
cache	41943192
head	72
tail	15568
include	128
__spec__	112
combinations	856
Tuple	6816
List	48296
Generator	25384
Any	48
Union	80
Iterator	17856
Item	1360
91.052289
.0	56
__spec__	112
combinations	856
Tuple	6816
List	48296
Generator	25384
Any	48
Union	80
Iterator	17856
Item	1360
91.637364
items	18208
cache	83886224
head	72
tail	18128
include	128
__spec__	112
combinations	856
Tuple	6816
List	48296
Generator	25384
Any	48
Union	80
Iterator	17856
Item	1360
93.824262
items	48
__spec__	112
combinations	856
Tuple	6816
List	48296
Generator	25384
Any	48
Union	80
Iterator	17856
Item	1360
94.414255
items	17008
cache	83886224
head	72
tail	16928
__spec__	112
combinations	856
Tuple	6816
List	48296
Generator	25384
Any	48
Union	80
Iterator	17856
Item	1360
96.657889
.0	56
__spec__	112
combinations	856
Tuple	6816
List	48296
Generator	25384
Any	48
Union	80
Iterator	17856
Item	1360
98.817452
items	24528
cache	83886224
head	72
tail	24448
include	128
__spec__	112
combinations	856
Tuple	6816
List	48296
Generator	25384
Any	48
Union	80
Iterator	17856
Item	1360
101.080066
items	1888
cache	83886224
head	72
tail	1808
__spec__	112
combinations	856
Tuple	6816
List	48296
Generator	25384
Any	48
Union	80
Iterator	17856
Item	1360
103.345508
items	23648
cache	83886224
__spec__	112
combinations	856
Tuple	6816
List	48296
Generator	25384
Any	48
Union	80
Iterator	17856
Item	1360
105.639905
items	13008
cache	83886224
head	72
tail	12928
__spec__	112
combinations	856
Tuple	6816
List	48296
Generator	25384
Any	48
Union	80
Iterator	17856
Item	1360
107.961981
.0	128
__spec__	112
combinations	856
Tuple	6816
List	48296
Generator	25384
Any	48
Union	80
Iterator	17856
Item	1360
108.563897
items	48
__spec__	112
combinations	856
Tuple	6816
List	48296
Generator	25384
Any	48
Union	80
Iterator	17856
Item	1360
109.158360
items	9568
cache	83886224
head	72
__spec__	112
combinations	856
Tuple	6816
List	48296
Generator	25384
Any	48
Union	80
Iterator	17856
Item	1360
111.530919
.0	56
__spec__	112
combinations	856
Tuple	6816
List	48296
Generator	25384
Any	48
Union	80
Iterator	17856
Item	1360
112.136314
items	48
__spec__	112
combinations	856
Tuple	6816
List	48296
Generator	25384
Any	48
Union	80
Iterator	17856
Item	1360
112.739887
items	128
__spec__	112
combinations	856
Tuple	6816
List	48296
Generator	25384
Any	48
Union	80
Iterator	17856
Item	1360
113.343561
items	10768
cache	83886224
__spec__	112
combinations	856
Tuple	6816
List	48296
Generator	25384
Any	48
Union	80
Iterator	17856
Item	1360
115.812473
items	48
__spec__	112
combinations	856
Tuple	6816
List	48296
Generator	25384
Any	48
Union	80
Iterator	17856
Item	1360
116.419521
items	27568
cache	83886224
__spec__	112
combinations	856
Tuple	6816
List	48296
Generator	25384
Any	48
Union	80
Iterator	17856
Item	1360
118.912426
items	21728
cache	83886224
__spec__	112
combinations	856
Tuple	6816
List	48296
Generator	25384
Any	48
Union	80
Iterator	17856
Item	1360
121.429854
items	48
__spec__	112
combinations	856
Tuple	6816
List	48296
Generator	25384
Any	48
Union	80
Iterator	17856
Item	1360
122.046054
items	128
__spec__	112
combinations	856
Tuple	6816
List	48296
Generator	25384
Any	48
Union	80
Iterator	17856
Item	1360
122.661498
items	20848
cache	83886224
__spec__	112
combinations	856
Tuple	6816
List	48296
Generator	25384
Any	48
Union	80
Iterator	17856
Item	1360
125.246222
items	23168
cache	83886224
__spec__	112
combinations	856
Tuple	6816
List	48296
Generator	25384
Any	48
Union	80
Iterator	17856
Item	1360
127.840672
items	11728
cache	83886224
head	72
tail	11648
include	128
dont_include	48
answer	48
__spec__	112
combinations	856
Tuple	6816
List	48296
Generator	25384
Any	48
Union	80
Iterator	17856
Item	1360
132.535804
items	22288
cache	83886224
head	72
__spec__	112
combinations	856
Tuple	6816
List	48296
Generator	25384
Any	48
Union	80
Iterator	17856
Item	1360
135.196253
items	48
__spec__	112
combinations	856
Tuple	6816
List	48296
Generator	25384
Any	48
Union	80
Iterator	17856
Item	1360
135.818794
items	9728
cache	83886224
__spec__	112
combinations	856
Tuple	6816
List	48296
Generator	25384
Any	48
Union	80
Iterator	17856
Item	1360
138.491910
items	28128
cache	83886224
head	72
tail	28048
include	128
dont_include	48
answer	48
__spec__	112
combinations	856
Tuple	6816
List	48296
Generator	25384
Any	48
Union	80
Iterator	17856
Item	1360
141.205298
items	7168
cache	83886224
__spec__	112
combinations	856
Tuple	6816
List	48296
Generator	25384
Any	48
Union	80
Iterator	17856
Item	1360
143.939401
items	32208
cache	83886224
__spec__	112
combinations	856
Tuple	6816
List	48296
Generator	25384
Any	48
Union	80
Iterator	17856
Item	1360
146.697251
items	31728
cache	83886224
__spec__	112
combinations	856
Tuple	6816
List	48296
Generator	25384
Any	48
Union	80
Iterator	17856
Item	1360
149.467533
items	48
__spec__	112
combinations	856
Tuple	6816
List	48296
Generator	25384
Any	48
Union	80
Iterator	17856
Item	1360
150.100449
items	128
__spec__	112
combinations	856
Tuple	6816
List	48296
Generator	25384
Any	48
Union	80
Iterator	17856
Item	1360
150.726682
items	29408
cache	83886224
head	72
__spec__	112
combinations	856
Tuple	6816
List	48296
Generator	25384
Any	48
Union	80
Iterator	17856
Item	1360
153.561709
items	24848
cache	83886224
__spec__	112
combinations	856
Tuple	6816
List	48296
Generator	25384
Any	48
Union	80
Iterator	17856
Item	1360
156.421342
items	9888
cache	83886224
head	72
__spec__	112
combinations	856
Tuple	6816
List	48296
Generator	25384
Any	48
Union	80
Iterator	17856
Item	1360
159.262715
items	12848
cache	83886224
__spec__	112
combinations	856
Tuple	6816
List	48296
Generator	25384
Any	48
Union	80
Iterator	17856
Item	1360
162.137913
items	128
__spec__	112
combinations	856
Tuple	6816
List	48296
Generator	25384
Any	48
Union	80
Iterator	17856
Item	1360
162.776152
items	48
__spec__	112
combinations	856
Tuple	6816
List	48296
Generator	25384
Any	48
Union	80
Iterator	17856
Item	1360
163.416323
items	128
__spec__	112
combinations	856
Tuple	6816
List	48296
Generator	25384
Any	48
Union	80
Iterator	17856
Item	1360
164.060534
items	48
__spec__	112
combinations	856
Tuple	6816
List	48296
Generator	25384
Any	48
Union	80
Iterator	17856
Item	1360
164.700708
items	48
__spec__	112
combinations	856
Tuple	6816
List	48296
Generator	25384
Any	48
Union	80
Iterator	17856
Item	1360
165.351330
items	48
__spec__	112
combinations	856
Tuple	6816
List	48296
Generator	25384
Any	48
Union	80
Iterator	17856
Item	1360
165.991783
items	9088
cache	83886224
head	72
tail	9008
include	128
dont_include	48
answer	48
__spec__	112
combinations	856
Tuple	6816
List	48296
Generator	25384
Any	48
Union	80
Iterator	17856
Item	1360
169.013382
.0	128
__spec__	112
combinations	856
Tuple	6816
List	48296
Generator	25384
Any	48
Union	80
Iterator	17856
Item	1360
169.662062
.0	128
__spec__	112
combinations	856
Tuple	6816
List	48296
Generator	25384
Any	48
Union	80
Iterator	17856
Item	1360
170.304542
items	19728
cache	83886224
head	72
__spec__	112
combinations	856
Tuple	6816
List	48296
Generator	25384
Any	48
Union	80
Iterator	17856
Item	1360
173.363644
items	32608
cache	83886224
head	72
tail	32528
include	128
dont_include	48
answer	48
__spec__	112
combinations	856
Tuple	6816
List	48296
Generator	25384
Any	48
Union	80
Iterator	17856
Item	1360
179.213217
items	3888
cache	83886224
head	72
tail	3808
include	128
dont_include	48
answer	48
__spec__	112
combinations	856
Tuple	6816
List	48296
Generator	25384
Any	48
Union	80
Iterator	17856
Item	1360
182.337183
items	48
__spec__	112
combinations	856
Tuple	6816
List	48296
Generator	25384
Any	48
Union	80
Iterator	17856
Item	1360
182.990836
items	3088
cache	83886224
__spec__	112
combinations	856
Tuple	6816
List	48296
Generator	25384
Any	48
Union	80
Iterator	17856
Item	1360
186.139112
items	48
__spec__	112
combinations	856
Tuple	6816
List	48296
Generator	25384
Any	48
Union	80
Iterator	17856
Item	1360
186.798125
items	26848
cache	83886224
__spec__	112
combinations	856
Tuple	6816
List	48296
Generator	25384
Any	48
Union	80
Iterator	17856
Item	1360
190.008338
items	19568
cache	83886224
__spec__	112
combinations	856
Tuple	6816
List	48296
Generator	25384
Any	48
Union	80
Iterator	17856
Item	1360
193.236042
items	34368
cache	83886224
head	72
__spec__	112
combinations	856
Tuple	6816
List	48296
Generator	25384
Any	48
Union	80
Iterator	17856
Item	1360
196.457747
.0	128
__spec__	112
combinations	856
Tuple	6816
List	48296
Generator	25384
Any	48
Union	80
Iterator	17856
Item	1360
197.116983
items	128
__spec__	112
combinations	856
Tuple	6816
List	48296
Generator	25384
Any	48
Union	80
Iterator	17856
Item	1360
197.773412
.0	56
x	72
__spec__	112
combinations	856
Tuple	6816
List	48296
Generator	25384
Any	48
Union	80
Iterator	17856
Item	1360
198.437510
items	24288
cache	83886224
__spec__	112
combinations	856
Tuple	6816
List	48296
Generator	25384
Any	48
Union	80
Iterator	17856
Item	1360
201.740650
items	18368
cache	83886224
head	72
tail	18288
include	128
__spec__	112
combinations	856
Tuple	6816
List	48296
Generator	25384
Any	48
Union	80
Iterator	17856
Item	1360
205.081378
items	48
__spec__	112
combinations	856
Tuple	6816
List	48296
Generator	25384
Any	48
Union	80
Iterator	17856
Item	1360
205.749465
items	26768
cache	83886224
head	72
tail	26688
include	128
dont_include	48
__spec__	112
combinations	856
Tuple	6816
List	48296
Generator	25384
Any	48
Union	80
Iterator	17856
Item	1360
209.126353
items	14608
cache	83886224
__spec__	112
combinations	856
Tuple	6816
List	48296
Generator	25384
Any	48
Union	80
Iterator	17856
Item	1360
212.536832
.0	56
__spec__	112
combinations	856
Tuple	6816
List	48296
Generator	25384
Any	48
Union	80
Iterator	17856
Item	1360
213.204887
items	7968
cache	83886224
head	72
tail	7888
include	128
__spec__	112
combinations	856
Tuple	6816
List	48296
Generator	25384
Any	48
Union	80
Iterator	17856
Item	1360
216.655251
items	128
__spec__	112
combinations	856
Tuple	6816
List	48296
Generator	25384
Any	48
Union	80
Iterator	17856
Item	1360
217.327326
items	18368
cache	83886224
__spec__	112
combinations	856
Tuple	6816
List	48296
Generator	25384
Any	48
Union	80
Iterator	17856
Item	1360
220.814358
items	8768
cache	83887136
__spec__	112
combinations	856
Tuple	6816
List	48296
Generator	25384
Any	48
Union	80
Iterator	17856
Item	1360
224.134585
items	30528
cache	83935536
head	72
tail	30448
include	128
dont_include	1168
answer	1168
__spec__	112
combinations	856
Tuple	6816
List	48296
Generator	25384
Any	48
Union	80
Iterator	17856
Item	1360
227.374930
.0	1208
x	72
__spec__	112
combinations	856
Tuple	6816
List	48296
Generator	25384
Any	48
Union	80
Iterator	17856
Item	1360
227.756018
.0	848
x	72
__spec__	112
combinations	856
Tuple	6816
List	48296
Generator	25384
Any	48
Union	80
Iterator	17856
Item	1360
228.112154
.0	1640
__spec__	112
combinations	856
Tuple	6816
List	48296
Generator	25384
Any	48
Union	80
Iterator	17856
Item	1360
228.464071
.0	272
x	72
__spec__	112
combinations	856
Tuple	6816
List	48296
Generator	25384
Any	48
Union	80
Iterator	17856
Item	1360
228.812221
.0	1640
x	72
__spec__	112
combinations	856
Tuple	6816
List	48296
Generator	25384
Any	48
Union	80
Iterator	17856
Item	1360
229.155396
.0	1064
x	72
__spec__	112
combinations	856
Tuple	6816
List	48296
Generator	25384
Any	48
Union	80
Iterator	17856
Item	1360
229.483968
.0	848
x	72
__spec__	112
combinations	856
Tuple	6816
List	48296
Generator	25384
Any	48
Union	80
Iterator	17856
Item	1360
229.813243
.0	1208
__spec__	112
combinations	856
Tuple	6816
List	48296
Generator	25384
Any	48
Union	80
Iterator	17856
Item	1360
230.129876
.0	272
x	72
__spec__	112
combinations	856
Tuple	6816
List	48296
Generator	25384
Any	48
Union	80
Iterator	17856
Item	1360
230.463849
.0	1352
x	72
__spec__	112
combinations	856
Tuple	6816
List	48296
Generator	25384
Any	48
Union	80
Iterator	17856
Item	1360
230.782722
.0	920
x	72
__spec__	112
combinations	856
Tuple	6816
List	48296
Generator	25384
Any	48
Union	80
Iterator	17856
Item	1360
231.092339
.0	56
x	72
__spec__	112
combinations	856
Tuple	6816
List	48296
Generator	25384
Any	48
Union	80
Iterator	17856
Item	1360
231.408899
items	19728
cache	85395152
__spec__	112
combinations	856
Tuple	6816
List	48296
Generator	25384
Any	48
Union	80
Iterator	17856
Item	1360
234.764534
.0	1784
x	72
__spec__	112
combinations	856
Tuple	6816
List	48296
Generator	25384
Any	48
Union	80
Iterator	17856
Item	1360
235.075927
.0	344
x	72
__spec__	112
combinations	856
Tuple	6816
List	48296
Generator	25384
Any	48
Union	80
Iterator	17856
Item	1360
235.386198
.0	2792
__spec__	112
combinations	856
Tuple	6816
List	48296
Generator	25384
Any	48
Union	80
Iterator	17856
Item	1360
235.689059
.0	776
x	72
__spec__	112
combinations	856
Tuple	6816
List	48296
Generator	25384
Any	48
Union	80
Iterator	17856
Item	1360
235.999639
.0	1784
x	72
__spec__	112
combinations	856
Tuple	6816
List	48296
Generator	25384
Any	48
Union	80
Iterator	17856
Item	1360
236.301236
.0	1064
x	72
__spec__	112
combinations	856
Tuple	6816
List	48296
Generator	25384
Any	48
Union	80
Iterator	17856
Item	1360
236.614855
.0	992
x	72
__spec__	112
combinations	856
Tuple	6816
List	48296
Generator	25384
Any	48
Union	80
Iterator	17856
Item	1360
236.907227
.0	2936
x	72
__spec__	112
combinations	856
Tuple	6816
List	48296
Generator	25384
Any	48
Union	80
Iterator	17856
Item	1360
237.210371
.0	1280
x	72
__spec__	112
combinations	856
Tuple	6816
List	48296
Generator	25384
Any	48
Union	80
Iterator	17856
Item	1360
237.511461
.0	3152
x	72
__spec__	112
combinations	856
Tuple	6816
List	48296
Generator	25384
Any	48
Union	80
Iterator	17856
Item	1360
237.819356
.0	992
x	72
__spec__	112
combinations	856
Tuple	6816
List	48296
Generator	25384
Any	48
Union	80
Iterator	17856
Item	1360
238.104868
.0	3008
x	72
__spec__	112
combinations	856
Tuple	6816
List	48296
Generator	25384
Any	48
Union	80
Iterator	17856
Item	1360
238.404643
.0	3008
__spec__	112
combinations	856
Tuple	6816
List	48296
Generator	25384
Any	48
Union	80
Iterator	17856
Item	1360
238.688802
items	37008
cache	87732992
__spec__	112
combinations	856
Tuple	6816
List	48296
Generator	25384
Any	48
Union	80
Iterator	17856
Item	1360
242.376915
.0	3224
x	72
__spec__	112
combinations	856
Tuple	6816
List	48296
Generator	25384
Any	48
Union	80
Iterator	17856
Item	1360
242.670055
.0	56
x	72
__spec__	112
combinations	856
Tuple	6816
List	48296
Generator	25384
Any	48
Union	80
Iterator	17856
Item	1360
242.958659
.0	1856
x	72
__spec__	112
combinations	856
Tuple	6816
List	48296
Generator	25384
Any	48
Union	80
Iterator	17856
Item	1360
243.244633
.0	3152
x	72
__spec__	112
combinations	856
Tuple	6816
List	48296
Generator	25384
Any	48
Union	80
Iterator	17856
Item	1360
243.540403
.0	1064
__spec__	112
combinations	856
Tuple	6816
List	48296
Generator	25384
Any	48
Union	80
Iterator	17856
Item	1360
243.823780
.0	2720
x	72
__spec__	112
combinations	856
Tuple	6816
List	48296
Generator	25384
Any	48
Union	80
Iterator	17856
Item	1360
244.112385
.0	1424
x	72
__spec__	112
combinations	856
Tuple	6816
List	48296
Generator	25384
Any	48
Union	80
Iterator	17856
Item	1360
244.393863
.0	3656
x	72
__spec__	112
combinations	856
Tuple	6816
List	48296
Generator	25384
Any	48
Union	80
Iterator	17856
Item	1360
248.315022
.0	128
x	72
__spec__	112
combinations	856
Tuple	6816
List	48296
Generator	25384
Any	48
Union	80
Iterator	17856
Item	1360
248.592123
.0	2144
x	72
__spec__	112
combinations	856
Tuple	6816
List	48296
Generator	25384
Any	48
Union	80
Iterator	17856
Item	1360
248.888668
.0	3368
x	72
__spec__	112
combinations	856
Tuple	6816
List	48296
Generator	25384
Any	48
Union	80
Iterator	17856
Item	1360
249.174565
items	4928
__spec__	112
combinations	856
Tuple	6816
List	48296
Generator	25384
Any	48
Union	80
Iterator	17856
Item	1360
249.460717
.0	2864
x	72
__spec__	112
combinations	856
Tuple	6816
List	48296
Generator	25384
Any	48
Union	80
Iterator	17856
Item	1360
249.743772
.0	488
x	72
__spec__	112
combinations	856
Tuple	6816
List	48296
Generator	25384
Any	48
Union	80
Iterator	17856
Item	1360
250.033426
.0	3656
__spec__	112
combinations	856
Tuple	6816
List	48296
Generator	25384
Any	48
Union	80
Iterator	17856
Item	1360
250.316810
.0	488
x	72
__spec__	112
combinations	856
Tuple	6816
List	48296
Generator	25384
Any	48
Union	80
Iterator	17856
Item	1360
250.598735
.0	2144
x	72
__spec__	112
combinations	856
Tuple	6816
List	48296
Generator	25384
Any	48
Union	80
Iterator	17856
Item	1360
250.874778
.0	2216
x	72
__spec__	112
combinations	856
Tuple	6816
List	48296
Generator	25384
Any	48
Union	80
Iterator	17856
Item	1360
251.159828
.0	3152
x	72
__spec__	112
combinations	856
Tuple	6816
List	48296
Generator	25384
Any	48
Union	80
Iterator	17856
Item	1360
251.442428
.0	416
x	72
__spec__	112
combinations	856
Tuple	6816
List	48296
Generator	25384
Any	48
Union	80
Iterator	17856
Item	1360
251.728657
items	6288
cache	92066088
head	72
__spec__	112
combinations	856
Tuple	6816
List	48296
Generator	25384
Any	48
Union	80
Iterator	17856
Item	1360
256.001635
.0	2072
x	72
__spec__	112
combinations	856
Tuple	6816
List	48296
Generator	25384
Any	48
Union	80
Iterator	17856
Item	1360
256.288514
.0	704
x	72
__spec__	112
combinations	856
Tuple	6816
List	48296
Generator	25384
Any	48
Union	80
Iterator	17856
Item	1360
256.561339
.0	4664
__spec__	112
combinations	856
Tuple	6816
List	48296
Generator	25384
Any	48
Union	80
Iterator	17856
Item	1360
256.852469
.0	2288
x	72
__spec__	112
combinations	856
Tuple	6816
List	48296
Generator	25384
Any	48
Union	80
Iterator	17856
Item	1360
257.132574
.0	632
x	72
__spec__	112
combinations	856
Tuple	6816
List	48296
Generator	25384
Any	48
Union	80
Iterator	17856
Item	1360
257.404139
.0	776
x	72
__spec__	112
combinations	856
Tuple	6816
List	48296
Generator	25384
Any	48
Union	80
Iterator	17856
Item	1360
257.677329
.0	2936
x	72
__spec__	112
combinations	856
Tuple	6816
List	48296
Generator	25384
Any	48
Union	80
Iterator	17856
Item	1360
257.962225
.0	200
x	72
__spec__	112
combinations	856
Tuple	6816
List	48296
Generator	25384
Any	48
Union	80
Iterator	17856
Item	1360
258.241489
.0	3656
x	72
__spec__	112
combinations	856
Tuple	6816
List	48296
Generator	25384
Any	48
Union	80
Iterator	17856
Item	1360
258.514766
.0	4088
x	72
__spec__	112
combinations	856
Tuple	6816
List	48296
Generator	25384
Any	48
Union	80
Iterator	17856
Item	1360
258.795325
.0	488
x	72
__spec__	112
combinations	856
Tuple	6816
List	48296
Generator	25384
Any	48
Union	80
Iterator	17856
Item	1360
259.074743
.0	5024
x	72
__spec__	112
combinations	856
Tuple	6816
List	48296
Generator	25384
Any	48
Union	80
Iterator	17856
Item	1360
259.346593
items	29328
cache	95203096
__spec__	112
combinations	856
Tuple	6816
List	48296
Generator	25384
Any	48
Union	80
Iterator	17856
Item	1360
264.040749
.0	1280
x	72
__spec__	112
combinations	856
Tuple	6816
List	48296
Generator	25384
Any	48
Union	80
Iterator	17856
Item	1360
264.321546
.0	2000
x	72
__spec__	112
combinations	856
Tuple	6816
List	48296
Generator	25384
Any	48
Union	80
Iterator	17856
Item	1360
264.595451
.0	2936
x	72
__spec__	112
combinations	856
Tuple	6816
List	48296
Generator	25384
Any	48
Union	80
Iterator	17856
Item	1360
264.868699
.0	1352
x	72
__spec__	112
combinations	856
Tuple	6816
List	48296
Generator	25384
Any	48
Union	80
Iterator	17856
Item	1360
265.140655
.0	3152
x	72
__spec__	112
combinations	856
Tuple	6816
List	48296
Generator	25384
Any	48
Union	80
Iterator	17856
Item	1360
265.422733
.0	4376
x	72
__spec__	112
combinations	856
Tuple	6816
List	48296
Generator	25384
Any	48
Union	80
Iterator	17856
Item	1360
265.704377
.0	2432
x	72
__spec__	112
combinations	856
Tuple	6816
List	48296
Generator	25384
Any	48
Union	80
Iterator	17856
Item	1360
265.975600
.0	1784
x	72
__spec__	112
combinations	856
Tuple	6816
List	48296
Generator	25384
Any	48
Union	80
Iterator	17856
Item	1360
266.249519
.0	2144
x	72
__spec__	112
combinations	856
Tuple	6816
List	48296
Generator	25384
Any	48
Union	80
Iterator	17856
Item	1360
266.527152
.0	1352
x	72
__spec__	112
combinations	856
Tuple	6816
List	48296
Generator	25384
Any	48
Union	80
Iterator	17856
Item	1360
266.798579
.0	3440
x	72
__spec__	112
combinations	856
Tuple	6816
List	48296
Generator	25384
Any	48
Union	80
Iterator	17856
Item	1360
267.072461
.0	272
x	72
__spec__	112
combinations	856
Tuple	6816
List	48296
Generator	25384
Any	48
Union	80
Iterator	17856
Item	1360
267.343914
.0	2288
x	72
__spec__	112
combinations	856
Tuple	6816
List	48296
Generator	25384
Any	48
Union	80
Iterator	17856
Item	1360
267.618824
.0	3440
x	72
__spec__	112
combinations	856
Tuple	6816
List	48296
Generator	25384
Any	48
Union	80
Iterator	17856
Item	1360
267.887078
.0	3728
x	72
__spec__	112
combinations	856
Tuple	6816
List	48296
Generator	25384
Any	48
Union	80
Iterator	17856
Item	1360
268.158374
.0	2144
x	72
__spec__	112
combinations	856
Tuple	6816
List	48296
Generator	25384
Any	48
Union	80
Iterator	17856
Item	1360
268.435361
.0	3440
x	72
__spec__	112
combinations	856
Tuple	6816
List	48296
Generator	25384
Any	48
Union	80
Iterator	17856
Item	1360
268.707566
.0	4160
x	72
__spec__	112
combinations	856
Tuple	6816
List	48296
Generator	25384
Any	48
Union	80
Iterator	17856
Item	1360
268.980614
.0	3440
x	72
__spec__	112
combinations	856
Tuple	6816
List	48296
Generator	25384
Any	48
Union	80
Iterator	17856
Item	1360
269.256821
.0	344
x	72
__spec__	112
combinations	856
Tuple	6816
List	48296
Generator	25384
Any	48
Union	80
Iterator	17856
Item	1360
269.530548
.0	1136
x	72
__spec__	112
combinations	856
Tuple	6816
List	48296
Generator	25384
Any	48
Union	80
Iterator	17856
Item	1360
269.801946
items	11968
cache	100805616
__spec__	112
combinations	856
Tuple	6816
List	48296
Generator	25384
Any	48
Union	80
Iterator	17856
Item	1360
275.280837
.0	5744
x	72
__spec__	112
combinations	856
Tuple	6816
List	48296
Generator	25384
Any	48
Union	80
Iterator	17856
Item	1360
275.553519
.0	5384
x	72
__spec__	112
combinations	856
Tuple	6816
List	48296
Generator	25384
Any	48
Union	80
Iterator	17856
Item	1360
275.817920
.0	1352
x	72
__spec__	112
combinations	856
Tuple	6816
List	48296
Generator	25384
Any	48
Union	80
Iterator	17856
Item	1360
276.089441
.0	3800
x	72
__spec__	112
combinations	856
Tuple	6816
List	48296
Generator	25384
Any	48
Union	80
Iterator	17856
Item	1360
276.359064
.0	1136
x	72
__spec__	112
combinations	856
Tuple	6816
List	48296
Generator	25384
Any	48
Union	80
Iterator	17856
Item	1360
276.575963
__annotations__	240
Callable	6032
Union	80
List	48296
Item	1360
