0.000071
__annotations__	240
Callable	6032
Union	80
List	48296
Item	1360
5.043559
items	80048
best_value	5120
__spec__	112
Tuple	6816
Item	1360
Knapsack	1272
5.414211
items	80048
best_value	5120
__spec__	112
Tuple	6816
Item	1360
Knapsack	1272
5.790019
items	80048
best_value	5120
__spec__	112
Tuple	6816
Item	1360
Knapsack	1272
6.203099
items	80048
best_value	5120
__spec__	112
Tuple	6816
Item	1360
Knapsack	1272
6.574259
items	80048
best_value	5120
__spec__	112
Tuple	6816
Item	1360
Knapsack	1272
6.958741
items	80048
best_value	5120
__spec__	112
Tuple	6816
Item	1360
Knapsack	1272
7.335424
items	80048
best_value	5120
__spec__	112
Tuple	6816
Item	1360
Knapsack	1272
7.715939
items	80048
best_value	5120
__spec__	112
Tuple	6816
Item	1360
Knapsack	1272
8.096017
items	80048
best_value	5120
__spec__	112
Tuple	6816
Item	1360
Knapsack	1272
8.472250
items	80048
best_value	5120
__spec__	112
Tuple	6816
Item	1360
Knapsack	1272
8.853430
items	80048
best_value	5120
__spec__	112
Tuple	6816
Item	1360
Knapsack	1272
9.273453
items	80048
best_value	5120
__spec__	112
Tuple	6816
Item	1360
Knapsack	1272
9.671563
items	80048
best_value	5120
__spec__	112
Tuple	6816
Item	1360
Knapsack	1272
10.071310
items	80048
best_value	5120
__spec__	112
Tuple	6816
Item	1360
Knapsack	1272
10.457037
items	80048
best_value	5120
__spec__	112
Tuple	6816
Item	1360
Knapsack	1272
10.843659
items	80048
best_value	5120
__spec__	112
Tuple	6816
Item	1360
Knapsack	1272
11.213578
items	80048
best_value	5120
__spec__	112
Tuple	6816
Item	1360
Knapsack	1272
11.581928
items	80048
best_value	5120
__spec__	112
Tuple	6816
Item	1360
Knapsack	1272
11.955990
items	80048
best_value	5120
__spec__	112
Tuple	6816
Item	1360
Knapsack	1272
12.320888
items	80048
best_value	5120
__spec__	112
Tuple	6816
Item	1360
Knapsack	1272
12.692591
items	80048
best_value	5120
__spec__	112
Tuple	6816
Item	1360
Knapsack	1272
13.077661
items	80048
best_value	5120
__spec__	112
Tuple	6816
Item	1360
Knapsack	1272
13.455036
items	80048
best_value	5120
__spec__	112
Tuple	6816
Item	1360
Knapsack	1272
13.837588
items	80048
best_value	5120
__spec__	112
Tuple	6816
Item	1360
Knapsack	1272
14.240071
items	80048
best_value	5120
__spec__	112
Tuple	6816
Item	1360
Knapsack	1272
14.624273
items	80048
best_value	5120
__spec__	112
Tuple	6816
Item	1360
Knapsack	1272
15.121891
items	80048
best_value	5120
__spec__	112
Tuple	6816
Item	1360
Knapsack	1272
15.552875
items	80048
best_value	5120
__spec__	112
Tuple	6816
Item	1360
Knapsack	1272
15.957070
items	80048
best_value	5120
__spec__	112
Tuple	6816
Item	1360
Knapsack	1272
16.347047
items	80048
best_value	5120
__spec__	112
Tuple	6816
Item	1360
Knapsack	1272
16.734499
items	80048
best_value	5120
__spec__	112
Tuple	6816
Item	1360
Knapsack	1272
17.123838
items	80048
best_value	5120
__spec__	112
Tuple	6816
Item	1360
Knapsack	1272
17.195510
__annotations__	240
Callable	6032
Union	80
List	48296
Item	1360
