0.000090
__annotations__	240
Callable	6032
Union	80
List	48296
Item	1360
4.384434
items	160048
best_value	5120
__spec__	112
Tuple	6816
Item	1360
Knapsack	1272
4.766176
items	160048
best_value	5120
__spec__	112
Tuple	6816
Item	1360
Knapsack	1272
5.152645
items	160048
best_value	5120
__spec__	112
Tuple	6816
Item	1360
Knapsack	1272
5.534933
items	160048
best_value	5120
__spec__	112
Tuple	6816
Item	1360
Knapsack	1272
5.912135
items	160048
best_value	5120
__spec__	112
Tuple	6816
Item	1360
Knapsack	1272
6.311490
items	160048
best_value	5120
__spec__	112
Tuple	6816
Item	1360
Knapsack	1272
6.679446
items	160048
best_value	5120
__spec__	112
Tuple	6816
Item	1360
Knapsack	1272
7.048433
items	160048
best_value	5120
__spec__	112
Tuple	6816
Item	1360
Knapsack	1272
7.427077
items	160048
best_value	5120
__spec__	112
Tuple	6816
Item	1360
Knapsack	1272
7.810270
items	160048
best_value	5120
__spec__	112
Tuple	6816
Item	1360
Knapsack	1272
8.190307
items	160048
best_value	5120
__spec__	112
Tuple	6816
Item	1360
Knapsack	1272
8.598630
items	160048
best_value	5120
__spec__	112
Tuple	6816
Item	1360
Knapsack	1272
8.981180
items	160048
best_value	5120
__spec__	112
Tuple	6816
Item	1360
Knapsack	1272
9.373891
items	160048
best_value	5120
__spec__	112
Tuple	6816
Item	1360
Knapsack	1272
9.767202
items	160048
best_value	5120
__spec__	112
Tuple	6816
Item	1360
Knapsack	1272
10.161166
items	160048
best_value	5120
__spec__	112
Tuple	6816
Item	1360
Knapsack	1272
10.556913
items	160048
best_value	5120
__spec__	112
Tuple	6816
Item	1360
Knapsack	1272
10.951933
items	160048
best_value	5120
__spec__	112
Tuple	6816
Item	1360
Knapsack	1272
11.347457
items	160048
best_value	5120
__spec__	112
Tuple	6816
Item	1360
Knapsack	1272
11.743454
items	160048
best_value	5120
__spec__	112
Tuple	6816
Item	1360
Knapsack	1272
12.141065
items	160048
best_value	5120
__spec__	112
Tuple	6816
Item	1360
Knapsack	1272
12.541646
items	160048
best_value	5120
__spec__	112
Tuple	6816
Item	1360
Knapsack	1272
13.004405
items	160048
best_value	5120
__spec__	112
Tuple	6816
Item	1360
Knapsack	1272
13.398041
items	160048
best_value	5120
__spec__	112
Tuple	6816
Item	1360
Knapsack	1272
13.790986
items	160048
best_value	5120
__spec__	112
Tuple	6816
Item	1360
Knapsack	1272
14.177509
items	160048
best_value	5120
__spec__	112
Tuple	6816
Item	1360
Knapsack	1272
14.694969
items	160048
best_value	5120
__spec__	112
Tuple	6816
Item	1360
Knapsack	1272
15.078135
items	160048
best_value	5120
__spec__	112
Tuple	6816
Item	1360
Knapsack	1272
15.468751
items	160048
best_value	5120
__spec__	112
Tuple	6816
Item	1360
Knapsack	1272
15.856572
items	160048
best_value	5120
__spec__	112
Tuple	6816
Item	1360
Knapsack	1272
16.239744
items	160048
best_value	5120
__spec__	112
Tuple	6816
Item	1360
Knapsack	1272
16.623293
items	160048
best_value	5120
__spec__	112
Tuple	6816
Item	1360
Knapsack	1272
17.005857
items	160048
best_value	5120
__spec__	112
Tuple	6816
Item	1360
Knapsack	1272
17.396815
items	160048
best_value	5120
__spec__	112
Tuple	6816
Item	1360
Knapsack	1272
17.791176
items	160048
best_value	5120
__spec__	112
Tuple	6816
Item	1360
Knapsack	1272
18.187410
items	160048
best_value	5120
__spec__	112
Tuple	6816
Item	1360
Knapsack	1272
18.585289
items	160048
best_value	5120
__spec__	112
Tuple	6816
Item	1360
Knapsack	1272
18.984199
items	160048
best_value	5120
__spec__	112
Tuple	6816
Item	1360
Knapsack	1272
19.381646
items	160048
best_value	5120
__spec__	112
Tuple	6816
Item	1360
Knapsack	1272
19.780071
items	160048
best_value	5120
__spec__	112
Tuple	6816
Item	1360
Knapsack	1272
20.178287
items	160048
best_value	5120
__spec__	112
Tuple	6816
Item	1360
Knapsack	1272
20.577747
items	160048
best_value	5120
__spec__	112
Tuple	6816
Item	1360
Knapsack	1272
20.976925
items	160048
best_value	5120
__spec__	112
Tuple	6816
Item	1360
Knapsack	1272
21.378761
items	160048
best_value	5120
__spec__	112
Tuple	6816
Item	1360
Knapsack	1272
21.907402
items	160048
best_value	5120
__spec__	112
Tuple	6816
Item	1360
Knapsack	1272
22.287065
items	160048
best_value	5120
__spec__	112
Tuple	6816
Item	1360
Knapsack	1272
22.668272
items	160048
best_value	5120
__spec__	112
Tuple	6816
Item	1360
Knapsack	1272
23.047611
items	160048
best_value	5120
__spec__	112
Tuple	6816
Item	1360
Knapsack	1272
23.427191
items	160048
best_value	5120
__spec__	112
Tuple	6816
Item	1360
Knapsack	1272
23.806099
items	160048
best_value	5120
__spec__	112
Tuple	6816
Item	1360
Knapsack	1272
24.186363
items	160048
best_value	5120
__spec__	112
Tuple	6816
Item	1360
Knapsack	1272
24.815358
items	160048
best_value	5120
__spec__	112
Tuple	6816
Item	1360
Knapsack	1272
25.196659
items	160048
best_value	5120
__spec__	112
Tuple	6816
Item	1360
Knapsack	1272
25.578313
items	160048
best_value	5120
__spec__	112
Tuple	6816
Item	1360
Knapsack	1272
25.960610
items	160048
best_value	5120
__spec__	112
Tuple	6816
Item	1360
Knapsack	1272
26.340836
items	160048
best_value	5120
__spec__	112
Tuple	6816
Item	1360
Knapsack	1272
26.721501
items	160048
best_value	5120
__spec__	112
Tuple	6816
Item	1360
Knapsack	1272
27.101842
items	160048
best_value	5120
__spec__	112
Tuple	6816
Item	1360
Knapsack	1272
27.484281
items	160048
best_value	5120
__spec__	112
Tuple	6816
Item	1360
Knapsack	1272
27.865067
items	160048
best_value	5120
__spec__	112
Tuple	6816
Item	1360
Knapsack	1272
28.246140
items	160048
best_value	5120
__spec__	112
Tuple	6816
Item	1360
Knapsack	1272
28.629277
items	160048
best_value	5120
__spec__	112
Tuple	6816
Item	1360
Knapsack	1272
29.008505
items	160048
best_value	5120
__spec__	112
Tuple	6816
Item	1360
Knapsack	1272
29.390161
items	160048
best_value	5120
__spec__	112
Tuple	6816
Item	1360
Knapsack	1272
29.764715
items	160048
f	32176632
__spec__	112
combinations	856
Tuple	6816
List	48296
Generator	25384
Any	48
Union	80
Iterator	17856
Item	1360
30.144554
items	160048
f	32176632
__spec__	112
combinations	856
Tuple	6816
List	48296
Generator	25384
Any	48
Union	80
Iterator	17856
Item	1360
30.526236
items	160048
f	32176632
__spec__	112
combinations	856
Tuple	6816
List	48296
Generator	25384
Any	48
Union	80
Iterator	17856
Item	1360
30.914131
items	160048
f	32176632
__spec__	112
combinations	856
Tuple	6816
List	48296
Generator	25384
Any	48
Union	80
Iterator	17856
Item	1360
31.306704
items	160048
f	32176632
__spec__	112
combinations	856
Tuple	6816
List	48296
Generator	25384
Any	48
Union	80
Iterator	17856
Item	1360
31.699068
items	160048
f	32176632
__spec__	112
combinations	856
Tuple	6816
List	48296
Generator	25384
Any	48
Union	80
Iterator	17856
Item	1360
32.091525
items	160048
f	32176632
__spec__	112
combinations	856
Tuple	6816
List	48296
Generator	25384
Any	48
Union	80
Iterator	17856
Item	1360
32.490616
items	160048
f	32176632
__spec__	112
combinations	856
Tuple	6816
List	48296
Generator	25384
Any	48
Union	80
Iterator	17856
Item	1360
32.881577
items	160048
f	32176632
__spec__	112
combinations	856
Tuple	6816
List	48296
Generator	25384
Any	48
Union	80
Iterator	17856
Item	1360
33.273692
items	160048
f	32176632
__spec__	112
combinations	856
Tuple	6816
List	48296
Generator	25384
Any	48
Union	80
Iterator	17856
Item	1360
33.665660
items	160048
f	32176632
__spec__	112
combinations	856
Tuple	6816
List	48296
Generator	25384
Any	48
Union	80
Iterator	17856
Item	1360
34.057243
items	160048
f	32176632
__spec__	112
combinations	856
Tuple	6816
List	48296
Generator	25384
Any	48
Union	80
Iterator	17856
Item	1360
34.450135
items	160048
f	32176632
__spec__	112
combinations	856
Tuple	6816
List	48296
Generator	25384
Any	48
Union	80
Iterator	17856
Item	1360
34.841589
items	160048
f	32176632
__spec__	112
combinations	856
Tuple	6816
List	48296
Generator	25384
Any	48
Union	80
Iterator	17856
Item	1360
35.233175
items	160048
f	32176632
__spec__	112
combinations	856
Tuple	6816
List	48296
Generator	25384
Any	48
Union	80
Iterator	17856
Item	1360
35.626998
items	160048
f	32176632
__spec__	112
combinations	856
Tuple	6816
List	48296
Generator	25384
Any	48
Union	80
Iterator	17856
Item	1360
36.017522
items	160048
f	32176632
__spec__	112
combinations	856
Tuple	6816
List	48296
Generator	25384
Any	48
Union	80
Iterator	17856
Item	1360
36.410190
items	160048
f	32176632
__spec__	112
combinations	856
Tuple	6816
List	48296
Generator	25384
Any	48
Union	80
Iterator	17856
Item	1360
36.803464
items	160048
f	32176632
__spec__	112
combinations	856
Tuple	6816
List	48296
Generator	25384
Any	48
Union	80
Iterator	17856
Item	1360
37.212677
items	160048
f	32176632
__spec__	112
combinations	856
Tuple	6816
List	48296
Generator	25384
Any	48
Union	80
Iterator	17856
Item	1360
37.605246
items	160048
f	32176632
__spec__	112
combinations	856
Tuple	6816
List	48296
Generator	25384
Any	48
Union	80
Iterator	17856
Item	1360
37.997447
items	160048
f	32176632
__spec__	112
combinations	856
Tuple	6816
List	48296
Generator	25384
Any	48
Union	80
Iterator	17856
Item	1360
38.391859
items	160048
f	32176632
__spec__	112
combinations	856
Tuple	6816
List	48296
Generator	25384
Any	48
Union	80
Iterator	17856
Item	1360
38.784043
items	160048
f	32176632
__spec__	112
combinations	856
Tuple	6816
List	48296
Generator	25384
Any	48
Union	80
Iterator	17856
Item	1360
38.931502
__annotations__	240
Callable	6032
Union	80
List	48296
Item	1360
