0.000075
__annotations__	240
Callable	6032
Union	80
List	48296
Item	1360
4.099748
items	80048
best_value	5120
__spec__	112
Tuple	6816
Item	1360
Knapsack	1272
4.490531
items	80048
best_value	5120
__spec__	112
Tuple	6816
Item	1360
Knapsack	1272
4.887170
items	80048
best_value	5120
__spec__	112
Tuple	6816
Item	1360
Knapsack	1272
5.279190
items	80048
best_value	5120
__spec__	112
Tuple	6816
Item	1360
Knapsack	1272
5.678381
items	80048
best_value	5120
__spec__	112
Tuple	6816
Item	1360
Knapsack	1272
6.088208
items	80048
best_value	5120
__spec__	112
Tuple	6816
Item	1360
Knapsack	1272
6.487529
items	80048
best_value	5120
__spec__	112
Tuple	6816
Item	1360
Knapsack	1272
6.890769
items	80048
best_value	5120
__spec__	112
Tuple	6816
Item	1360
Knapsack	1272
7.293411
items	80048
best_value	5120
__spec__	112
Tuple	6816
Item	1360
Knapsack	1272
7.691823
items	80048
best_value	5120
__spec__	112
Tuple	6816
Item	1360
Knapsack	1272
8.092706
items	80048
best_value	5120
__spec__	112
Tuple	6816
Item	1360
Knapsack	1272
8.528721
items	80048
best_value	5120
__spec__	112
Tuple	6816
Item	1360
Knapsack	1272
8.930835
items	80048
best_value	5120
__spec__	112
Tuple	6816
Item	1360
Knapsack	1272
9.337228
items	80048
best_value	5120
__spec__	112
Tuple	6816
Item	1360
Knapsack	1272
9.741375
items	80048
best_value	5120
__spec__	112
Tuple	6816
Item	1360
Knapsack	1272
10.157421
items	80048
best_value	5120
__spec__	112
Tuple	6816
Item	1360
Knapsack	1272
10.544875
items	80048
table	8089096
__spec__	112
combinations	856
Tuple	6816
List	48296
Generator	25384
Any	48
Union	80
Iterator	17856
Item	1360
10.929586
items	80048
table	8089096
__spec__	112
combinations	856
Tuple	6816
List	48296
Generator	25384
Any	48
Union	80
Iterator	17856
Item	1360
11.312766
items	80048
table	8089096
__spec__	112
combinations	856
Tuple	6816
List	48296
Generator	25384
Any	48
Union	80
Iterator	17856
Item	1360
11.694383
items	80048
table	8089096
__spec__	112
combinations	856
Tuple	6816
List	48296
Generator	25384
Any	48
Union	80
Iterator	17856
Item	1360
12.083766
items	80048
table	8089096
__spec__	112
combinations	856
Tuple	6816
List	48296
Generator	25384
Any	48
Union	80
Iterator	17856
Item	1360
12.475376
items	80048
table	8089096
__spec__	112
combinations	856
Tuple	6816
List	48296
Generator	25384
Any	48
Union	80
Iterator	17856
Item	1360
12.865355
items	80048
table	8089096
__spec__	112
combinations	856
Tuple	6816
List	48296
Generator	25384
Any	48
Union	80
Iterator	17856
Item	1360
13.256472
items	80048
table	8089096
__spec__	112
combinations	856
Tuple	6816
List	48296
Generator	25384
Any	48
Union	80
Iterator	17856
Item	1360
13.311639
__annotations__	240
Callable	6032
Union	80
List	48296
Item	1360
