0.000081
__annotations__	240
Callable	6032
Union	80
List	48296
Item	1360
4.662041
items	40048
best_value	5120
__spec__	112
Tuple	6816
Item	1360
Knapsack	1272
5.055272
items	40048
best_value	5120
__spec__	112
Tuple	6816
Item	1360
Knapsack	1272
5.451729
items	40048
best_value	5120
__spec__	112
Tuple	6816
Item	1360
Knapsack	1272
5.861055
items	40048
best_value	5120
__spec__	112
Tuple	6816
Item	1360
Knapsack	1272
6.297790
items	40048
best_value	5120
__spec__	112
Tuple	6816
Item	1360
Knapsack	1272
6.700976
items	40048
best_value	5120
__spec__	112
Tuple	6816
Item	1360
Knapsack	1272
7.124009
items	40048
best_value	5120
__spec__	112
Tuple	6816
Item	1360
Knapsack	1272
7.539640
items	40048
best_value	5120
__spec__	112
Tuple	6816
Item	1360
Knapsack	1272
7.586860
__annotations__	240
Callable	6032
Union	80
List	48296
Item	1360
